2023-10-05 10:12:10,310 [INFO] Activator:176 - 


2023-10-05 10:12:10,317 [INFO] Activator:177 - !SESSION log4j initialized
2023-10-05 10:12:14,256 [ERROR] LogOutputStream:75 - [STDERR_REDIRECT] 
2023-10-05 10:12:14,994 [INFO] LogOutputStream:77 - [STDOUT_REDIRECT] 
2023-10-05 10:12:16,810 [INFO] LogOutputStream:77 - [STDOUT_REDIRECT] 
2023-10-05 10:12:17,673 [INFO] ApplicationProperties:184 - Using Application install path: /Applications/STM32CubeIDE.app/Contents/Eclipse/plugins/com.st.stm32cube.common.mx_6.9.0.202307051724
2023-10-05 10:12:17,689 [INFO] DbMcusXml:78 - Set database path to: /Applications/STM32CubeIDE.app/Contents/Eclipse/plugins/com.st.stm32cube.common.mx_6.9.0.202307051724//db//mcu/
2023-10-05 10:12:17,690 [INFO] ApiDb:274 - Set plugin database path to: /Applications/STM32CubeIDE.app/Contents/Eclipse/plugins/com.st.stm32cube.common.mx_6.9.0.202307051724//db//plugins/boardmanager/
2023-10-05 10:12:17,690 [WARN] ApiDb:259 - Overriding images path with different value:  => /Applications/STM32CubeIDE.app/Contents/Eclipse/plugins/com.st.stm32cube.common.mx_6.9.0.202307051724//db//plugins/mcufinder/images/
2023-10-05 10:12:17,702 [INFO] ApiDb:250 - Set database path to: /Users/gilbertomartins/.stmcufinder/plugins/mcufinder//mcu/
2023-10-05 10:12:17,703 [INFO] DbMcusAds:125 - Set database path to: /Users/gilbertomartins/.stmcufinder/plugins/mcufinder//mcu/
2023-10-05 10:12:17,705 [INFO] CrossReferenceDbSqlite:203 - Set database path to: /Users/gilbertomartins/.stmcufinder/plugins/mcufinder//mcu/cs/
2023-10-05 10:12:17,817 [INFO] RulesReader:64 - Compatibility file has been processed (293 Rules)
2023-10-05 10:12:17,890 [INFO] DbMcusXml:78 - Set database path to: /Applications/STM32CubeIDE.app/Contents/Eclipse/plugins/com.st.stm32cube.common.mx_6.9.0.202307051724//db//mcu/
2023-10-05 10:12:17,890 [INFO] ApiDb:274 - Set plugin database path to: /Applications/STM32CubeIDE.app/Contents/Eclipse/plugins/com.st.stm32cube.common.mx_6.9.0.202307051724//db//plugins/boardmanager/
2023-10-05 10:12:17,890 [INFO] ApiDb:261 - Set plugin images path to: /Applications/STM32CubeIDE.app/Contents/Eclipse/plugins/com.st.stm32cube.common.mx_6.9.0.202307051724//db//plugins/mcufinder/images/
2023-10-05 10:12:17,890 [WARN] DbFile:41 - Overriding database path with different value: /Users/gilbertomartins/.stmcufinder/plugins/mcufinder/ => /Users/gilbertomartins/.stmcufinder/plugins/mcufinder
2023-10-05 10:12:17,890 [INFO] ApiDb:250 - Set database path to: /Users/gilbertomartins/.stmcufinder/plugins/mcufinder//mcu/
2023-10-05 10:12:17,890 [WARN] DbFile:41 - Overriding database path with different value: /Users/gilbertomartins/.stmcufinder/plugins/mcufinder/ => /Users/gilbertomartins/.stmcufinder/plugins/mcufinder
2023-10-05 10:12:17,890 [INFO] DbMcusAds:125 - Set database path to: /Users/gilbertomartins/.stmcufinder/plugins/mcufinder//mcu/
2023-10-05 10:12:17,890 [WARN] DbFile:41 - Overriding database path with different value: /Users/gilbertomartins/.stmcufinder/plugins/mcufinder/ => /Users/gilbertomartins/.stmcufinder/plugins/mcufinder
2023-10-05 10:12:17,891 [WARN] DbFile:41 - Overriding database path with different value: /Users/gilbertomartins/.stmcufinder/plugins/mcufinder/ => /Users/gilbertomartins/.stmcufinder/plugins/mcufinder
2023-10-05 10:12:17,891 [INFO] CrossReferenceDbSqlite:203 - Set database path to: /Users/gilbertomartins/.stmcufinder/plugins/mcufinder//mcu/cs/
2023-10-05 10:12:17,961 [INFO] MainPanel:262 - HeapMemory: 268435456
2023-10-05 10:12:18,052 [INFO] DbMcusXml:78 - Set database path to: /Applications/STM32CubeIDE.app/Contents/Eclipse/plugins/com.st.stm32cube.common.mx_6.9.0.202307051724//db//mcu/
2023-10-05 10:12:18,052 [INFO] ApiDb:274 - Set plugin database path to: /Applications/STM32CubeIDE.app/Contents/Eclipse/plugins/com.st.stm32cube.common.mx_6.9.0.202307051724//db//plugins/boardmanager/
2023-10-05 10:12:18,053 [INFO] ApiDb:261 - Set plugin images path to: /Applications/STM32CubeIDE.app/Contents/Eclipse/plugins/com.st.stm32cube.common.mx_6.9.0.202307051724//db//plugins/mcufinder/images/
2023-10-05 10:12:18,053 [WARN] DbFile:41 - Overriding database path with different value: /Users/gilbertomartins/.stmcufinder/plugins/mcufinder/ => /Users/gilbertomartins/.stmcufinder/plugins/mcufinder
2023-10-05 10:12:18,053 [INFO] ApiDb:250 - Set database path to: /Users/gilbertomartins/.stmcufinder/plugins/mcufinder//mcu/
2023-10-05 10:12:18,054 [WARN] DbFile:41 - Overriding database path with different value: /Users/gilbertomartins/.stmcufinder/plugins/mcufinder/ => /Users/gilbertomartins/.stmcufinder/plugins/mcufinder
2023-10-05 10:12:18,054 [INFO] DbMcusAds:125 - Set database path to: /Users/gilbertomartins/.stmcufinder/plugins/mcufinder//mcu/
2023-10-05 10:12:18,054 [WARN] DbFile:41 - Overriding database path with different value: /Users/gilbertomartins/.stmcufinder/plugins/mcufinder/ => /Users/gilbertomartins/.stmcufinder/plugins/mcufinder
2023-10-05 10:12:18,054 [WARN] DbFile:41 - Overriding database path with different value: /Users/gilbertomartins/.stmcufinder/plugins/mcufinder/ => /Users/gilbertomartins/.stmcufinder/plugins/mcufinder
2023-10-05 10:12:18,054 [INFO] CrossReferenceDbSqlite:203 - Set database path to: /Users/gilbertomartins/.stmcufinder/plugins/mcufinder//mcu/cs/
2023-10-05 10:12:18,071 [INFO] ApplicationProperties:184 - Using Application install path: /Applications/STM32CubeIDE.app/Contents/Eclipse/plugins/com.st.stm32cube.common.mx_6.9.0.202307051724
2023-10-05 10:12:18,072 [INFO] PluginManage:196 - Search for loadable plugins [exclusion list=, ]
2023-10-05 10:12:18,074 [INFO] PluginManage:310 - Check plugin analytics
2023-10-05 10:12:18,236 [INFO] AnalyticsPlugin:253 - Accepted Software Licenses: 
2023-10-05 10:12:18,237 [INFO] AnalyticsPlugin:255 - Accepted CMSIS Pack Licenses: 
2023-10-05 10:12:18,237 [INFO] AnalyticsPlugin:257 - Accepted Firmware Licenses: FW.F4.1.27.0
2023-10-05 10:12:18,239 [INFO] PluginManage:359 - Loaded plugin analytics (category:tool,tabindex:-1)
2023-10-05 10:12:18,239 [INFO] PluginManage:310 - Check plugin cadmodel
2023-10-05 10:12:19,016 [INFO] CADModel:105 - Init CAD model plugin
2023-10-05 10:12:19,017 [INFO] PluginManage:359 - Loaded plugin cadmodel (category:power,tabindex:5)
2023-10-05 10:12:19,017 [INFO] PluginManage:310 - Check plugin clock
2023-10-05 10:12:19,029 [INFO] PluginManage:359 - Loaded plugin clock (category:base,tabindex:2)
2023-10-05 10:12:19,029 [INFO] PluginManage:310 - Check plugin ddr
2023-10-05 10:12:19,033 [INFO] PluginManage:359 - Loaded plugin ddr (category:tool,tabindex:6)
2023-10-05 10:12:19,033 [INFO] PluginManage:310 - Check plugin filemanager
2023-10-05 10:12:19,162 [INFO] PluginManage:359 - Loaded plugin filemanager (category:base,tabindex:10)
2023-10-05 10:12:19,162 [INFO] PluginManage:310 - Check plugin ipmanager
2023-10-05 10:12:19,170 [INFO] PluginManage:359 - Loaded plugin ipmanager (category:base,tabindex:5)
2023-10-05 10:12:19,170 [INFO] PluginManage:310 - Check plugin lpbam
2023-10-05 10:12:19,180 [INFO] PluginManage:359 - Loaded plugin lpbam (category:base,tabindex:0)
2023-10-05 10:12:19,180 [INFO] PluginManage:310 - Check plugin memorymap
2023-10-05 10:12:19,193 [INFO] PluginManage:359 - Loaded plugin memorymap (category:base,tabindex:4)
2023-10-05 10:12:19,193 [INFO] PluginManage:310 - Check plugin pinoutandconfiguration
2023-10-05 10:12:19,201 [INFO] PluginManage:359 - Loaded plugin pinoutandconfiguration (category:base,tabindex:1)
2023-10-05 10:12:19,201 [INFO] PluginManage:310 - Check plugin pinoutconfig
2023-10-05 10:12:19,294 [WARN] SupportedApi:132 - Cannot load RTOS API schema: s4s-elt-must-match.1: The content of 'definitions' must match (annotation?, (simpleType | complexType)?, (unique | key | keyref)*)). A problem was found starting at: attribute.
2023-10-05 10:12:19,433 [INFO] PluginManage:359 - Loaded plugin pinoutconfig (category:base,tabindex:0)
2023-10-05 10:12:19,433 [INFO] PluginManage:310 - Check plugin power
2023-10-05 10:12:19,447 [INFO] PluginManage:359 - Loaded plugin power (category:power,tabindex:4)
2023-10-05 10:12:19,447 [INFO] PluginManage:310 - Check plugin projectmanager
2023-10-05 10:12:19,461 [INFO] PluginManage:359 - Loaded plugin projectmanager (category:projectmanager,tabindex:3)
2023-10-05 10:12:19,461 [INFO] PluginManage:310 - Check plugin thirdparty
2023-10-05 10:12:19,573 [WARN] IntegrityCheckThread:84 - waiting for thirdparty lock release [integrity check]
2023-10-05 10:12:19,573 [INFO] PluginManage:359 - Loaded plugin thirdparty (category:base,tabindex:-1)
2023-10-05 10:12:19,574 [INFO] IntegrityCheckThread:86 - entering critical section [integrity check]
2023-10-05 10:12:19,574 [INFO] PluginManage:310 - Check plugin tools
2023-10-05 10:12:19,574 [INFO] ThirdPartyUpdaterWithRetryManager:70 - Updater plugin not ready yet. [1/15]
2023-10-05 10:12:19,576 [INFO] PluginManage:359 - Loaded plugin tools (category:base,tabindex:7)
2023-10-05 10:12:19,576 [INFO] PluginManage:310 - Check plugin tutovideos
2023-10-05 10:12:19,747 [INFO] PluginManage:359 - Loaded plugin tutovideos (category:base,tabindex:-1)
2023-10-05 10:12:19,747 [INFO] PluginManage:310 - Check plugin updater
2023-10-05 10:12:19,759 [INFO] PluginManage:359 - Loaded plugin updater (category:base,tabindex:12)
2023-10-05 10:12:19,759 [INFO] PluginManage:310 - Check plugin userauth
2023-10-05 10:12:19,764 [INFO] UserAuth:113 - Init User Auth plugin
2023-10-05 10:12:19,764 [INFO] PluginManage:359 - Loaded plugin userauth (category:base,tabindex:14)
2023-10-05 10:12:19,764 [INFO] PluginManage:283 - PluginManage : Loaded plugins [17]
2023-10-05 10:12:19,940 [INFO] PinOutPanel:1499 - setPackage(No Configuration,No Configuration)
2023-10-05 10:12:20,030 [INFO] CADModel:165 - CPN selected for project level
2023-10-05 10:12:20,030 [INFO] CADModel:114 - Register for checkConnection events
2023-10-05 10:12:20,042 [INFO] IPUIPlugin:80 - create IPUIPlugin
2023-10-05 10:12:20,042 [INFO] PluginManager:220 - loadIPPluginJar : add mdma
2023-10-05 10:12:20,049 [INFO] IPUIPlugin:80 - create IPUIPlugin
2023-10-05 10:12:20,050 [INFO] PluginManager:220 - loadIPPluginJar : add freertos
2023-10-05 10:12:20,054 [INFO] IPUIPlugin:80 - create IPUIPlugin
2023-10-05 10:12:20,054 [INFO] PluginManager:220 - loadIPPluginJar : add gic
2023-10-05 10:12:20,063 [INFO] IPUIPlugin:80 - create IPUIPlugin
2023-10-05 10:12:20,063 [INFO] PluginManager:220 - loadIPPluginJar : add adc
2023-10-05 10:12:20,066 [INFO] IPUIPlugin:80 - create IPUIPlugin
2023-10-05 10:12:20,066 [INFO] PluginManager:220 - loadIPPluginJar : add gtzc
2023-10-05 10:12:20,067 [INFO] IPUIPlugin:80 - create IPUIPlugin
2023-10-05 10:12:20,067 [INFO] PluginManager:220 - loadIPPluginJar : add quadspi
2023-10-05 10:12:20,069 [INFO] IPUIPlugin:80 - create IPUIPlugin
2023-10-05 10:12:20,069 [INFO] PluginManager:220 - loadIPPluginJar : add aes
2023-10-05 10:12:20,073 [INFO] IPUIPlugin:80 - create IPUIPlugin
2023-10-05 10:12:20,073 [INFO] PluginManager:220 - loadIPPluginJar : add pdm2pcm
2023-10-05 10:12:20,075 [INFO] IPUIPlugin:80 - create IPUIPlugin
2023-10-05 10:12:20,075 [INFO] PluginManager:220 - loadIPPluginJar : add hash
2023-10-05 10:12:20,076 [INFO] IPUIPlugin:80 - create IPUIPlugin
2023-10-05 10:12:20,077 [INFO] PluginManager:220 - loadIPPluginJar : add tim
2023-10-05 10:12:20,078 [INFO] IPUIPlugin:80 - create IPUIPlugin
2023-10-05 10:12:20,078 [INFO] PluginManager:220 - loadIPPluginJar : add tsc
2023-10-05 10:12:20,080 [INFO] IPUIPlugin:80 - create IPUIPlugin
2023-10-05 10:12:20,080 [INFO] PluginManager:220 - loadIPPluginJar : add ts
2023-10-05 10:12:20,083 [INFO] IPUIPlugin:80 - create IPUIPlugin
2023-10-05 10:12:20,083 [INFO] PluginManager:220 - loadIPPluginJar : add can
2023-10-05 10:12:20,085 [INFO] IPUIPlugin:80 - create IPUIPlugin
2023-10-05 10:12:20,085 [INFO] PluginManager:220 - loadIPPluginJar : add dma3
2023-10-05 10:12:20,087 [INFO] IPUIPlugin:80 - create IPUIPlugin
2023-10-05 10:12:20,087 [INFO] PluginManager:220 - loadIPPluginJar : add dfsdm
2023-10-05 10:12:20,089 [INFO] IPUIPlugin:80 - create IPUIPlugin
2023-10-05 10:12:20,089 [INFO] PluginManager:220 - loadIPPluginJar : add spi
2023-10-05 10:12:20,091 [INFO] IPUIPlugin:80 - create IPUIPlugin
2023-10-05 10:12:20,091 [INFO] PluginManager:220 - loadIPPluginJar : add gfxmmu
2023-10-05 10:12:20,093 [INFO] IPUIPlugin:80 - create IPUIPlugin
2023-10-05 10:12:20,093 [INFO] PluginManager:220 - loadIPPluginJar : add genericplugin
2023-10-05 10:12:20,095 [INFO] IPUIPlugin:80 - create IPUIPlugin
2023-10-05 10:12:20,095 [INFO] PluginManager:220 - loadIPPluginJar : add cryp
2023-10-05 10:12:20,099 [INFO] IPUIPlugin:80 - create IPUIPlugin
2023-10-05 10:12:20,099 [INFO] PluginManager:220 - loadIPPluginJar : add gpio
2023-10-05 10:12:20,100 [INFO] IPUIPlugin:80 - create IPUIPlugin
2023-10-05 10:12:20,101 [INFO] PluginManager:220 - loadIPPluginJar : add comp
2023-10-05 10:12:20,102 [INFO] IPUIPlugin:80 - create IPUIPlugin
2023-10-05 10:12:20,102 [INFO] PluginManager:220 - loadIPPluginJar : add tracer_emb
2023-10-05 10:12:20,105 [INFO] IPUIPlugin:80 - create IPUIPlugin
2023-10-05 10:12:20,105 [INFO] PluginManager:220 - loadIPPluginJar : add openamp
2023-10-05 10:12:20,109 [INFO] IPUIPlugin:80 - create IPUIPlugin
2023-10-05 10:12:20,109 [INFO] PluginManager:220 - loadIPPluginJar : add stm32_wpan
2023-10-05 10:12:20,114 [INFO] IPUIPlugin:80 - create IPUIPlugin
2023-10-05 10:12:20,116 [INFO] PluginManager:220 - loadIPPluginJar : add plateformsettings
2023-10-05 10:12:20,120 [INFO] IPUIPlugin:80 - create IPUIPlugin
2023-10-05 10:12:20,120 [INFO] PluginManager:220 - loadIPPluginJar : add ipddr
2023-10-05 10:12:20,122 [INFO] IPUIPlugin:80 - create IPUIPlugin
2023-10-05 10:12:20,122 [INFO] PluginManager:220 - loadIPPluginJar : add usart
2023-10-05 10:12:20,123 [INFO] IPUIPlugin:80 - create IPUIPlugin
2023-10-05 10:12:20,123 [INFO] PluginManager:220 - loadIPPluginJar : add ltdc
2023-10-05 10:12:20,126 [INFO] IPUIPlugin:80 - create IPUIPlugin
2023-10-05 10:12:20,126 [INFO] PluginManager:220 - loadIPPluginJar : add nvic
2023-10-05 10:12:20,127 [INFO] IPUIPlugin:80 - create IPUIPlugin
2023-10-05 10:12:20,127 [INFO] PluginManager:220 - loadIPPluginJar : add fatfs
2023-10-05 10:12:20,133 [INFO] IPUIPlugin:80 - create IPUIPlugin
2023-10-05 10:12:20,133 [INFO] PluginManager:220 - loadIPPluginJar : add linkedlist
2023-10-05 10:12:20,138 [INFO] IPUIPlugin:80 - create IPUIPlugin
2023-10-05 10:12:20,138 [INFO] PluginManager:220 - loadIPPluginJar : add dma
2023-10-05 10:12:20,141 [INFO] IPUIPlugin:80 - create IPUIPlugin
2023-10-05 10:12:20,141 [INFO] PluginManager:220 - loadIPPluginJar : add fmc
2023-10-05 10:12:20,143 [INFO] IPUIPlugin:80 - create IPUIPlugin
2023-10-05 10:12:20,144 [INFO] PluginManager:220 - loadIPPluginJar : add i2s
2023-10-05 10:12:20,145 [INFO] IPUIPlugin:80 - create IPUIPlugin
2023-10-05 10:12:20,145 [INFO] PluginManager:220 - loadIPPluginJar : add ucpd
2023-10-05 10:12:20,148 [INFO] IPUIPlugin:80 - create IPUIPlugin
2023-10-05 10:12:20,148 [INFO] PluginManager:220 - loadIPPluginJar : add lorawan
2023-10-05 10:12:20,150 [INFO] IPUIPlugin:80 - create IPUIPlugin
2023-10-05 10:12:20,150 [INFO] PluginManager:220 - loadIPPluginJar : add opamp
2023-10-05 10:12:20,152 [INFO] IPUIPlugin:80 - create IPUIPlugin
2023-10-05 10:12:20,152 [INFO] PluginManager:220 - loadIPPluginJar : add i3c
2023-10-05 10:12:20,155 [INFO] IPUIPlugin:80 - create IPUIPlugin
2023-10-05 10:12:20,155 [INFO] PluginManager:220 - loadIPPluginJar : add touchsensing
2023-10-05 10:12:20,157 [INFO] IPUIPlugin:80 - create IPUIPlugin
2023-10-05 10:12:20,157 [INFO] PluginManager:220 - loadIPPluginJar : add i2c
2023-10-05 10:12:20,160 [INFO] IPUIPlugin:80 - create IPUIPlugin
2023-10-05 10:12:20,160 [INFO] PluginManager:220 - loadIPPluginJar : add resmgrutility
2023-10-05 10:12:20,163 [INFO] IPUIPlugin:80 - create IPUIPlugin
2023-10-05 10:12:20,163 [INFO] PluginManager:220 - loadIPPluginJar : add sai
2023-10-05 10:12:20,166 [INFO] IPUIPlugin:80 - create IPUIPlugin
2023-10-05 10:12:20,166 [INFO] PluginManager:220 - loadIPPluginJar : add usbx
2023-10-05 10:12:20,265 [INFO] CADModel:165 - CPN selected for project level
2023-10-05 10:12:20,265 [INFO] CADModel:114 - Register for checkConnection events
2023-10-05 10:12:20,266 [FATAL] Updater:308 - Updater called before beeing initialized
2023-10-05 10:12:20,266 [ERROR] CADModel:125 - Updater not yet initialized, retry later 
2023-10-05 10:12:20,421 [INFO] CADModel:165 - CPN selected for project level
2023-10-05 10:12:20,421 [INFO] CADModel:114 - Register for checkConnection events
2023-10-05 10:12:20,422 [FATAL] Updater:308 - Updater called before beeing initialized
2023-10-05 10:12:20,422 [ERROR] CADModel:125 - Updater not yet initialized, retry later 
2023-10-05 10:12:20,425 [FATAL] Updater:308 - Updater called before beeing initialized
2023-10-05 10:12:20,496 [FATAL] Updater:308 - Updater called before beeing initialized
2023-10-05 10:12:20,501 [INFO] DbMcusAds:53 - JSON generation date=Tue Mar 07 08:50:55 WET 2023 (1678179055114)
2023-10-05 10:12:20,502 [FATAL] Updater:308 - Updater called before beeing initialized
2023-10-05 10:12:20,558 [WARN] DetailPanel:346 - Failed to get advertising image, set to default
2023-10-05 10:12:20,674 [FATAL] Updater:308 - Updater called before beeing initialized
2023-10-05 10:12:20,676 [FATAL] Updater:308 - Updater called before beeing initialized
2023-10-05 10:12:20,676 [FATAL] Updater:308 - Updater called before beeing initialized
2023-10-05 10:12:20,676 [WARN] DetailPanel:346 - Failed to get advertising image, set to default
2023-10-05 10:12:20,677 [FATAL] Updater:308 - Updater called before beeing initialized
2023-10-05 10:12:20,703 [ERROR] Updater:1120 - MainUpdater not yet initialized. External WinMGr cannot be set.
2023-10-05 10:12:20,723 [INFO] Updater:1056 - Updater Version found : 6.9.0
2023-10-05 10:12:20,740 [INFO] ApplicationProperties:184 - Using Application install path: /Applications/STM32CubeIDE.app/Contents/Eclipse/plugins/com.st.stm32cube.common.mx_6.9.0.202307051724
2023-10-05 10:12:20,915 [INFO] MainUpdater:2868 - connection check result : 10
2023-10-05 10:12:20,915 [INFO] MainUpdater:3562 - Updater definition file requires update
2023-10-05 10:12:20,916 [INFO] MainUpdater:285 - Updater Check For Update Now.
2023-10-05 10:12:20,916 [INFO] MicroXplorer:498 - Change Database Version : DB.6.0.90
2023-10-05 10:12:20,921 [INFO] McuFinderGlobals:63 - Set McuFinder mode to 2 (CubeIDE integrated)
2023-10-05 10:12:20,921 [INFO] UserAuth:179 - activating auth plugin
2023-10-05 10:12:20,923 [INFO] UserAuth:393 - Internet connection configuration mode: 1
2023-10-05 10:12:20,937 [INFO] JxBrowserEngine:151 - Initiate JxBrowser Engine with user profile folder
2023-10-05 10:12:20,979 [INFO] ServerAccessManage:473 - Download File updaters.zip
2023-10-05 10:12:21,045 [INFO] FileExtend:240 - Unzip File : updaters.zip
2023-10-05 10:12:21,046 [INFO] FileExtend:255 - Standard Zip Deflate
2023-10-05 10:12:21,261 [INFO] ServerAccessManage:473 - Download File PacksControlFlags.xml
2023-10-05 10:12:21,331 [INFO] ServerAccessManage:473 - Download File cubemx.pidx
2023-10-05 10:12:22,063 [INFO] ServerAccessManage:473 - Download File STMicroelectronics.X-CUBE-TOUCHGFX.pdsc
2023-10-05 10:12:22,578 [WARN] MainUpdater:1189 - Updater busy. Cannot search thirdparties
2023-10-05 10:12:22,603 [INFO] ThirdPartyUpdaterWithRetryManager:96 - Updater plugin is busy. [1/15]
2023-10-05 10:12:22,715 [INFO] WebApp:157 - Instantiating new browser for Auth
2023-10-05 10:12:23,806 [INFO] WebApp:753 - Register for checkConnection events
2023-10-05 10:12:23,807 [INFO] WebApp:390 - Apply proxy settings
2023-10-05 10:12:23,810 [INFO] WebApp:455 - Chromium authenticates against System proxy
2023-10-05 10:12:24,047 [INFO] WebApp:188 - Starting web application
2023-10-05 10:12:24,047 [INFO] WebApp:520 - Web application path used /Applications/STM32CubeIDE.app/Contents/Eclipse/plugins/com.st.stm32cube.common.mx_6.9.0.202307051724/db/plugins/mcufinder/reactClient1/index.html
2023-10-05 10:12:24,185 [INFO] ServerAccessManage:473 - Download File ITTIA_DB.I-CUBE-ITTIADB.pdsc
2023-10-05 10:12:25,606 [WARN] MainUpdater:1189 - Updater busy. Cannot search thirdparties
2023-10-05 10:12:25,606 [INFO] ThirdPartyUpdaterWithRetryManager:96 - Updater plugin is busy. [2/15]
2023-10-05 10:12:27,588 [WARN] PackLoader:240 - Cannot read IP mode file for STMicroelectronics.X-CUBE-TOUCHGFX.4.22.1
2023-10-05 10:12:27,602 [WARN] PackLoader:240 - Cannot read IP mode file for ITTIA_DB.I-CUBE-ITTIADB.8.8.0
2023-10-05 10:12:27,604 [INFO] PopulateThirdPartyThread:66 - Ending populate Thread
2023-10-05 10:12:27,607 [INFO] ThirdParty:1030 - CMSIS Pack Vendor :STMicroelectronics X-CUBE-TOUCHGFX 4.22.1
2023-10-05 10:12:27,607 [INFO] ThirdParty:1030 - CMSIS Pack Vendor :ITTIA_DB I-CUBE-ITTIADB 8.8.0
2023-10-05 10:12:27,608 [INFO] LoadServerUpdatesThread:373 - End of LoadServerUpdate Thread
2023-10-05 10:12:27,728 [INFO] CheckServerUpdateThread:120 - End of CheckServer Thread
2023-10-05 10:12:28,746 [WARN] PackLoader:240 - Cannot read IP mode file for STMicroelectronics.X-CUBE-SMBUS.2.1.0
2023-10-05 10:12:28,771 [WARN] PackLoader:240 - Cannot read IP mode file for STMicroelectronics.X-CUBE-AZRTOS-F7.1.1.0
2023-10-05 10:12:28,780 [ERROR] RealEvaluatedCondition:428 - Found unsupported composite condition: GROUP='STM32_MetaDataManager' CLASS='Data Exchange'
2023-10-05 10:12:28,780 [ERROR] RealEvaluatedCondition:428 - Found unsupported composite condition: CLASS='Data Exchange' GROUP='STM32_MetaDataManager'
2023-10-05 10:12:28,782 [WARN] PackLoader:240 - Cannot read IP mode file for STMicroelectronics.FP-SNS-MOTENV1.4.3.0
2023-10-05 10:12:28,790 [WARN] PackLoader:240 - Cannot read IP mode file for STMicroelectronics.FP-SNS-MOTENV1.4.3.2
2023-10-05 10:12:28,795 [WARN] PackLoader:240 - Cannot read IP mode file for STMicroelectronics.FP-SNS-FLIGHT1.5.0.0
2023-10-05 10:12:28,798 [ERROR] RealEvaluatedCondition:428 - Found unsupported composite condition: GROUP='STM32_MetaDataManager' CLASS='Data Exchange'
2023-10-05 10:12:28,798 [ERROR] RealEvaluatedCondition:428 - Found unsupported composite condition: CLASS='Data Exchange' GROUP='STM32_MetaDataManager'
2023-10-05 10:12:28,799 [WARN] PackLoader:240 - Cannot read IP mode file for STMicroelectronics.FP-SNS-MOTENV1.4.3.1
2023-10-05 10:12:28,804 [WARN] PackLoader:240 - Cannot read IP mode file for STMicroelectronics.FP-SNS-FLIGHT1.5.0.1
2023-10-05 10:12:28,811 [WARN] PackLoader:240 - Cannot read IP mode file for STMicroelectronics.X-CUBE-BLE1.6.2.4
2023-10-05 10:12:28,814 [WARN] PackLoader:240 - Cannot read IP mode file for STMicroelectronics.FP-SNS-FLIGHT1.5.0.2
2023-10-05 10:12:28,822 [WARN] PackLoader:240 - Cannot read IP mode file for STMicroelectronics.X-CUBE-DISPLAY.3.0.0
2023-10-05 10:12:28,834 [WARN] PackLoader:240 - Cannot read IP mode file for STMicroelectronics.X-CUBE-BLE1.7.0.0
2023-10-05 10:12:28,837 [WARN] PackLoader:240 - Cannot read IP mode file for STMicroelectronics.X-CUBE-TOUCHGFX.4.22.0
2023-10-05 10:12:28,840 [WARN] PackLoader:240 - Cannot read IP mode file for STMicroelectronics.X-CUBE-TOUCHGFX.4.22.1
2023-10-05 10:12:28,844 [WARN] PackLoader:240 - Cannot read IP mode file for STMicroelectronics.FP-SNS-SMARTAG2.1.2.0
2023-10-05 10:12:28,854 [INFO] LogOutputStream:77 - [STDOUT_REDIRECT] 1 : Invalid condition id : UX_CORESTACK_Condition cause : null
2023-10-05 10:12:28,855 [INFO] LogOutputStream:77 - [STDOUT_REDIRECT] 1 : Invalid condition id : UX_CORESTACK_Condition cause : null
2023-10-05 10:12:28,855 [INFO] LogOutputStream:77 - [STDOUT_REDIRECT] 1 : Invalid condition id : UX_CORESTACK_Condition cause : null
2023-10-05 10:12:28,855 [INFO] LogOutputStream:77 - [STDOUT_REDIRECT] 1 : Invalid condition id : UX_CORESTACK_Condition cause : null
2023-10-05 10:12:28,855 [INFO] LogOutputStream:77 - [STDOUT_REDIRECT] 1 : Invalid condition id : UX_CORESTACK_Condition cause : null
2023-10-05 10:12:28,860 [WARN] PackLoader:240 - Cannot read IP mode file for STMicroelectronics.X-CUBE-AZRTOS-WL.2.0.0
2023-10-05 10:12:28,873 [WARN] PackLoader:240 - Cannot read IP mode file for WES.I-CUBE-Cesium.1.3.0
2023-10-05 10:12:28,881 [WARN] PackLoader:240 - Cannot read IP mode file for STMicroelectronics.X-CUBE-BLE2.3.3.0
2023-10-05 10:12:28,894 [WARN] PackLoader:240 - Cannot read IP mode file for STMicroelectronics.X-CUBE-TOF1.3.2.0
2023-10-05 10:12:28,905 [WARN] PackLoader:240 - Cannot read IP mode file for STMicroelectronics.X-CUBE-TOUCHGFX.4.21.1
2023-10-05 10:12:28,911 [WARN] PackLoader:240 - Cannot read IP mode file for STMicroelectronics.X-CUBE-TOUCHGFX.4.21.3
2023-10-05 10:12:28,916 [WARN] PackLoader:240 - Cannot read IP mode file for STMicroelectronics.X-CUBE-TOUCHGFX.4.21.4
2023-10-05 10:12:28,922 [WARN] PackLoader:240 - Cannot read IP mode file for STMicroelectronics.X-CUBE-ALGOBUILD.1.3.0
2023-10-05 10:12:28,941 [WARN] PackLoader:240 - Cannot read IP mode file for STMicroelectronics.X-CUBE-AZRTOS-G0.1.1.0
2023-10-05 10:12:28,949 [WARN] PackLoader:240 - Cannot read IP mode file for STMicroelectronics.X-CUBE-NFC4.3.0.0
2023-10-05 10:12:28,963 [WARN] PackLoader:240 - Cannot read IP mode file for STMicroelectronics.X-CUBE-BLEMGR.1.3.0
2023-10-05 10:12:28,975 [WARN] PackLoader:240 - Cannot read IP mode file for STMicroelectronics.FP-ATR-SIGFOX1.3.2.0
2023-10-05 10:12:29,030 [WARN] PackLoader:240 - Cannot read IP mode file for STMicroelectronics.X-CUBE-MEMS1.9.5.0
2023-10-05 10:12:29,261 [WARN] PackLoader:240 - Cannot read IP mode file for SEGGER.I-CUBE-embOS.1.3.1
2023-10-05 10:12:29,351 [WARN] PackLoader:240 - Cannot read IP mode file for STMicroelectronics.X-CUBE-GNSS1.6.0.0
2023-10-05 10:12:29,368 [WARN] PackLoader:240 - Cannot read IP mode file for STMicroelectronics.X-CUBE-AZRTOS-F4.1.1.0
2023-10-05 10:12:29,388 [WARN] PackLoader:240 - Cannot read IP mode file for STMicroelectronics.X-CUBE-AZRTOS-L5.2.0.0
2023-10-05 10:12:29,467 [WARN] PackLoader:240 - Cannot read IP mode file for STMicroelectronics.X-CUBE-MEMS1.9.6.0
2023-10-05 10:12:29,710 [WARN] PackLoader:240 - Cannot read IP mode file for ITTIA_DB.I-CUBE-ITTIADB.8.8.0
2023-10-05 10:12:29,717 [WARN] PackLoader:240 - Cannot read IP mode file for emotas.I-CUBE-CANOPEN.1.1.3
2023-10-05 10:12:29,733 [WARN] PackLoader:240 - Cannot read IP mode file for STMicroelectronics.X-CUBE-BLEMGR.2.0.0
2023-10-05 10:12:29,758 [WARN] ConditionMgr:438 - getConditionDescription Invalid condition id : UX DEVICE CLASS RTOS Condition cause : null
2023-10-05 10:12:29,758 [WARN] ConditionMgr:438 - getConditionDescription Invalid condition id : UX DEVICE CLASS RTOS Condition cause : null
2023-10-05 10:12:29,770 [WARN] PackLoader:240 - Cannot read IP mode file for STMicroelectronics.X-CUBE-AZRTOS-H7.3.1.0
2023-10-05 10:12:29,772 [WARN] ConditionMgr:1039 - genDependencies : Invalid condition id : UX DEVICE CLASS RTOS Condition cause : null
2023-10-05 10:12:29,772 [WARN] ConditionMgr:1039 - genDependencies : Invalid condition id : UX DEVICE CLASS RTOS Condition cause : null
2023-10-05 10:12:29,774 [WARN] ConditionMgr:1039 - genDependencies : Invalid condition id : UX DEVICE CLASS RTOS Condition cause : null
2023-10-05 10:12:29,775 [WARN] ConditionMgr:1039 - genDependencies : Invalid condition id : UX DEVICE CLASS RTOS Condition cause : null
2023-10-05 10:12:29,776 [WARN] ConditionMgr:1039 - genDependencies : Invalid condition id : UX DEVICE CLASS RTOS Condition cause : null
2023-10-05 10:12:29,784 [WARN] PackLoader:240 - Cannot read IP mode file for wolfSSL.I-CUBE-wolfSSL.5.5.4
2023-10-05 10:12:29,793 [WARN] PackLoader:240 - Cannot read IP mode file for STMicroelectronics.X-CUBE-NFC7.1.0.1
2023-10-05 10:12:29,801 [WARN] PackLoader:240 - Cannot read IP mode file for STMicroelectronics.X-CUBE-NFC7.1.0.0
2023-10-05 10:12:29,813 [WARN] PackLoader:240 - Cannot read IP mode file for STMicroelectronics.X-CUBE-NFC6.3.0.0
2023-10-05 10:12:29,826 [WARN] PackLoader:240 - Cannot read IP mode file for STMicroelectronics.X-CUBE-EEPRMA1.4.1.0
2023-10-05 10:12:29,834 [WARN] PackLoader:240 - Cannot read IP mode file for STMicroelectronics.X-CUBE-AI.8.1.0
2023-10-05 10:12:29,880 [WARN] ConditionMgr:438 - getConditionDescription Invalid condition id : LAN8742 Phy interface Condition cause : null
2023-10-05 10:12:29,881 [WARN] PackLoader:240 - Cannot read IP mode file for STMicroelectronics.X-CUBE-AZRTOS-L4.2.0.0
2023-10-05 10:12:29,884 [WARN] ConditionMgr:1039 - genDependencies : Invalid condition id : LAN8742 Phy interface Condition cause : null
2023-10-05 10:12:29,885 [WARN] ConditionMgr:1039 - genDependencies : Invalid condition id : LAN8742 Phy interface Condition cause : null
2023-10-05 10:12:29,887 [WARN] ConditionMgr:1039 - genDependencies : Invalid condition id : LAN8742 Phy interface Condition cause : null
2023-10-05 10:12:29,907 [WARN] PackLoader:240 - Cannot read IP mode file for STMicroelectronics.X-CUBE-SFXS2LP1.4.0.0
2023-10-05 10:12:29,943 [WARN] PackLoader:240 - Cannot read IP mode file for STMicroelectronics.X-CUBE-AZRTOS-H7.3.0.0
2023-10-05 10:12:29,955 [WARN] PackLoader:240 - Cannot read IP mode file for STMicroelectronics.X-CUBE-ISPU.1.1.0
2023-10-05 10:12:29,968 [WARN] PackLoader:240 - Cannot read IP mode file for RoweBots.I-CUBE-UNISONRTOS.5.5.0-4
2023-10-05 10:12:29,975 [WARN] PackLoader:240 - Cannot read IP mode file for STMicroelectronics.X-CUBE-AI.8.0.0
2023-10-05 10:12:29,994 [WARN] ConditionMgr:438 - getConditionDescription Invalid condition id : UX DEVICE CLASS RTOS Condition cause : null
2023-10-05 10:12:29,994 [WARN] ConditionMgr:438 - getConditionDescription Invalid condition id : UX DEVICE CLASS RTOS Condition cause : null
2023-10-05 10:12:29,998 [WARN] PackLoader:240 - Cannot read IP mode file for STMicroelectronics.X-CUBE-AZRTOS-WB.2.0.0
2023-10-05 10:12:29,998 [WARN] ConditionMgr:1039 - genDependencies : Invalid condition id : UX DEVICE CLASS RTOS Condition cause : null
2023-10-05 10:12:29,998 [WARN] ConditionMgr:1039 - genDependencies : Invalid condition id : UX DEVICE CLASS RTOS Condition cause : null
2023-10-05 10:12:29,999 [WARN] ConditionMgr:1039 - genDependencies : Invalid condition id : UX DEVICE CLASS RTOS Condition cause : null
2023-10-05 10:12:29,999 [WARN] ConditionMgr:1039 - genDependencies : Invalid condition id : UX DEVICE CLASS RTOS Condition cause : null
2023-10-05 10:12:29,999 [WARN] ConditionMgr:1039 - genDependencies : Invalid condition id : UX DEVICE CLASS RTOS Condition cause : null
2023-10-05 10:12:30,010 [WARN] PackLoader:240 - Cannot read IP mode file for STMicroelectronics.X-CUBE-FREERTOS.1.0.0
2023-10-05 10:12:30,019 [WARN] PackLoader:240 - Cannot read IP mode file for STMicroelectronics.X-CUBE-FREERTOS.1.0.1
2023-10-05 10:12:30,039 [WARN] PackLoader:240 - Cannot read IP mode file for STMicroelectronics.X-CUBE-AZRTOS-L5.1.1.0
2023-10-05 10:12:30,049 [WARN] PackLoader:240 - Cannot read IP mode file for STMicroelectronics.X-CUBE-AI.8.0.1
2023-10-05 10:12:30,062 [WARN] PackLoader:240 - Cannot read IP mode file for STMicroelectronics.X-CUBE-SUBG2.5.0.0
2023-10-05 10:12:30,084 [WARN] PackLoader:240 - Cannot read IP mode file for STMicroelectronics.X-CUBE-TOF1.3.3.1
2023-10-05 10:12:30,109 [WARN] PackLoader:240 - Cannot read IP mode file for STMicroelectronics.X-CUBE-AZRTOS-G4.2.0.0
2023-10-05 10:12:30,122 [WARN] PackLoader:240 - Cannot read IP mode file for STMicroelectronics.X-CUBE-TOF1.3.3.0
2023-10-05 10:12:30,134 [WARN] PackLoader:240 - Cannot read IP mode file for STMicroelectronics.FP-ATR-ASTRA1.1.1.1
2023-10-05 10:12:30,148 [WARN] PackLoader:240 - Cannot read IP mode file for STMicroelectronics.X-CUBE-AZRTOS-G4.1.0.0
2023-10-05 10:12:30,179 [WARN] PackLoader:240 - Cannot read IP mode file for STMicroelectronics.X-CUBE-AZRTOS-L4.1.0.0
2023-10-05 10:12:30,220 [WARN] PackLoader:240 - Cannot read IP mode file for STMicroelectronics.X-CUBE-FREERTOS.1.1.0
2023-10-05 10:12:30,232 [WARN] PackLoader:240 - Cannot read IP mode file for STMicroelectronics.X-CUBE-AZRTOS-WL.1.0.0
2023-10-05 10:12:30,239 [WARN] PackLoader:240 - Cannot read IP mode file for portGmbH.I-Cube-SoM-uGOAL.1.1.0
2023-10-05 10:12:30,244 [WARN] PackLoader:240 - Cannot read IP mode file for STMicroelectronics.X-CUBE-ALS.1.0.1
2023-10-05 10:12:30,258 [WARN] PackLoader:240 - Cannot read IP mode file for STMicroelectronics.X-CUBE-AZRTOS-WB.1.1.0
2023-10-05 10:12:30,263 [WARN] PackLoader:240 - Cannot read IP mode file for STMicroelectronics.FP-ATR-ASTRA1.2.0.0
2023-10-05 10:12:30,264 [INFO] ThirdParty:978 - Integrity check success = true
2023-10-05 10:12:30,264 [INFO] IntegrityCheckThread:100 - exiting critical section [integrity check]
2023-10-05 10:12:30,264 [INFO] IntegrityCheckThread:103 - End integrity checks thread
2023-10-05 10:12:44,781 [ERROR] LogOutputStream:75 - [STDERR_REDIRECT] SLF4J: Failed to load class "org.slf4j.impl.StaticLoggerBinder".
2023-10-05 10:12:44,781 [ERROR] LogOutputStream:75 - [STDERR_REDIRECT] SLF4J: Defaulting to no-operation (NOP) logger implementation
2023-10-05 10:12:44,782 [ERROR] LogOutputStream:75 - [STDERR_REDIRECT] SLF4J: See http://www.slf4j.org/codes.html#StaticLoggerBinder for further details.
