2023-10-11 13:22:11,266 [INFO] Activator:176 - 


2023-10-11 13:22:11,275 [INFO] Activator:177 - !SESSION log4j initialized
2023-10-11 13:22:15,927 [ERROR] LogOutputStream:75 - [STDERR_REDIRECT] 
2023-10-11 13:22:16,692 [INFO] LogOutputStream:77 - [STDOUT_REDIRECT] 
2023-10-11 13:22:18,667 [INFO] LogOutputStream:77 - [STDOUT_REDIRECT] 
2023-10-11 13:22:19,614 [INFO] ApplicationProperties:184 - Using Application install path: /Applications/STM32CubeIDE.app/Contents/Eclipse/plugins/com.st.stm32cube.common.mx_6.9.0.202307051724
2023-10-11 13:22:19,640 [INFO] DbMcusXml:78 - Set database path to: /Applications/STM32CubeIDE.app/Contents/Eclipse/plugins/com.st.stm32cube.common.mx_6.9.0.202307051724//db//mcu/
2023-10-11 13:22:19,640 [INFO] ApiDb:274 - Set plugin database path to: /Applications/STM32CubeIDE.app/Contents/Eclipse/plugins/com.st.stm32cube.common.mx_6.9.0.202307051724//db//plugins/boardmanager/
2023-10-11 13:22:19,641 [WARN] ApiDb:259 - Overriding images path with different value:  => /Applications/STM32CubeIDE.app/Contents/Eclipse/plugins/com.st.stm32cube.common.mx_6.9.0.202307051724//db//plugins/mcufinder/images/
2023-10-11 13:22:19,662 [INFO] ApiDb:250 - Set database path to: /Users/gilbertomartins/.stmcufinder/plugins/mcufinder//mcu/
2023-10-11 13:22:19,664 [INFO] DbMcusAds:125 - Set database path to: /Users/gilbertomartins/.stmcufinder/plugins/mcufinder//mcu/
2023-10-11 13:22:19,667 [INFO] CrossReferenceDbSqlite:203 - Set database path to: /Users/gilbertomartins/.stmcufinder/plugins/mcufinder//mcu/cs/
2023-10-11 13:22:19,808 [INFO] RulesReader:64 - Compatibility file has been processed (293 Rules)
2023-10-11 13:22:19,908 [INFO] DbMcusXml:78 - Set database path to: /Applications/STM32CubeIDE.app/Contents/Eclipse/plugins/com.st.stm32cube.common.mx_6.9.0.202307051724//db//mcu/
2023-10-11 13:22:19,908 [INFO] ApiDb:274 - Set plugin database path to: /Applications/STM32CubeIDE.app/Contents/Eclipse/plugins/com.st.stm32cube.common.mx_6.9.0.202307051724//db//plugins/boardmanager/
2023-10-11 13:22:19,909 [INFO] ApiDb:261 - Set plugin images path to: /Applications/STM32CubeIDE.app/Contents/Eclipse/plugins/com.st.stm32cube.common.mx_6.9.0.202307051724//db//plugins/mcufinder/images/
2023-10-11 13:22:19,909 [WARN] DbFile:41 - Overriding database path with different value: /Users/gilbertomartins/.stmcufinder/plugins/mcufinder/ => /Users/gilbertomartins/.stmcufinder/plugins/mcufinder
2023-10-11 13:22:19,910 [INFO] ApiDb:250 - Set database path to: /Users/gilbertomartins/.stmcufinder/plugins/mcufinder//mcu/
2023-10-11 13:22:19,910 [WARN] DbFile:41 - Overriding database path with different value: /Users/gilbertomartins/.stmcufinder/plugins/mcufinder/ => /Users/gilbertomartins/.stmcufinder/plugins/mcufinder
2023-10-11 13:22:19,910 [INFO] DbMcusAds:125 - Set database path to: /Users/gilbertomartins/.stmcufinder/plugins/mcufinder//mcu/
2023-10-11 13:22:19,910 [WARN] DbFile:41 - Overriding database path with different value: /Users/gilbertomartins/.stmcufinder/plugins/mcufinder/ => /Users/gilbertomartins/.stmcufinder/plugins/mcufinder
2023-10-11 13:22:19,911 [WARN] DbFile:41 - Overriding database path with different value: /Users/gilbertomartins/.stmcufinder/plugins/mcufinder/ => /Users/gilbertomartins/.stmcufinder/plugins/mcufinder
2023-10-11 13:22:19,911 [INFO] CrossReferenceDbSqlite:203 - Set database path to: /Users/gilbertomartins/.stmcufinder/plugins/mcufinder//mcu/cs/
2023-10-11 13:22:20,026 [INFO] MainPanel:262 - HeapMemory: 268435456
2023-10-11 13:22:20,127 [INFO] DbMcusXml:78 - Set database path to: /Applications/STM32CubeIDE.app/Contents/Eclipse/plugins/com.st.stm32cube.common.mx_6.9.0.202307051724//db//mcu/
2023-10-11 13:22:20,128 [INFO] ApiDb:274 - Set plugin database path to: /Applications/STM32CubeIDE.app/Contents/Eclipse/plugins/com.st.stm32cube.common.mx_6.9.0.202307051724//db//plugins/boardmanager/
2023-10-11 13:22:20,128 [INFO] ApiDb:261 - Set plugin images path to: /Applications/STM32CubeIDE.app/Contents/Eclipse/plugins/com.st.stm32cube.common.mx_6.9.0.202307051724//db//plugins/mcufinder/images/
2023-10-11 13:22:20,128 [WARN] DbFile:41 - Overriding database path with different value: /Users/gilbertomartins/.stmcufinder/plugins/mcufinder/ => /Users/gilbertomartins/.stmcufinder/plugins/mcufinder
2023-10-11 13:22:20,129 [INFO] ApiDb:250 - Set database path to: /Users/gilbertomartins/.stmcufinder/plugins/mcufinder//mcu/
2023-10-11 13:22:20,129 [WARN] DbFile:41 - Overriding database path with different value: /Users/gilbertomartins/.stmcufinder/plugins/mcufinder/ => /Users/gilbertomartins/.stmcufinder/plugins/mcufinder
2023-10-11 13:22:20,129 [INFO] DbMcusAds:125 - Set database path to: /Users/gilbertomartins/.stmcufinder/plugins/mcufinder//mcu/
2023-10-11 13:22:20,129 [WARN] DbFile:41 - Overriding database path with different value: /Users/gilbertomartins/.stmcufinder/plugins/mcufinder/ => /Users/gilbertomartins/.stmcufinder/plugins/mcufinder
2023-10-11 13:22:20,129 [WARN] DbFile:41 - Overriding database path with different value: /Users/gilbertomartins/.stmcufinder/plugins/mcufinder/ => /Users/gilbertomartins/.stmcufinder/plugins/mcufinder
2023-10-11 13:22:20,129 [INFO] CrossReferenceDbSqlite:203 - Set database path to: /Users/gilbertomartins/.stmcufinder/plugins/mcufinder//mcu/cs/
2023-10-11 13:22:20,149 [INFO] ApplicationProperties:184 - Using Application install path: /Applications/STM32CubeIDE.app/Contents/Eclipse/plugins/com.st.stm32cube.common.mx_6.9.0.202307051724
2023-10-11 13:22:20,150 [INFO] PluginManage:196 - Search for loadable plugins [exclusion list=, ]
2023-10-11 13:22:20,152 [INFO] PluginManage:310 - Check plugin analytics
2023-10-11 13:22:20,376 [INFO] AnalyticsPlugin:253 - Accepted Software Licenses: 
2023-10-11 13:22:20,377 [INFO] AnalyticsPlugin:255 - Accepted CMSIS Pack Licenses: 
2023-10-11 13:22:20,377 [INFO] AnalyticsPlugin:257 - Accepted Firmware Licenses: FW.F4.1.27.0
2023-10-11 13:22:20,379 [INFO] PluginManage:359 - Loaded plugin analytics (category:tool,tabindex:-1)
2023-10-11 13:22:20,380 [INFO] PluginManage:310 - Check plugin cadmodel
2023-10-11 13:22:21,238 [INFO] CADModel:105 - Init CAD model plugin
2023-10-11 13:22:21,238 [INFO] PluginManage:359 - Loaded plugin cadmodel (category:power,tabindex:5)
2023-10-11 13:22:21,239 [INFO] PluginManage:310 - Check plugin clock
2023-10-11 13:22:21,250 [INFO] PluginManage:359 - Loaded plugin clock (category:base,tabindex:2)
2023-10-11 13:22:21,250 [INFO] PluginManage:310 - Check plugin ddr
2023-10-11 13:22:21,253 [INFO] PluginManage:359 - Loaded plugin ddr (category:tool,tabindex:6)
2023-10-11 13:22:21,254 [INFO] PluginManage:310 - Check plugin filemanager
2023-10-11 13:22:21,423 [INFO] PluginManage:359 - Loaded plugin filemanager (category:base,tabindex:10)
2023-10-11 13:22:21,423 [INFO] PluginManage:310 - Check plugin ipmanager
2023-10-11 13:22:21,432 [INFO] PluginManage:359 - Loaded plugin ipmanager (category:base,tabindex:5)
2023-10-11 13:22:21,433 [INFO] PluginManage:310 - Check plugin lpbam
2023-10-11 13:22:21,448 [INFO] PluginManage:359 - Loaded plugin lpbam (category:base,tabindex:0)
2023-10-11 13:22:21,448 [INFO] PluginManage:310 - Check plugin memorymap
2023-10-11 13:22:21,466 [INFO] PluginManage:359 - Loaded plugin memorymap (category:base,tabindex:4)
2023-10-11 13:22:21,466 [INFO] PluginManage:310 - Check plugin pinoutandconfiguration
2023-10-11 13:22:21,475 [INFO] PluginManage:359 - Loaded plugin pinoutandconfiguration (category:base,tabindex:1)
2023-10-11 13:22:21,475 [INFO] PluginManage:310 - Check plugin pinoutconfig
2023-10-11 13:22:21,574 [WARN] SupportedApi:132 - Cannot load RTOS API schema: s4s-elt-must-match.1: The content of 'definitions' must match (annotation?, (simpleType | complexType)?, (unique | key | keyref)*)). A problem was found starting at: attribute.
2023-10-11 13:22:21,757 [INFO] PluginManage:359 - Loaded plugin pinoutconfig (category:base,tabindex:0)
2023-10-11 13:22:21,757 [INFO] PluginManage:310 - Check plugin power
2023-10-11 13:22:21,770 [INFO] PluginManage:359 - Loaded plugin power (category:power,tabindex:4)
2023-10-11 13:22:21,770 [INFO] PluginManage:310 - Check plugin projectmanager
2023-10-11 13:22:21,784 [INFO] PluginManage:359 - Loaded plugin projectmanager (category:projectmanager,tabindex:3)
2023-10-11 13:22:21,784 [INFO] PluginManage:310 - Check plugin thirdparty
2023-10-11 13:22:21,952 [WARN] IntegrityCheckThread:84 - waiting for thirdparty lock release [integrity check]
2023-10-11 13:22:21,952 [INFO] PluginManage:359 - Loaded plugin thirdparty (category:base,tabindex:-1)
2023-10-11 13:22:21,952 [INFO] IntegrityCheckThread:86 - entering critical section [integrity check]
2023-10-11 13:22:21,952 [INFO] PluginManage:310 - Check plugin tools
2023-10-11 13:22:21,953 [INFO] ThirdPartyUpdaterWithRetryManager:70 - Updater plugin not ready yet. [1/15]
2023-10-11 13:22:21,957 [INFO] PluginManage:359 - Loaded plugin tools (category:base,tabindex:7)
2023-10-11 13:22:21,957 [INFO] PluginManage:310 - Check plugin tutovideos
2023-10-11 13:22:22,152 [INFO] PluginManage:359 - Loaded plugin tutovideos (category:base,tabindex:-1)
2023-10-11 13:22:22,152 [INFO] PluginManage:310 - Check plugin updater
2023-10-11 13:22:22,170 [INFO] PluginManage:359 - Loaded plugin updater (category:base,tabindex:12)
2023-10-11 13:22:22,170 [INFO] PluginManage:310 - Check plugin userauth
2023-10-11 13:22:22,177 [INFO] UserAuth:113 - Init User Auth plugin
2023-10-11 13:22:22,177 [INFO] PluginManage:359 - Loaded plugin userauth (category:base,tabindex:14)
2023-10-11 13:22:22,177 [INFO] PluginManage:283 - PluginManage : Loaded plugins [17]
2023-10-11 13:22:22,390 [INFO] PinOutPanel:1499 - setPackage(No Configuration,No Configuration)
2023-10-11 13:22:22,512 [INFO] CADModel:165 - CPN selected for project level
2023-10-11 13:22:22,513 [INFO] CADModel:114 - Register for checkConnection events
2023-10-11 13:22:22,527 [INFO] IPUIPlugin:80 - create IPUIPlugin
2023-10-11 13:22:22,528 [INFO] PluginManager:220 - loadIPPluginJar : add mdma
2023-10-11 13:22:22,535 [INFO] IPUIPlugin:80 - create IPUIPlugin
2023-10-11 13:22:22,536 [INFO] PluginManager:220 - loadIPPluginJar : add freertos
2023-10-11 13:22:22,541 [INFO] IPUIPlugin:80 - create IPUIPlugin
2023-10-11 13:22:22,541 [INFO] PluginManager:220 - loadIPPluginJar : add gic
2023-10-11 13:22:22,549 [INFO] IPUIPlugin:80 - create IPUIPlugin
2023-10-11 13:22:22,549 [INFO] PluginManager:220 - loadIPPluginJar : add adc
2023-10-11 13:22:22,552 [INFO] IPUIPlugin:80 - create IPUIPlugin
2023-10-11 13:22:22,552 [INFO] PluginManager:220 - loadIPPluginJar : add gtzc
2023-10-11 13:22:22,553 [INFO] IPUIPlugin:80 - create IPUIPlugin
2023-10-11 13:22:22,554 [INFO] PluginManager:220 - loadIPPluginJar : add quadspi
2023-10-11 13:22:22,557 [INFO] IPUIPlugin:80 - create IPUIPlugin
2023-10-11 13:22:22,557 [INFO] PluginManager:220 - loadIPPluginJar : add aes
2023-10-11 13:22:22,560 [INFO] IPUIPlugin:80 - create IPUIPlugin
2023-10-11 13:22:22,560 [INFO] PluginManager:220 - loadIPPluginJar : add pdm2pcm
2023-10-11 13:22:22,562 [INFO] IPUIPlugin:80 - create IPUIPlugin
2023-10-11 13:22:22,562 [INFO] PluginManager:220 - loadIPPluginJar : add hash
2023-10-11 13:22:22,564 [INFO] IPUIPlugin:80 - create IPUIPlugin
2023-10-11 13:22:22,564 [INFO] PluginManager:220 - loadIPPluginJar : add tim
2023-10-11 13:22:22,566 [INFO] IPUIPlugin:80 - create IPUIPlugin
2023-10-11 13:22:22,566 [INFO] PluginManager:220 - loadIPPluginJar : add tsc
2023-10-11 13:22:22,567 [INFO] IPUIPlugin:80 - create IPUIPlugin
2023-10-11 13:22:22,568 [INFO] PluginManager:220 - loadIPPluginJar : add ts
2023-10-11 13:22:22,571 [INFO] IPUIPlugin:80 - create IPUIPlugin
2023-10-11 13:22:22,571 [INFO] PluginManager:220 - loadIPPluginJar : add can
2023-10-11 13:22:22,573 [INFO] IPUIPlugin:80 - create IPUIPlugin
2023-10-11 13:22:22,573 [INFO] PluginManager:220 - loadIPPluginJar : add dma3
2023-10-11 13:22:22,575 [INFO] IPUIPlugin:80 - create IPUIPlugin
2023-10-11 13:22:22,575 [INFO] PluginManager:220 - loadIPPluginJar : add dfsdm
2023-10-11 13:22:22,578 [INFO] IPUIPlugin:80 - create IPUIPlugin
2023-10-11 13:22:22,578 [INFO] PluginManager:220 - loadIPPluginJar : add spi
2023-10-11 13:22:22,580 [INFO] IPUIPlugin:80 - create IPUIPlugin
2023-10-11 13:22:22,580 [INFO] PluginManager:220 - loadIPPluginJar : add gfxmmu
2023-10-11 13:22:22,581 [INFO] IPUIPlugin:80 - create IPUIPlugin
2023-10-11 13:22:22,581 [INFO] PluginManager:220 - loadIPPluginJar : add genericplugin
2023-10-11 13:22:22,583 [INFO] IPUIPlugin:80 - create IPUIPlugin
2023-10-11 13:22:22,584 [INFO] PluginManager:220 - loadIPPluginJar : add cryp
2023-10-11 13:22:22,587 [INFO] IPUIPlugin:80 - create IPUIPlugin
2023-10-11 13:22:22,588 [INFO] PluginManager:220 - loadIPPluginJar : add gpio
2023-10-11 13:22:22,589 [INFO] IPUIPlugin:80 - create IPUIPlugin
2023-10-11 13:22:22,589 [INFO] PluginManager:220 - loadIPPluginJar : add comp
2023-10-11 13:22:22,590 [INFO] IPUIPlugin:80 - create IPUIPlugin
2023-10-11 13:22:22,591 [INFO] PluginManager:220 - loadIPPluginJar : add tracer_emb
2023-10-11 13:22:22,593 [INFO] IPUIPlugin:80 - create IPUIPlugin
2023-10-11 13:22:22,593 [INFO] PluginManager:220 - loadIPPluginJar : add openamp
2023-10-11 13:22:22,598 [INFO] IPUIPlugin:80 - create IPUIPlugin
2023-10-11 13:22:22,598 [INFO] PluginManager:220 - loadIPPluginJar : add stm32_wpan
2023-10-11 13:22:22,603 [INFO] IPUIPlugin:80 - create IPUIPlugin
2023-10-11 13:22:22,606 [INFO] PluginManager:220 - loadIPPluginJar : add plateformsettings
2023-10-11 13:22:22,609 [INFO] IPUIPlugin:80 - create IPUIPlugin
2023-10-11 13:22:22,609 [INFO] PluginManager:220 - loadIPPluginJar : add ipddr
2023-10-11 13:22:22,611 [INFO] IPUIPlugin:80 - create IPUIPlugin
2023-10-11 13:22:22,611 [INFO] PluginManager:220 - loadIPPluginJar : add usart
2023-10-11 13:22:22,613 [INFO] IPUIPlugin:80 - create IPUIPlugin
2023-10-11 13:22:22,613 [INFO] PluginManager:220 - loadIPPluginJar : add ltdc
2023-10-11 13:22:22,616 [INFO] IPUIPlugin:80 - create IPUIPlugin
2023-10-11 13:22:22,616 [INFO] PluginManager:220 - loadIPPluginJar : add nvic
2023-10-11 13:22:22,618 [INFO] IPUIPlugin:80 - create IPUIPlugin
2023-10-11 13:22:22,618 [INFO] PluginManager:220 - loadIPPluginJar : add fatfs
2023-10-11 13:22:22,625 [INFO] IPUIPlugin:80 - create IPUIPlugin
2023-10-11 13:22:22,625 [INFO] PluginManager:220 - loadIPPluginJar : add linkedlist
2023-10-11 13:22:22,630 [INFO] IPUIPlugin:80 - create IPUIPlugin
2023-10-11 13:22:22,630 [INFO] PluginManager:220 - loadIPPluginJar : add dma
2023-10-11 13:22:22,634 [INFO] IPUIPlugin:80 - create IPUIPlugin
2023-10-11 13:22:22,634 [INFO] PluginManager:220 - loadIPPluginJar : add fmc
2023-10-11 13:22:22,636 [INFO] IPUIPlugin:80 - create IPUIPlugin
2023-10-11 13:22:22,636 [INFO] PluginManager:220 - loadIPPluginJar : add i2s
2023-10-11 13:22:22,637 [INFO] IPUIPlugin:80 - create IPUIPlugin
2023-10-11 13:22:22,637 [INFO] PluginManager:220 - loadIPPluginJar : add ucpd
2023-10-11 13:22:22,639 [INFO] IPUIPlugin:80 - create IPUIPlugin
2023-10-11 13:22:22,639 [INFO] PluginManager:220 - loadIPPluginJar : add lorawan
2023-10-11 13:22:22,641 [INFO] IPUIPlugin:80 - create IPUIPlugin
2023-10-11 13:22:22,641 [INFO] PluginManager:220 - loadIPPluginJar : add opamp
2023-10-11 13:22:22,644 [INFO] IPUIPlugin:80 - create IPUIPlugin
2023-10-11 13:22:22,644 [INFO] PluginManager:220 - loadIPPluginJar : add i3c
2023-10-11 13:22:22,647 [INFO] IPUIPlugin:80 - create IPUIPlugin
2023-10-11 13:22:22,647 [INFO] PluginManager:220 - loadIPPluginJar : add touchsensing
2023-10-11 13:22:22,649 [INFO] IPUIPlugin:80 - create IPUIPlugin
2023-10-11 13:22:22,649 [INFO] PluginManager:220 - loadIPPluginJar : add i2c
2023-10-11 13:22:22,652 [INFO] IPUIPlugin:80 - create IPUIPlugin
2023-10-11 13:22:22,653 [INFO] PluginManager:220 - loadIPPluginJar : add resmgrutility
2023-10-11 13:22:22,656 [INFO] IPUIPlugin:80 - create IPUIPlugin
2023-10-11 13:22:22,656 [INFO] PluginManager:220 - loadIPPluginJar : add sai
2023-10-11 13:22:22,659 [INFO] IPUIPlugin:80 - create IPUIPlugin
2023-10-11 13:22:22,659 [INFO] PluginManager:220 - loadIPPluginJar : add usbx
2023-10-11 13:22:22,777 [INFO] CADModel:165 - CPN selected for project level
2023-10-11 13:22:22,777 [INFO] CADModel:114 - Register for checkConnection events
2023-10-11 13:22:22,777 [FATAL] Updater:308 - Updater called before beeing initialized
2023-10-11 13:22:22,777 [ERROR] CADModel:125 - Updater not yet initialized, retry later 
2023-10-11 13:22:23,026 [INFO] CADModel:165 - CPN selected for project level
2023-10-11 13:22:23,026 [INFO] CADModel:114 - Register for checkConnection events
2023-10-11 13:22:23,026 [FATAL] Updater:308 - Updater called before beeing initialized
2023-10-11 13:22:23,026 [ERROR] CADModel:125 - Updater not yet initialized, retry later 
2023-10-11 13:22:23,032 [FATAL] Updater:308 - Updater called before beeing initialized
2023-10-11 13:22:23,120 [FATAL] Updater:308 - Updater called before beeing initialized
2023-10-11 13:22:23,127 [INFO] DbMcusAds:53 - JSON generation date=Tue Mar 07 08:50:55 WET 2023 (1678179055114)
2023-10-11 13:22:23,128 [FATAL] Updater:308 - Updater called before beeing initialized
2023-10-11 13:22:23,299 [WARN] DetailPanel:346 - Failed to get advertising image, set to default
2023-10-11 13:22:23,404 [FATAL] Updater:308 - Updater called before beeing initialized
2023-10-11 13:22:23,407 [FATAL] Updater:308 - Updater called before beeing initialized
2023-10-11 13:22:23,407 [FATAL] Updater:308 - Updater called before beeing initialized
2023-10-11 13:22:23,408 [WARN] DetailPanel:346 - Failed to get advertising image, set to default
2023-10-11 13:22:23,409 [FATAL] Updater:308 - Updater called before beeing initialized
2023-10-11 13:22:23,443 [ERROR] Updater:1120 - MainUpdater not yet initialized. External WinMGr cannot be set.
2023-10-11 13:22:23,462 [INFO] Updater:1056 - Updater Version found : 6.9.0
2023-10-11 13:22:23,482 [INFO] ApplicationProperties:184 - Using Application install path: /Applications/STM32CubeIDE.app/Contents/Eclipse/plugins/com.st.stm32cube.common.mx_6.9.0.202307051724
2023-10-11 13:22:23,650 [INFO] MainUpdater:2868 - connection check result : 10
2023-10-11 13:22:23,650 [INFO] MainUpdater:3562 - Updater definition file requires update
2023-10-11 13:22:23,651 [INFO] MainUpdater:285 - Updater Check For Update Now.
2023-10-11 13:22:23,652 [INFO] MicroXplorer:498 - Change Database Version : DB.6.0.90
2023-10-11 13:22:23,658 [INFO] McuFinderGlobals:63 - Set McuFinder mode to 2 (CubeIDE integrated)
2023-10-11 13:22:23,658 [INFO] UserAuth:179 - activating auth plugin
2023-10-11 13:22:23,661 [INFO] UserAuth:393 - Internet connection configuration mode: 1
2023-10-11 13:22:23,678 [INFO] JxBrowserEngine:151 - Initiate JxBrowser Engine with user profile folder
2023-10-11 13:22:23,686 [INFO] ServerAccessManage:473 - Download File updaters.zip
2023-10-11 13:22:24,022 [INFO] FileExtend:240 - Unzip File : updaters.zip
2023-10-11 13:22:24,023 [INFO] FileExtend:255 - Standard Zip Deflate
2023-10-11 13:22:24,294 [INFO] ServerAccessManage:473 - Download File PacksControlFlags.xml
2023-10-11 13:22:24,369 [INFO] ServerAccessManage:473 - Download File cubemx.pidx
2023-10-11 13:22:24,956 [WARN] MainUpdater:1189 - Updater busy. Cannot search thirdparties
2023-10-11 13:22:24,957 [INFO] ThirdPartyUpdaterWithRetryManager:96 - Updater plugin is busy. [1/15]
2023-10-11 13:22:26,035 [INFO] WebApp:157 - Instantiating new browser for Auth
2023-10-11 13:22:26,544 [INFO] ServerAccessManage:473 - Download File Infineon.AIROC-Wi-Fi-Bluetooth-STM32.pdsc
2023-10-11 13:22:27,346 [INFO] WebApp:753 - Register for checkConnection events
2023-10-11 13:22:27,347 [INFO] WebApp:390 - Apply proxy settings
2023-10-11 13:22:27,351 [INFO] WebApp:455 - Chromium authenticates against System proxy
2023-10-11 13:22:27,639 [INFO] WebApp:188 - Starting web application
2023-10-11 13:22:27,639 [INFO] WebApp:520 - Web application path used /Applications/STM32CubeIDE.app/Contents/Eclipse/plugins/com.st.stm32cube.common.mx_6.9.0.202307051724/db/plugins/mcufinder/reactClient1/index.html
2023-10-11 13:22:27,774 [WARN] PackLoader:240 - Cannot read IP mode file for Infineon.AIROC-Wi-Fi-Bluetooth-STM32.1.5.1
2023-10-11 13:22:27,794 [INFO] PopulateThirdPartyThread:66 - Ending populate Thread
2023-10-11 13:22:27,797 [INFO] ThirdParty:1030 - CMSIS Pack Vendor :Infineon AIROC-Wi-Fi-Bluetooth-STM32 1.5.1
2023-10-11 13:22:27,798 [INFO] LoadServerUpdatesThread:373 - End of LoadServerUpdate Thread
2023-10-11 13:22:27,926 [INFO] CheckServerUpdateThread:120 - End of CheckServer Thread
2023-10-11 13:22:28,164 [WARN] PackLoader:240 - Cannot read IP mode file for STMicroelectronics.X-CUBE-SMBUS.2.1.0
2023-10-11 13:22:28,203 [WARN] PackLoader:240 - Cannot read IP mode file for STMicroelectronics.X-CUBE-AZRTOS-F7.1.1.0
2023-10-11 13:22:28,220 [ERROR] RealEvaluatedCondition:428 - Found unsupported composite condition: CLASS='Data Exchange' GROUP='STM32_MetaDataManager'
2023-10-11 13:22:28,220 [ERROR] RealEvaluatedCondition:428 - Found unsupported composite condition: CLASS='Data Exchange' GROUP='STM32_MetaDataManager'
2023-10-11 13:22:28,223 [WARN] PackLoader:240 - Cannot read IP mode file for STMicroelectronics.FP-SNS-MOTENV1.4.3.0
2023-10-11 13:22:28,235 [WARN] PackLoader:240 - Cannot read IP mode file for STMicroelectronics.FP-SNS-MOTENV1.4.3.2
2023-10-11 13:22:28,240 [WARN] PackLoader:240 - Cannot read IP mode file for STMicroelectronics.FP-SNS-FLIGHT1.5.0.0
2023-10-11 13:22:28,245 [ERROR] RealEvaluatedCondition:428 - Found unsupported composite condition: CLASS='Data Exchange' GROUP='STM32_MetaDataManager'
2023-10-11 13:22:28,245 [ERROR] RealEvaluatedCondition:428 - Found unsupported composite condition: GROUP='STM32_MetaDataManager' CLASS='Data Exchange'
2023-10-11 13:22:28,248 [WARN] PackLoader:240 - Cannot read IP mode file for STMicroelectronics.FP-SNS-MOTENV1.4.3.1
2023-10-11 13:22:28,256 [WARN] PackLoader:240 - Cannot read IP mode file for STMicroelectronics.FP-SNS-FLIGHT1.5.0.1
2023-10-11 13:22:28,268 [WARN] PackLoader:240 - Cannot read IP mode file for STMicroelectronics.X-CUBE-BLE1.6.2.4
2023-10-11 13:22:28,276 [WARN] PackLoader:240 - Cannot read IP mode file for STMicroelectronics.FP-SNS-FLIGHT1.5.0.2
2023-10-11 13:22:28,289 [WARN] PackLoader:240 - Cannot read IP mode file for STMicroelectronics.X-CUBE-DISPLAY.3.0.0
2023-10-11 13:22:28,306 [WARN] PackLoader:240 - Cannot read IP mode file for STMicroelectronics.X-CUBE-BLE1.7.0.0
2023-10-11 13:22:28,313 [WARN] PackLoader:240 - Cannot read IP mode file for STMicroelectronics.X-CUBE-TOUCHGFX.4.22.0
2023-10-11 13:22:28,318 [WARN] PackLoader:240 - Cannot read IP mode file for STMicroelectronics.X-CUBE-TOUCHGFX.4.22.1
2023-10-11 13:22:28,326 [WARN] PackLoader:240 - Cannot read IP mode file for STMicroelectronics.FP-SNS-SMARTAG2.1.2.0
2023-10-11 13:22:28,342 [INFO] LogOutputStream:77 - [STDOUT_REDIRECT] 1 : Invalid condition id : UX_CORESTACK_Condition cause : null
2023-10-11 13:22:28,343 [INFO] LogOutputStream:77 - [STDOUT_REDIRECT] 1 : Invalid condition id : UX_CORESTACK_Condition cause : null
2023-10-11 13:22:28,343 [INFO] LogOutputStream:77 - [STDOUT_REDIRECT] 1 : Invalid condition id : UX_CORESTACK_Condition cause : null
2023-10-11 13:22:28,343 [INFO] LogOutputStream:77 - [STDOUT_REDIRECT] 1 : Invalid condition id : UX_CORESTACK_Condition cause : null
2023-10-11 13:22:28,344 [INFO] LogOutputStream:77 - [STDOUT_REDIRECT] 1 : Invalid condition id : UX_CORESTACK_Condition cause : null
2023-10-11 13:22:28,353 [WARN] PackLoader:240 - Cannot read IP mode file for STMicroelectronics.X-CUBE-AZRTOS-WL.2.0.0
2023-10-11 13:22:28,372 [WARN] PackLoader:240 - Cannot read IP mode file for WES.I-CUBE-Cesium.1.3.0
2023-10-11 13:22:28,385 [WARN] PackLoader:240 - Cannot read IP mode file for STMicroelectronics.X-CUBE-BLE2.3.3.0
2023-10-11 13:22:28,402 [WARN] PackLoader:240 - Cannot read IP mode file for STMicroelectronics.X-CUBE-TOF1.3.2.0
2023-10-11 13:22:28,423 [WARN] PackLoader:240 - Cannot read IP mode file for STMicroelectronics.X-CUBE-TOUCHGFX.4.21.1
2023-10-11 13:22:28,431 [WARN] PackLoader:240 - Cannot read IP mode file for STMicroelectronics.X-CUBE-TOUCHGFX.4.21.3
2023-10-11 13:22:28,436 [WARN] PackLoader:240 - Cannot read IP mode file for STMicroelectronics.X-CUBE-TOUCHGFX.4.21.4
2023-10-11 13:22:28,444 [WARN] PackLoader:240 - Cannot read IP mode file for STMicroelectronics.X-CUBE-ALGOBUILD.1.3.0
2023-10-11 13:22:28,473 [WARN] PackLoader:240 - Cannot read IP mode file for STMicroelectronics.X-CUBE-AZRTOS-G0.1.1.0
2023-10-11 13:22:28,486 [WARN] PackLoader:240 - Cannot read IP mode file for STMicroelectronics.X-CUBE-NFC4.3.0.0
2023-10-11 13:22:28,502 [WARN] PackLoader:240 - Cannot read IP mode file for STMicroelectronics.X-CUBE-BLEMGR.1.3.0
2023-10-11 13:22:28,512 [WARN] PackLoader:240 - Cannot read IP mode file for STMicroelectronics.FP-ATR-SIGFOX1.3.2.0
2023-10-11 13:22:28,592 [WARN] PackLoader:240 - Cannot read IP mode file for STMicroelectronics.X-CUBE-MEMS1.9.5.0
2023-10-11 13:22:28,940 [WARN] PackLoader:240 - Cannot read IP mode file for SEGGER.I-CUBE-embOS.1.3.1
2023-10-11 13:22:29,029 [WARN] PackLoader:240 - Cannot read IP mode file for STMicroelectronics.X-CUBE-GNSS1.6.0.0
2023-10-11 13:22:29,056 [WARN] PackLoader:240 - Cannot read IP mode file for STMicroelectronics.X-CUBE-AZRTOS-F4.1.1.0
2023-10-11 13:22:29,093 [WARN] PackLoader:240 - Cannot read IP mode file for STMicroelectronics.X-CUBE-AZRTOS-L5.2.0.0
2023-10-11 13:22:29,136 [WARN] PackLoader:240 - Cannot read IP mode file for STMicroelectronics.X-CUBE-MEMS1.9.6.0
2023-10-11 13:22:29,350 [WARN] PackLoader:240 - Cannot read IP mode file for ITTIA_DB.I-CUBE-ITTIADB.8.8.0
2023-10-11 13:22:29,364 [WARN] PackLoader:240 - Cannot read IP mode file for emotas.I-CUBE-CANOPEN.1.1.3
2023-10-11 13:22:29,375 [WARN] PackLoader:240 - Cannot read IP mode file for STMicroelectronics.X-CUBE-BLEMGR.2.0.0
2023-10-11 13:22:29,404 [WARN] ConditionMgr:438 - getConditionDescription Invalid condition id : UX DEVICE CLASS RTOS Condition cause : null
2023-10-11 13:22:29,404 [WARN] ConditionMgr:438 - getConditionDescription Invalid condition id : UX DEVICE CLASS RTOS Condition cause : null
2023-10-11 13:22:29,410 [WARN] PackLoader:240 - Cannot read IP mode file for STMicroelectronics.X-CUBE-AZRTOS-H7.3.1.0
2023-10-11 13:22:29,411 [WARN] ConditionMgr:1039 - genDependencies : Invalid condition id : UX DEVICE CLASS RTOS Condition cause : null
2023-10-11 13:22:29,412 [WARN] ConditionMgr:1039 - genDependencies : Invalid condition id : UX DEVICE CLASS RTOS Condition cause : null
2023-10-11 13:22:29,413 [WARN] ConditionMgr:1039 - genDependencies : Invalid condition id : UX DEVICE CLASS RTOS Condition cause : null
2023-10-11 13:22:29,413 [WARN] ConditionMgr:1039 - genDependencies : Invalid condition id : UX DEVICE CLASS RTOS Condition cause : null
2023-10-11 13:22:29,414 [WARN] ConditionMgr:1039 - genDependencies : Invalid condition id : UX DEVICE CLASS RTOS Condition cause : null
2023-10-11 13:22:29,421 [WARN] PackLoader:240 - Cannot read IP mode file for wolfSSL.I-CUBE-wolfSSL.5.5.4
2023-10-11 13:22:29,428 [WARN] PackLoader:240 - Cannot read IP mode file for STMicroelectronics.X-CUBE-NFC7.1.0.1
2023-10-11 13:22:29,436 [WARN] PackLoader:240 - Cannot read IP mode file for STMicroelectronics.X-CUBE-NFC7.1.0.0
2023-10-11 13:22:29,445 [WARN] PackLoader:240 - Cannot read IP mode file for STMicroelectronics.X-CUBE-NFC6.3.0.0
2023-10-11 13:22:29,454 [WARN] PackLoader:240 - Cannot read IP mode file for STMicroelectronics.X-CUBE-EEPRMA1.4.1.0
2023-10-11 13:22:29,461 [WARN] PackLoader:240 - Cannot read IP mode file for STMicroelectronics.X-CUBE-AI.8.1.0
2023-10-11 13:22:29,483 [WARN] ConditionMgr:438 - getConditionDescription Invalid condition id : LAN8742 Phy interface Condition cause : null
2023-10-11 13:22:29,484 [WARN] PackLoader:240 - Cannot read IP mode file for STMicroelectronics.X-CUBE-AZRTOS-L4.2.0.0
2023-10-11 13:22:29,486 [WARN] ConditionMgr:1039 - genDependencies : Invalid condition id : LAN8742 Phy interface Condition cause : null
2023-10-11 13:22:29,486 [WARN] ConditionMgr:1039 - genDependencies : Invalid condition id : LAN8742 Phy interface Condition cause : null
2023-10-11 13:22:29,487 [WARN] ConditionMgr:1039 - genDependencies : Invalid condition id : LAN8742 Phy interface Condition cause : null
2023-10-11 13:22:29,496 [WARN] PackLoader:240 - Cannot read IP mode file for STMicroelectronics.X-CUBE-SFXS2LP1.4.0.0
2023-10-11 13:22:29,520 [WARN] PackLoader:240 - Cannot read IP mode file for STMicroelectronics.X-CUBE-AZRTOS-H7.3.0.0
2023-10-11 13:22:29,528 [WARN] PackLoader:240 - Cannot read IP mode file for STMicroelectronics.X-CUBE-ISPU.1.1.0
2023-10-11 13:22:29,535 [WARN] PackLoader:240 - Cannot read IP mode file for RoweBots.I-CUBE-UNISONRTOS.5.5.0-4
2023-10-11 13:22:29,539 [WARN] PackLoader:240 - Cannot read IP mode file for STMicroelectronics.X-CUBE-AI.8.0.0
2023-10-11 13:22:29,552 [WARN] ConditionMgr:438 - getConditionDescription Invalid condition id : UX DEVICE CLASS RTOS Condition cause : null
2023-10-11 13:22:29,552 [WARN] ConditionMgr:438 - getConditionDescription Invalid condition id : UX DEVICE CLASS RTOS Condition cause : null
2023-10-11 13:22:29,555 [WARN] PackLoader:240 - Cannot read IP mode file for STMicroelectronics.X-CUBE-AZRTOS-WB.2.0.0
2023-10-11 13:22:29,555 [WARN] ConditionMgr:1039 - genDependencies : Invalid condition id : UX DEVICE CLASS RTOS Condition cause : null
2023-10-11 13:22:29,556 [WARN] ConditionMgr:1039 - genDependencies : Invalid condition id : UX DEVICE CLASS RTOS Condition cause : null
2023-10-11 13:22:29,556 [WARN] ConditionMgr:1039 - genDependencies : Invalid condition id : UX DEVICE CLASS RTOS Condition cause : null
2023-10-11 13:22:29,557 [WARN] ConditionMgr:1039 - genDependencies : Invalid condition id : UX DEVICE CLASS RTOS Condition cause : null
2023-10-11 13:22:29,557 [WARN] ConditionMgr:1039 - genDependencies : Invalid condition id : UX DEVICE CLASS RTOS Condition cause : null
2023-10-11 13:22:29,563 [WARN] PackLoader:240 - Cannot read IP mode file for STMicroelectronics.X-CUBE-FREERTOS.1.0.0
2023-10-11 13:22:29,568 [WARN] PackLoader:240 - Cannot read IP mode file for STMicroelectronics.X-CUBE-FREERTOS.1.0.1
2023-10-11 13:22:29,585 [WARN] PackLoader:240 - Cannot read IP mode file for STMicroelectronics.X-CUBE-AZRTOS-L5.1.1.0
2023-10-11 13:22:29,591 [WARN] PackLoader:240 - Cannot read IP mode file for STMicroelectronics.X-CUBE-AI.8.0.1
2023-10-11 13:22:29,601 [WARN] PackLoader:240 - Cannot read IP mode file for STMicroelectronics.X-CUBE-SUBG2.5.0.0
2023-10-11 13:22:29,618 [WARN] PackLoader:240 - Cannot read IP mode file for STMicroelectronics.X-CUBE-TOF1.3.3.1
2023-10-11 13:22:29,644 [WARN] PackLoader:240 - Cannot read IP mode file for STMicroelectronics.X-CUBE-AZRTOS-G4.2.0.0
2023-10-11 13:22:29,658 [WARN] PackLoader:240 - Cannot read IP mode file for STMicroelectronics.X-CUBE-TOF1.3.3.0
2023-10-11 13:22:29,674 [WARN] PackLoader:240 - Cannot read IP mode file for STMicroelectronics.FP-ATR-ASTRA1.1.1.1
2023-10-11 13:22:29,691 [WARN] PackLoader:240 - Cannot read IP mode file for Infineon.AIROC-Wi-Fi-Bluetooth-STM32.1.5.1
2023-10-11 13:22:29,709 [WARN] PackLoader:240 - Cannot read IP mode file for STMicroelectronics.X-CUBE-AZRTOS-G4.1.0.0
2023-10-11 13:22:29,733 [WARN] PackLoader:240 - Cannot read IP mode file for STMicroelectronics.X-CUBE-AZRTOS-L4.1.0.0
2023-10-11 13:22:29,741 [WARN] PackLoader:240 - Cannot read IP mode file for STMicroelectronics.X-CUBE-FREERTOS.1.1.0
2023-10-11 13:22:29,753 [WARN] PackLoader:240 - Cannot read IP mode file for STMicroelectronics.X-CUBE-AZRTOS-WL.1.0.0
2023-10-11 13:22:29,761 [WARN] PackLoader:240 - Cannot read IP mode file for portGmbH.I-Cube-SoM-uGOAL.1.1.0
2023-10-11 13:22:29,765 [WARN] PackLoader:240 - Cannot read IP mode file for STMicroelectronics.X-CUBE-ALS.1.0.1
2023-10-11 13:22:29,780 [WARN] PackLoader:240 - Cannot read IP mode file for STMicroelectronics.X-CUBE-AZRTOS-WB.1.1.0
2023-10-11 13:22:29,789 [WARN] PackLoader:240 - Cannot read IP mode file for STMicroelectronics.FP-ATR-ASTRA1.2.0.0
2023-10-11 13:22:29,789 [INFO] ThirdParty:978 - Integrity check success = true
2023-10-11 13:22:29,790 [INFO] IntegrityCheckThread:100 - exiting critical section [integrity check]
2023-10-11 13:22:29,790 [INFO] IntegrityCheckThread:103 - End integrity checks thread
2023-10-11 13:22:48,421 [ERROR] LogOutputStream:75 - [STDERR_REDIRECT] SLF4J: Failed to load class "org.slf4j.impl.StaticLoggerBinder".
2023-10-11 13:22:48,422 [ERROR] LogOutputStream:75 - [STDERR_REDIRECT] SLF4J: Defaulting to no-operation (NOP) logger implementation
2023-10-11 13:22:48,422 [ERROR] LogOutputStream:75 - [STDERR_REDIRECT] SLF4J: See http://www.slf4j.org/codes.html#StaticLoggerBinder for further details.
2023-10-11 13:33:34,004 [ERROR] LogOutputStream:75 - [STDERR_REDIRECT] 
