2023-10-17 13:59:32,492 [INFO] Activator:176 - 


2023-10-17 13:59:32,497 [INFO] Activator:177 - !SESSION log4j initialized
2023-10-17 13:59:36,611 [ERROR] LogOutputStream:75 - [STDERR_REDIRECT] 
2023-10-17 13:59:37,290 [INFO] LogOutputStream:77 - [STDOUT_REDIRECT] 
2023-10-17 13:59:38,974 [INFO] LogOutputStream:77 - [STDOUT_REDIRECT] 
2023-10-17 13:59:39,683 [INFO] ApplicationProperties:184 - Using Application install path: /Applications/STM32CubeIDE.app/Contents/Eclipse/plugins/com.st.stm32cube.common.mx_6.9.0.202307051724
2023-10-17 13:59:39,704 [INFO] DbMcusXml:78 - Set database path to: /Applications/STM32CubeIDE.app/Contents/Eclipse/plugins/com.st.stm32cube.common.mx_6.9.0.202307051724//db//mcu/
2023-10-17 13:59:39,704 [INFO] ApiDb:274 - Set plugin database path to: /Applications/STM32CubeIDE.app/Contents/Eclipse/plugins/com.st.stm32cube.common.mx_6.9.0.202307051724//db//plugins/boardmanager/
2023-10-17 13:59:39,705 [WARN] ApiDb:259 - Overriding images path with different value:  => /Applications/STM32CubeIDE.app/Contents/Eclipse/plugins/com.st.stm32cube.common.mx_6.9.0.202307051724//db//plugins/mcufinder/images/
2023-10-17 13:59:39,717 [INFO] ApiDb:250 - Set database path to: /Users/gilbertomartins/.stmcufinder/plugins/mcufinder//mcu/
2023-10-17 13:59:39,718 [INFO] DbMcusAds:125 - Set database path to: /Users/gilbertomartins/.stmcufinder/plugins/mcufinder//mcu/
2023-10-17 13:59:39,721 [INFO] CrossReferenceDbSqlite:203 - Set database path to: /Users/gilbertomartins/.stmcufinder/plugins/mcufinder//mcu/cs/
2023-10-17 13:59:39,837 [INFO] RulesReader:64 - Compatibility file has been processed (293 Rules)
2023-10-17 13:59:39,907 [INFO] DbMcusXml:78 - Set database path to: /Applications/STM32CubeIDE.app/Contents/Eclipse/plugins/com.st.stm32cube.common.mx_6.9.0.202307051724//db//mcu/
2023-10-17 13:59:39,907 [INFO] ApiDb:274 - Set plugin database path to: /Applications/STM32CubeIDE.app/Contents/Eclipse/plugins/com.st.stm32cube.common.mx_6.9.0.202307051724//db//plugins/boardmanager/
2023-10-17 13:59:39,907 [INFO] ApiDb:261 - Set plugin images path to: /Applications/STM32CubeIDE.app/Contents/Eclipse/plugins/com.st.stm32cube.common.mx_6.9.0.202307051724//db//plugins/mcufinder/images/
2023-10-17 13:59:39,908 [WARN] DbFile:41 - Overriding database path with different value: /Users/gilbertomartins/.stmcufinder/plugins/mcufinder/ => /Users/gilbertomartins/.stmcufinder/plugins/mcufinder
2023-10-17 13:59:39,908 [INFO] ApiDb:250 - Set database path to: /Users/gilbertomartins/.stmcufinder/plugins/mcufinder//mcu/
2023-10-17 13:59:39,908 [WARN] DbFile:41 - Overriding database path with different value: /Users/gilbertomartins/.stmcufinder/plugins/mcufinder/ => /Users/gilbertomartins/.stmcufinder/plugins/mcufinder
2023-10-17 13:59:39,908 [INFO] DbMcusAds:125 - Set database path to: /Users/gilbertomartins/.stmcufinder/plugins/mcufinder//mcu/
2023-10-17 13:59:39,908 [WARN] DbFile:41 - Overriding database path with different value: /Users/gilbertomartins/.stmcufinder/plugins/mcufinder/ => /Users/gilbertomartins/.stmcufinder/plugins/mcufinder
2023-10-17 13:59:39,908 [WARN] DbFile:41 - Overriding database path with different value: /Users/gilbertomartins/.stmcufinder/plugins/mcufinder/ => /Users/gilbertomartins/.stmcufinder/plugins/mcufinder
2023-10-17 13:59:39,908 [INFO] CrossReferenceDbSqlite:203 - Set database path to: /Users/gilbertomartins/.stmcufinder/plugins/mcufinder//mcu/cs/
2023-10-17 13:59:39,986 [INFO] MainPanel:262 - HeapMemory: 268435456
2023-10-17 13:59:40,084 [INFO] DbMcusXml:78 - Set database path to: /Applications/STM32CubeIDE.app/Contents/Eclipse/plugins/com.st.stm32cube.common.mx_6.9.0.202307051724//db//mcu/
2023-10-17 13:59:40,085 [INFO] ApiDb:274 - Set plugin database path to: /Applications/STM32CubeIDE.app/Contents/Eclipse/plugins/com.st.stm32cube.common.mx_6.9.0.202307051724//db//plugins/boardmanager/
2023-10-17 13:59:40,085 [INFO] ApiDb:261 - Set plugin images path to: /Applications/STM32CubeIDE.app/Contents/Eclipse/plugins/com.st.stm32cube.common.mx_6.9.0.202307051724//db//plugins/mcufinder/images/
2023-10-17 13:59:40,085 [WARN] DbFile:41 - Overriding database path with different value: /Users/gilbertomartins/.stmcufinder/plugins/mcufinder/ => /Users/gilbertomartins/.stmcufinder/plugins/mcufinder
2023-10-17 13:59:40,085 [INFO] ApiDb:250 - Set database path to: /Users/gilbertomartins/.stmcufinder/plugins/mcufinder//mcu/
2023-10-17 13:59:40,086 [WARN] DbFile:41 - Overriding database path with different value: /Users/gilbertomartins/.stmcufinder/plugins/mcufinder/ => /Users/gilbertomartins/.stmcufinder/plugins/mcufinder
2023-10-17 13:59:40,086 [INFO] DbMcusAds:125 - Set database path to: /Users/gilbertomartins/.stmcufinder/plugins/mcufinder//mcu/
2023-10-17 13:59:40,086 [WARN] DbFile:41 - Overriding database path with different value: /Users/gilbertomartins/.stmcufinder/plugins/mcufinder/ => /Users/gilbertomartins/.stmcufinder/plugins/mcufinder
2023-10-17 13:59:40,086 [WARN] DbFile:41 - Overriding database path with different value: /Users/gilbertomartins/.stmcufinder/plugins/mcufinder/ => /Users/gilbertomartins/.stmcufinder/plugins/mcufinder
2023-10-17 13:59:40,086 [INFO] CrossReferenceDbSqlite:203 - Set database path to: /Users/gilbertomartins/.stmcufinder/plugins/mcufinder//mcu/cs/
2023-10-17 13:59:40,102 [INFO] ApplicationProperties:184 - Using Application install path: /Applications/STM32CubeIDE.app/Contents/Eclipse/plugins/com.st.stm32cube.common.mx_6.9.0.202307051724
2023-10-17 13:59:40,104 [INFO] PluginManage:196 - Search for loadable plugins [exclusion list=, ]
2023-10-17 13:59:40,105 [INFO] PluginManage:310 - Check plugin analytics
2023-10-17 13:59:40,276 [INFO] AnalyticsPlugin:253 - Accepted Software Licenses: 
2023-10-17 13:59:40,276 [INFO] AnalyticsPlugin:255 - Accepted CMSIS Pack Licenses: 
2023-10-17 13:59:40,277 [INFO] AnalyticsPlugin:257 - Accepted Firmware Licenses: FW.F4.1.27.0
2023-10-17 13:59:40,280 [INFO] PluginManage:359 - Loaded plugin analytics (category:tool,tabindex:-1)
2023-10-17 13:59:40,280 [INFO] PluginManage:310 - Check plugin cadmodel
2023-10-17 13:59:41,034 [INFO] CADModel:105 - Init CAD model plugin
2023-10-17 13:59:41,034 [INFO] PluginManage:359 - Loaded plugin cadmodel (category:power,tabindex:5)
2023-10-17 13:59:41,034 [INFO] PluginManage:310 - Check plugin clock
2023-10-17 13:59:41,045 [INFO] PluginManage:359 - Loaded plugin clock (category:base,tabindex:2)
2023-10-17 13:59:41,045 [INFO] PluginManage:310 - Check plugin ddr
2023-10-17 13:59:41,049 [INFO] PluginManage:359 - Loaded plugin ddr (category:tool,tabindex:6)
2023-10-17 13:59:41,049 [INFO] PluginManage:310 - Check plugin filemanager
2023-10-17 13:59:41,179 [INFO] PluginManage:359 - Loaded plugin filemanager (category:base,tabindex:10)
2023-10-17 13:59:41,180 [INFO] PluginManage:310 - Check plugin ipmanager
2023-10-17 13:59:41,186 [INFO] PluginManage:359 - Loaded plugin ipmanager (category:base,tabindex:5)
2023-10-17 13:59:41,186 [INFO] PluginManage:310 - Check plugin lpbam
2023-10-17 13:59:41,196 [INFO] PluginManage:359 - Loaded plugin lpbam (category:base,tabindex:0)
2023-10-17 13:59:41,196 [INFO] PluginManage:310 - Check plugin memorymap
2023-10-17 13:59:41,209 [INFO] PluginManage:359 - Loaded plugin memorymap (category:base,tabindex:4)
2023-10-17 13:59:41,209 [INFO] PluginManage:310 - Check plugin pinoutandconfiguration
2023-10-17 13:59:41,217 [INFO] PluginManage:359 - Loaded plugin pinoutandconfiguration (category:base,tabindex:1)
2023-10-17 13:59:41,217 [INFO] PluginManage:310 - Check plugin pinoutconfig
2023-10-17 13:59:41,311 [WARN] SupportedApi:132 - Cannot load RTOS API schema: s4s-elt-must-match.1: The content of 'definitions' must match (annotation?, (simpleType | complexType)?, (unique | key | keyref)*)). A problem was found starting at: attribute.
2023-10-17 13:59:41,464 [INFO] PluginManage:359 - Loaded plugin pinoutconfig (category:base,tabindex:0)
2023-10-17 13:59:41,464 [INFO] PluginManage:310 - Check plugin power
2023-10-17 13:59:41,475 [INFO] PluginManage:359 - Loaded plugin power (category:power,tabindex:4)
2023-10-17 13:59:41,475 [INFO] PluginManage:310 - Check plugin projectmanager
2023-10-17 13:59:41,488 [INFO] PluginManage:359 - Loaded plugin projectmanager (category:projectmanager,tabindex:3)
2023-10-17 13:59:41,488 [INFO] PluginManage:310 - Check plugin thirdparty
2023-10-17 13:59:41,608 [WARN] IntegrityCheckThread:84 - waiting for thirdparty lock release [integrity check]
2023-10-17 13:59:41,608 [INFO] PluginManage:359 - Loaded plugin thirdparty (category:base,tabindex:-1)
2023-10-17 13:59:41,608 [INFO] IntegrityCheckThread:86 - entering critical section [integrity check]
2023-10-17 13:59:41,609 [INFO] PluginManage:310 - Check plugin tools
2023-10-17 13:59:41,609 [INFO] ThirdPartyUpdaterWithRetryManager:70 - Updater plugin not ready yet. [1/15]
2023-10-17 13:59:41,612 [INFO] PluginManage:359 - Loaded plugin tools (category:base,tabindex:7)
2023-10-17 13:59:41,612 [INFO] PluginManage:310 - Check plugin tutovideos
2023-10-17 13:59:41,790 [INFO] PluginManage:359 - Loaded plugin tutovideos (category:base,tabindex:-1)
2023-10-17 13:59:41,790 [INFO] PluginManage:310 - Check plugin updater
2023-10-17 13:59:41,801 [INFO] PluginManage:359 - Loaded plugin updater (category:base,tabindex:12)
2023-10-17 13:59:41,801 [INFO] PluginManage:310 - Check plugin userauth
2023-10-17 13:59:41,807 [INFO] UserAuth:113 - Init User Auth plugin
2023-10-17 13:59:41,807 [INFO] PluginManage:359 - Loaded plugin userauth (category:base,tabindex:14)
2023-10-17 13:59:41,808 [INFO] PluginManage:283 - PluginManage : Loaded plugins [17]
2023-10-17 13:59:41,992 [INFO] PinOutPanel:1499 - setPackage(No Configuration,No Configuration)
2023-10-17 13:59:42,087 [INFO] CADModel:165 - CPN selected for project level
2023-10-17 13:59:42,087 [INFO] CADModel:114 - Register for checkConnection events
2023-10-17 13:59:42,101 [INFO] IPUIPlugin:80 - create IPUIPlugin
2023-10-17 13:59:42,102 [INFO] PluginManager:220 - loadIPPluginJar : add mdma
2023-10-17 13:59:42,109 [INFO] IPUIPlugin:80 - create IPUIPlugin
2023-10-17 13:59:42,110 [INFO] PluginManager:220 - loadIPPluginJar : add freertos
2023-10-17 13:59:42,115 [INFO] IPUIPlugin:80 - create IPUIPlugin
2023-10-17 13:59:42,115 [INFO] PluginManager:220 - loadIPPluginJar : add gic
2023-10-17 13:59:42,124 [INFO] IPUIPlugin:80 - create IPUIPlugin
2023-10-17 13:59:42,124 [INFO] PluginManager:220 - loadIPPluginJar : add adc
2023-10-17 13:59:42,127 [INFO] IPUIPlugin:80 - create IPUIPlugin
2023-10-17 13:59:42,127 [INFO] PluginManager:220 - loadIPPluginJar : add gtzc
2023-10-17 13:59:42,129 [INFO] IPUIPlugin:80 - create IPUIPlugin
2023-10-17 13:59:42,129 [INFO] PluginManager:220 - loadIPPluginJar : add quadspi
2023-10-17 13:59:42,131 [INFO] IPUIPlugin:80 - create IPUIPlugin
2023-10-17 13:59:42,131 [INFO] PluginManager:220 - loadIPPluginJar : add aes
2023-10-17 13:59:42,134 [INFO] IPUIPlugin:80 - create IPUIPlugin
2023-10-17 13:59:42,134 [INFO] PluginManager:220 - loadIPPluginJar : add pdm2pcm
2023-10-17 13:59:42,136 [INFO] IPUIPlugin:80 - create IPUIPlugin
2023-10-17 13:59:42,136 [INFO] PluginManager:220 - loadIPPluginJar : add hash
2023-10-17 13:59:42,138 [INFO] IPUIPlugin:80 - create IPUIPlugin
2023-10-17 13:59:42,138 [INFO] PluginManager:220 - loadIPPluginJar : add tim
2023-10-17 13:59:42,140 [INFO] IPUIPlugin:80 - create IPUIPlugin
2023-10-17 13:59:42,140 [INFO] PluginManager:220 - loadIPPluginJar : add tsc
2023-10-17 13:59:42,142 [INFO] IPUIPlugin:80 - create IPUIPlugin
2023-10-17 13:59:42,142 [INFO] PluginManager:220 - loadIPPluginJar : add ts
2023-10-17 13:59:42,145 [INFO] IPUIPlugin:80 - create IPUIPlugin
2023-10-17 13:59:42,145 [INFO] PluginManager:220 - loadIPPluginJar : add can
2023-10-17 13:59:42,147 [INFO] IPUIPlugin:80 - create IPUIPlugin
2023-10-17 13:59:42,147 [INFO] PluginManager:220 - loadIPPluginJar : add dma3
2023-10-17 13:59:42,149 [INFO] IPUIPlugin:80 - create IPUIPlugin
2023-10-17 13:59:42,149 [INFO] PluginManager:220 - loadIPPluginJar : add dfsdm
2023-10-17 13:59:42,151 [INFO] IPUIPlugin:80 - create IPUIPlugin
2023-10-17 13:59:42,151 [INFO] PluginManager:220 - loadIPPluginJar : add spi
2023-10-17 13:59:42,153 [INFO] IPUIPlugin:80 - create IPUIPlugin
2023-10-17 13:59:42,154 [INFO] PluginManager:220 - loadIPPluginJar : add gfxmmu
2023-10-17 13:59:42,155 [INFO] IPUIPlugin:80 - create IPUIPlugin
2023-10-17 13:59:42,155 [INFO] PluginManager:220 - loadIPPluginJar : add genericplugin
2023-10-17 13:59:42,157 [INFO] IPUIPlugin:80 - create IPUIPlugin
2023-10-17 13:59:42,157 [INFO] PluginManager:220 - loadIPPluginJar : add cryp
2023-10-17 13:59:42,161 [INFO] IPUIPlugin:80 - create IPUIPlugin
2023-10-17 13:59:42,161 [INFO] PluginManager:220 - loadIPPluginJar : add gpio
2023-10-17 13:59:42,162 [INFO] IPUIPlugin:80 - create IPUIPlugin
2023-10-17 13:59:42,162 [INFO] PluginManager:220 - loadIPPluginJar : add comp
2023-10-17 13:59:42,164 [INFO] IPUIPlugin:80 - create IPUIPlugin
2023-10-17 13:59:42,164 [INFO] PluginManager:220 - loadIPPluginJar : add tracer_emb
2023-10-17 13:59:42,166 [INFO] IPUIPlugin:80 - create IPUIPlugin
2023-10-17 13:59:42,166 [INFO] PluginManager:220 - loadIPPluginJar : add openamp
2023-10-17 13:59:42,171 [INFO] IPUIPlugin:80 - create IPUIPlugin
2023-10-17 13:59:42,171 [INFO] PluginManager:220 - loadIPPluginJar : add stm32_wpan
2023-10-17 13:59:42,178 [INFO] IPUIPlugin:80 - create IPUIPlugin
2023-10-17 13:59:42,181 [INFO] PluginManager:220 - loadIPPluginJar : add plateformsettings
2023-10-17 13:59:42,184 [INFO] IPUIPlugin:80 - create IPUIPlugin
2023-10-17 13:59:42,184 [INFO] PluginManager:220 - loadIPPluginJar : add ipddr
2023-10-17 13:59:42,186 [INFO] IPUIPlugin:80 - create IPUIPlugin
2023-10-17 13:59:42,187 [INFO] PluginManager:220 - loadIPPluginJar : add usart
2023-10-17 13:59:42,188 [INFO] IPUIPlugin:80 - create IPUIPlugin
2023-10-17 13:59:42,188 [INFO] PluginManager:220 - loadIPPluginJar : add ltdc
2023-10-17 13:59:42,191 [INFO] IPUIPlugin:80 - create IPUIPlugin
2023-10-17 13:59:42,191 [INFO] PluginManager:220 - loadIPPluginJar : add nvic
2023-10-17 13:59:42,193 [INFO] IPUIPlugin:80 - create IPUIPlugin
2023-10-17 13:59:42,193 [INFO] PluginManager:220 - loadIPPluginJar : add fatfs
2023-10-17 13:59:42,199 [INFO] IPUIPlugin:80 - create IPUIPlugin
2023-10-17 13:59:42,199 [INFO] PluginManager:220 - loadIPPluginJar : add linkedlist
2023-10-17 13:59:42,204 [INFO] IPUIPlugin:80 - create IPUIPlugin
2023-10-17 13:59:42,205 [INFO] PluginManager:220 - loadIPPluginJar : add dma
2023-10-17 13:59:42,208 [INFO] IPUIPlugin:80 - create IPUIPlugin
2023-10-17 13:59:42,208 [INFO] PluginManager:220 - loadIPPluginJar : add fmc
2023-10-17 13:59:42,210 [INFO] IPUIPlugin:80 - create IPUIPlugin
2023-10-17 13:59:42,211 [INFO] PluginManager:220 - loadIPPluginJar : add i2s
2023-10-17 13:59:42,212 [INFO] IPUIPlugin:80 - create IPUIPlugin
2023-10-17 13:59:42,212 [INFO] PluginManager:220 - loadIPPluginJar : add ucpd
2023-10-17 13:59:42,214 [INFO] IPUIPlugin:80 - create IPUIPlugin
2023-10-17 13:59:42,214 [INFO] PluginManager:220 - loadIPPluginJar : add lorawan
2023-10-17 13:59:42,216 [INFO] IPUIPlugin:80 - create IPUIPlugin
2023-10-17 13:59:42,216 [INFO] PluginManager:220 - loadIPPluginJar : add opamp
2023-10-17 13:59:42,218 [INFO] IPUIPlugin:80 - create IPUIPlugin
2023-10-17 13:59:42,219 [INFO] PluginManager:220 - loadIPPluginJar : add i3c
2023-10-17 13:59:42,221 [INFO] IPUIPlugin:80 - create IPUIPlugin
2023-10-17 13:59:42,221 [INFO] PluginManager:220 - loadIPPluginJar : add touchsensing
2023-10-17 13:59:42,223 [INFO] IPUIPlugin:80 - create IPUIPlugin
2023-10-17 13:59:42,223 [INFO] PluginManager:220 - loadIPPluginJar : add i2c
2023-10-17 13:59:42,226 [INFO] IPUIPlugin:80 - create IPUIPlugin
2023-10-17 13:59:42,226 [INFO] PluginManager:220 - loadIPPluginJar : add resmgrutility
2023-10-17 13:59:42,229 [INFO] IPUIPlugin:80 - create IPUIPlugin
2023-10-17 13:59:42,229 [INFO] PluginManager:220 - loadIPPluginJar : add sai
2023-10-17 13:59:42,231 [INFO] IPUIPlugin:80 - create IPUIPlugin
2023-10-17 13:59:42,231 [INFO] PluginManager:220 - loadIPPluginJar : add usbx
2023-10-17 13:59:42,331 [INFO] CADModel:165 - CPN selected for project level
2023-10-17 13:59:42,331 [INFO] CADModel:114 - Register for checkConnection events
2023-10-17 13:59:42,331 [FATAL] Updater:308 - Updater called before beeing initialized
2023-10-17 13:59:42,332 [ERROR] CADModel:125 - Updater not yet initialized, retry later 
2023-10-17 13:59:42,641 [INFO] CADModel:165 - CPN selected for project level
2023-10-17 13:59:42,642 [INFO] CADModel:114 - Register for checkConnection events
2023-10-17 13:59:42,642 [FATAL] Updater:308 - Updater called before beeing initialized
2023-10-17 13:59:42,642 [ERROR] CADModel:125 - Updater not yet initialized, retry later 
2023-10-17 13:59:42,645 [FATAL] Updater:308 - Updater called before beeing initialized
2023-10-17 13:59:42,717 [FATAL] Updater:308 - Updater called before beeing initialized
2023-10-17 13:59:42,722 [INFO] DbMcusAds:53 - JSON generation date=Tue Mar 07 08:50:55 WET 2023 (1678179055114)
2023-10-17 13:59:42,723 [FATAL] Updater:308 - Updater called before beeing initialized
2023-10-17 13:59:42,876 [WARN] DetailPanel:346 - Failed to get advertising image, set to default
2023-10-17 13:59:42,965 [FATAL] Updater:308 - Updater called before beeing initialized
2023-10-17 13:59:42,967 [FATAL] Updater:308 - Updater called before beeing initialized
2023-10-17 13:59:42,967 [FATAL] Updater:308 - Updater called before beeing initialized
2023-10-17 13:59:42,968 [WARN] DetailPanel:346 - Failed to get advertising image, set to default
2023-10-17 13:59:42,968 [FATAL] Updater:308 - Updater called before beeing initialized
2023-10-17 13:59:42,993 [ERROR] Updater:1120 - MainUpdater not yet initialized. External WinMGr cannot be set.
2023-10-17 13:59:43,018 [INFO] Updater:1056 - Updater Version found : 6.9.0
2023-10-17 13:59:43,037 [INFO] ApplicationProperties:184 - Using Application install path: /Applications/STM32CubeIDE.app/Contents/Eclipse/plugins/com.st.stm32cube.common.mx_6.9.0.202307051724
2023-10-17 13:59:43,233 [INFO] MainUpdater:2868 - connection check result : 10
2023-10-17 13:59:43,233 [INFO] MainUpdater:3562 - Updater definition file requires update
2023-10-17 13:59:43,234 [INFO] MainUpdater:285 - Updater Check For Update Now.
2023-10-17 13:59:43,234 [INFO] MicroXplorer:498 - Change Database Version : DB.6.0.90
2023-10-17 13:59:43,240 [INFO] McuFinderGlobals:63 - Set McuFinder mode to 2 (CubeIDE integrated)
2023-10-17 13:59:43,240 [INFO] UserAuth:179 - activating auth plugin
2023-10-17 13:59:43,242 [INFO] UserAuth:393 - Internet connection configuration mode: 1
2023-10-17 13:59:43,261 [INFO] JxBrowserEngine:151 - Initiate JxBrowser Engine with user profile folder
2023-10-17 13:59:43,279 [INFO] ServerAccessManage:473 - Download File updaters.zip
2023-10-17 13:59:43,355 [INFO] FileExtend:240 - Unzip File : updaters.zip
2023-10-17 13:59:43,355 [INFO] FileExtend:255 - Standard Zip Deflate
2023-10-17 13:59:43,547 [INFO] ServerAccessManage:473 - Download File PacksControlFlags.xml
2023-10-17 13:59:43,963 [INFO] ServerAccessManage:473 - Download File cubemx.pidx
2023-10-17 13:59:44,554 [INFO] ServerAccessManage:473 - Download File STMicroelectronics.X-CUBE-MEMS1.pdsc
2023-10-17 13:59:44,610 [WARN] MainUpdater:1189 - Updater busy. Cannot search thirdparties
2023-10-17 13:59:44,610 [INFO] ThirdPartyUpdaterWithRetryManager:96 - Updater plugin is busy. [1/15]
2023-10-17 13:59:45,201 [ERROR] ServerAccessManage:1089 - Problem, file not found on Server
2023-10-17 13:59:45,778 [INFO] CheckServerUpdateThread:120 - End of CheckServer Thread
2023-10-17 13:59:45,824 [INFO] PopulateThirdPartyThread:66 - Ending populate Thread
2023-10-17 13:59:45,825 [INFO] ThirdParty:1030 - CMSIS Pack Vendor :STMicroelectronics X-CUBE-MEMS1 10.0.0
2023-10-17 13:59:45,826 [INFO] LoadServerUpdatesThread:373 - End of LoadServerUpdate Thread
2023-10-17 13:59:47,867 [WARN] PackLoader:240 - Cannot read IP mode file for STMicroelectronics.X-CUBE-SMBUS.2.1.0
2023-10-17 13:59:47,990 [WARN] PackLoader:240 - Cannot read IP mode file for STMicroelectronics.X-CUBE-AZRTOS-F7.1.1.0
2023-10-17 13:59:48,033 [ERROR] RealEvaluatedCondition:428 - Found unsupported composite condition: CLASS='Data Exchange' GROUP='STM32_MetaDataManager'
2023-10-17 13:59:48,054 [ERROR] RealEvaluatedCondition:428 - Found unsupported composite condition: GROUP='STM32_MetaDataManager' CLASS='Data Exchange'
2023-10-17 13:59:48,079 [WARN] PackLoader:240 - Cannot read IP mode file for STMicroelectronics.FP-SNS-MOTENV1.4.3.0
2023-10-17 13:59:48,138 [WARN] PackLoader:240 - Cannot read IP mode file for STMicroelectronics.FP-SNS-MOTENV1.4.3.2
2023-10-17 13:59:48,179 [WARN] PackLoader:240 - Cannot read IP mode file for STMicroelectronics.FP-SNS-FLIGHT1.5.0.0
2023-10-17 13:59:48,202 [ERROR] RealEvaluatedCondition:428 - Found unsupported composite condition: CLASS='Data Exchange' GROUP='STM32_MetaDataManager'
2023-10-17 13:59:48,203 [ERROR] RealEvaluatedCondition:428 - Found unsupported composite condition: CLASS='Data Exchange' GROUP='STM32_MetaDataManager'
2023-10-17 13:59:48,205 [WARN] PackLoader:240 - Cannot read IP mode file for STMicroelectronics.FP-SNS-MOTENV1.4.3.1
2023-10-17 13:59:48,216 [WARN] PackLoader:240 - Cannot read IP mode file for STMicroelectronics.FP-SNS-FLIGHT1.5.0.1
2023-10-17 13:59:48,242 [WARN] PackLoader:240 - Cannot read IP mode file for STMicroelectronics.X-CUBE-BLE1.6.2.4
2023-10-17 13:59:48,320 [WARN] PackLoader:240 - Cannot read IP mode file for STMicroelectronics.FP-SNS-FLIGHT1.5.0.2
2023-10-17 13:59:48,383 [WARN] PackLoader:240 - Cannot read IP mode file for STMicroelectronics.X-CUBE-DISPLAY.3.0.0
2023-10-17 13:59:48,465 [WARN] PackLoader:240 - Cannot read IP mode file for STMicroelectronics.X-CUBE-BLE1.7.0.0
2023-10-17 13:59:48,503 [WARN] PackLoader:240 - Cannot read IP mode file for STMicroelectronics.X-CUBE-TOUCHGFX.4.22.0
2023-10-17 13:59:48,524 [WARN] PackLoader:240 - Cannot read IP mode file for STMicroelectronics.X-CUBE-TOUCHGFX.4.22.1
2023-10-17 13:59:48,566 [INFO] WebApp:157 - Instantiating new browser for Auth
2023-10-17 13:59:48,577 [WARN] PackLoader:240 - Cannot read IP mode file for STMicroelectronics.FP-SNS-SMARTAG2.1.2.0
2023-10-17 13:59:48,589 [INFO] LogOutputStream:77 - [STDOUT_REDIRECT] 1 : Invalid condition id : UX_CORESTACK_Condition cause : null
2023-10-17 13:59:48,623 [INFO] LogOutputStream:77 - [STDOUT_REDIRECT] 1 : Invalid condition id : UX_CORESTACK_Condition cause : null
2023-10-17 13:59:48,643 [INFO] LogOutputStream:77 - [STDOUT_REDIRECT] 1 : Invalid condition id : UX_CORESTACK_Condition cause : null
2023-10-17 13:59:48,643 [INFO] LogOutputStream:77 - [STDOUT_REDIRECT] 1 : Invalid condition id : UX_CORESTACK_Condition cause : null
2023-10-17 13:59:48,645 [INFO] LogOutputStream:77 - [STDOUT_REDIRECT] 1 : Invalid condition id : UX_CORESTACK_Condition cause : null
2023-10-17 13:59:48,669 [WARN] PackLoader:240 - Cannot read IP mode file for STMicroelectronics.X-CUBE-AZRTOS-WL.2.0.0
2023-10-17 13:59:48,833 [WARN] PackLoader:240 - Cannot read IP mode file for WES.I-CUBE-Cesium.1.3.0
2023-10-17 13:59:48,873 [WARN] PackLoader:240 - Cannot read IP mode file for STMicroelectronics.X-CUBE-BLE2.3.3.0
2023-10-17 13:59:48,966 [WARN] PackLoader:240 - Cannot read IP mode file for STMicroelectronics.X-CUBE-TOF1.3.2.0
2023-10-17 13:59:49,011 [WARN] PackLoader:240 - Cannot read IP mode file for STMicroelectronics.X-CUBE-TOUCHGFX.4.21.1
2023-10-17 13:59:49,049 [WARN] PackLoader:240 - Cannot read IP mode file for STMicroelectronics.X-CUBE-TOUCHGFX.4.21.3
2023-10-17 13:59:49,074 [WARN] PackLoader:240 - Cannot read IP mode file for STMicroelectronics.X-CUBE-TOUCHGFX.4.21.4
2023-10-17 13:59:49,191 [WARN] PackLoader:240 - Cannot read IP mode file for STMicroelectronics.X-CUBE-ALGOBUILD.1.3.0
2023-10-17 13:59:49,241 [WARN] PackLoader:240 - Cannot read IP mode file for STMicroelectronics.X-CUBE-AZRTOS-G0.1.1.0
2023-10-17 13:59:49,273 [WARN] PackLoader:240 - Cannot read IP mode file for STMicroelectronics.X-CUBE-NFC4.3.0.0
2023-10-17 13:59:49,281 [WARN] PackLoader:240 - Cannot read IP mode file for STMicroelectronics.X-CUBE-BLEMGR.1.3.0
2023-10-17 13:59:49,286 [WARN] PackLoader:240 - Cannot read IP mode file for STMicroelectronics.FP-ATR-SIGFOX1.3.2.0
2023-10-17 13:59:49,323 [WARN] PackLoader:240 - Cannot read IP mode file for STMicroelectronics.X-CUBE-MEMS1.9.5.0
2023-10-17 13:59:49,364 [INFO] WebApp:753 - Register for checkConnection events
2023-10-17 13:59:49,377 [INFO] WebApp:390 - Apply proxy settings
2023-10-17 13:59:49,381 [INFO] WebApp:455 - Chromium authenticates against System proxy
2023-10-17 13:59:49,516 [WARN] PackLoader:240 - Cannot read IP mode file for SEGGER.I-CUBE-embOS.1.3.1
2023-10-17 13:59:49,548 [WARN] PackLoader:240 - Cannot read IP mode file for STMicroelectronics.X-CUBE-GNSS1.6.0.0
2023-10-17 13:59:49,561 [WARN] PackLoader:240 - Cannot read IP mode file for STMicroelectronics.X-CUBE-AZRTOS-F4.1.1.0
2023-10-17 13:59:49,575 [WARN] PackLoader:240 - Cannot read IP mode file for STMicroelectronics.X-CUBE-AZRTOS-L5.2.0.0
2023-10-17 13:59:49,605 [INFO] WebApp:188 - Starting web application
2023-10-17 13:59:49,605 [INFO] WebApp:520 - Web application path used /Applications/STM32CubeIDE.app/Contents/Eclipse/plugins/com.st.stm32cube.common.mx_6.9.0.202307051724/db/plugins/mcufinder/reactClient1/index.html
2023-10-17 13:59:49,605 [WARN] PackLoader:240 - Cannot read IP mode file for STMicroelectronics.X-CUBE-MEMS1.9.6.0
2023-10-17 13:59:49,760 [WARN] PackLoader:240 - Cannot read IP mode file for ITTIA_DB.I-CUBE-ITTIADB.8.8.0
2023-10-17 13:59:49,765 [WARN] PackLoader:240 - Cannot read IP mode file for emotas.I-CUBE-CANOPEN.1.1.3
2023-10-17 13:59:49,770 [WARN] PackLoader:240 - Cannot read IP mode file for STMicroelectronics.X-CUBE-BLEMGR.2.0.0
2023-10-17 13:59:49,784 [WARN] ConditionMgr:438 - getConditionDescription Invalid condition id : UX DEVICE CLASS RTOS Condition cause : null
2023-10-17 13:59:49,784 [WARN] ConditionMgr:438 - getConditionDescription Invalid condition id : UX DEVICE CLASS RTOS Condition cause : null
2023-10-17 13:59:49,787 [WARN] PackLoader:240 - Cannot read IP mode file for STMicroelectronics.X-CUBE-AZRTOS-H7.3.1.0
2023-10-17 13:59:49,788 [WARN] ConditionMgr:1039 - genDependencies : Invalid condition id : UX DEVICE CLASS RTOS Condition cause : null
2023-10-17 13:59:49,788 [WARN] ConditionMgr:1039 - genDependencies : Invalid condition id : UX DEVICE CLASS RTOS Condition cause : null
2023-10-17 13:59:49,788 [WARN] ConditionMgr:1039 - genDependencies : Invalid condition id : UX DEVICE CLASS RTOS Condition cause : null
2023-10-17 13:59:49,789 [WARN] ConditionMgr:1039 - genDependencies : Invalid condition id : UX DEVICE CLASS RTOS Condition cause : null
2023-10-17 13:59:49,789 [WARN] ConditionMgr:1039 - genDependencies : Invalid condition id : UX DEVICE CLASS RTOS Condition cause : null
2023-10-17 13:59:49,793 [WARN] PackLoader:240 - Cannot read IP mode file for wolfSSL.I-CUBE-wolfSSL.5.5.4
2023-10-17 13:59:49,797 [WARN] PackLoader:240 - Cannot read IP mode file for STMicroelectronics.X-CUBE-NFC7.1.0.1
2023-10-17 13:59:49,801 [WARN] PackLoader:240 - Cannot read IP mode file for STMicroelectronics.X-CUBE-NFC7.1.0.0
2023-10-17 13:59:49,807 [WARN] PackLoader:240 - Cannot read IP mode file for STMicroelectronics.X-CUBE-NFC6.3.0.0
2023-10-17 13:59:49,813 [WARN] PackLoader:240 - Cannot read IP mode file for STMicroelectronics.X-CUBE-EEPRMA1.4.1.0
2023-10-17 13:59:49,817 [WARN] PackLoader:240 - Cannot read IP mode file for STMicroelectronics.X-CUBE-AI.8.1.0
2023-10-17 13:59:49,831 [WARN] ConditionMgr:438 - getConditionDescription Invalid condition id : LAN8742 Phy interface Condition cause : null
2023-10-17 13:59:49,831 [WARN] PackLoader:240 - Cannot read IP mode file for STMicroelectronics.X-CUBE-AZRTOS-L4.2.0.0
2023-10-17 13:59:49,832 [WARN] ConditionMgr:1039 - genDependencies : Invalid condition id : LAN8742 Phy interface Condition cause : null
2023-10-17 13:59:49,833 [WARN] ConditionMgr:1039 - genDependencies : Invalid condition id : LAN8742 Phy interface Condition cause : null
2023-10-17 13:59:49,833 [WARN] ConditionMgr:1039 - genDependencies : Invalid condition id : LAN8742 Phy interface Condition cause : null
2023-10-17 13:59:49,846 [WARN] PackLoader:240 - Cannot read IP mode file for STMicroelectronics.X-CUBE-SFXS2LP1.4.0.0
2023-10-17 13:59:49,866 [WARN] PackLoader:240 - Cannot read IP mode file for STMicroelectronics.X-CUBE-AZRTOS-H7.3.0.0
2023-10-17 13:59:49,874 [WARN] PackLoader:240 - Cannot read IP mode file for STMicroelectronics.X-CUBE-ISPU.1.1.0
2023-10-17 13:59:49,880 [WARN] PackLoader:240 - Cannot read IP mode file for RoweBots.I-CUBE-UNISONRTOS.5.5.0-4
2023-10-17 13:59:49,884 [WARN] PackLoader:240 - Cannot read IP mode file for STMicroelectronics.X-CUBE-AI.8.0.0
2023-10-17 13:59:49,904 [WARN] ConditionMgr:438 - getConditionDescription Invalid condition id : UX DEVICE CLASS RTOS Condition cause : null
2023-10-17 13:59:49,904 [WARN] ConditionMgr:438 - getConditionDescription Invalid condition id : UX DEVICE CLASS RTOS Condition cause : null
2023-10-17 13:59:49,907 [WARN] PackLoader:240 - Cannot read IP mode file for STMicroelectronics.X-CUBE-AZRTOS-WB.2.0.0
2023-10-17 13:59:49,908 [WARN] ConditionMgr:1039 - genDependencies : Invalid condition id : UX DEVICE CLASS RTOS Condition cause : null
2023-10-17 13:59:49,908 [WARN] ConditionMgr:1039 - genDependencies : Invalid condition id : UX DEVICE CLASS RTOS Condition cause : null
2023-10-17 13:59:49,909 [WARN] ConditionMgr:1039 - genDependencies : Invalid condition id : UX DEVICE CLASS RTOS Condition cause : null
2023-10-17 13:59:49,910 [WARN] ConditionMgr:1039 - genDependencies : Invalid condition id : UX DEVICE CLASS RTOS Condition cause : null
2023-10-17 13:59:49,911 [WARN] ConditionMgr:1039 - genDependencies : Invalid condition id : UX DEVICE CLASS RTOS Condition cause : null
2023-10-17 13:59:49,919 [WARN] PackLoader:240 - Cannot read IP mode file for STMicroelectronics.X-CUBE-FREERTOS.1.0.0
2023-10-17 13:59:49,924 [WARN] PackLoader:240 - Cannot read IP mode file for STMicroelectronics.X-CUBE-FREERTOS.1.0.1
2023-10-17 13:59:49,940 [WARN] PackLoader:240 - Cannot read IP mode file for STMicroelectronics.X-CUBE-AZRTOS-L5.1.1.0
2023-10-17 13:59:49,946 [WARN] PackLoader:240 - Cannot read IP mode file for STMicroelectronics.X-CUBE-AI.8.0.1
2023-10-17 13:59:49,958 [WARN] PackLoader:240 - Cannot read IP mode file for STMicroelectronics.X-CUBE-SUBG2.5.0.0
2023-10-17 13:59:49,972 [WARN] PackLoader:240 - Cannot read IP mode file for STMicroelectronics.X-CUBE-TOF1.3.3.1
2023-10-17 13:59:50,002 [WARN] PackLoader:240 - Cannot read IP mode file for STMicroelectronics.X-CUBE-AZRTOS-G4.2.0.0
2023-10-17 13:59:50,016 [WARN] PackLoader:240 - Cannot read IP mode file for STMicroelectronics.X-CUBE-TOF1.3.3.0
2023-10-17 13:59:50,032 [WARN] PackLoader:240 - Cannot read IP mode file for STMicroelectronics.FP-ATR-ASTRA1.1.1.1
2023-10-17 13:59:50,050 [WARN] PackLoader:240 - Cannot read IP mode file for Infineon.AIROC-Wi-Fi-Bluetooth-STM32.1.5.1
2023-10-17 13:59:50,070 [WARN] PackLoader:240 - Cannot read IP mode file for STMicroelectronics.X-CUBE-AZRTOS-G4.1.0.0
2023-10-17 13:59:50,091 [WARN] PackLoader:240 - Cannot read IP mode file for STMicroelectronics.X-CUBE-AZRTOS-L4.1.0.0
2023-10-17 13:59:50,098 [WARN] PackLoader:240 - Cannot read IP mode file for STMicroelectronics.X-CUBE-FREERTOS.1.1.0
2023-10-17 13:59:50,106 [WARN] PackLoader:240 - Cannot read IP mode file for STMicroelectronics.X-CUBE-AZRTOS-WL.1.0.0
2023-10-17 13:59:50,112 [WARN] PackLoader:240 - Cannot read IP mode file for portGmbH.I-Cube-SoM-uGOAL.1.1.0
2023-10-17 13:59:50,115 [WARN] PackLoader:240 - Cannot read IP mode file for STMicroelectronics.X-CUBE-ALS.1.0.1
2023-10-17 13:59:50,127 [WARN] PackLoader:240 - Cannot read IP mode file for STMicroelectronics.X-CUBE-AZRTOS-WB.1.1.0
2023-10-17 13:59:50,131 [WARN] PackLoader:240 - Cannot read IP mode file for STMicroelectronics.FP-ATR-ASTRA1.2.0.0
2023-10-17 13:59:50,131 [INFO] ThirdParty:978 - Integrity check success = true
2023-10-17 13:59:50,132 [INFO] IntegrityCheckThread:100 - exiting critical section [integrity check]
2023-10-17 13:59:50,132 [INFO] IntegrityCheckThread:103 - End integrity checks thread
2023-10-17 14:00:10,389 [ERROR] LogOutputStream:75 - [STDERR_REDIRECT] SLF4J: Failed to load class "org.slf4j.impl.StaticLoggerBinder".
2023-10-17 14:00:10,389 [ERROR] LogOutputStream:75 - [STDERR_REDIRECT] SLF4J: Defaulting to no-operation (NOP) logger implementation
2023-10-17 14:00:10,389 [ERROR] LogOutputStream:75 - [STDERR_REDIRECT] SLF4J: See http://www.slf4j.org/codes.html#StaticLoggerBinder for further details.
