2023-10-02 10:30:44,758 [ERROR] LogOutputStream:75 - [STDERR_REDIRECT] 
2023-10-02 14:17:21,328 [INFO] Activator:176 - 


2023-10-02 14:17:21,331 [INFO] Activator:177 - !SESSION log4j initialized
2023-10-02 14:17:25,619 [ERROR] LogOutputStream:75 - [STDERR_REDIRECT] 
2023-10-02 14:17:26,302 [INFO] LogOutputStream:77 - [STDOUT_REDIRECT] 
2023-10-02 14:17:27,606 [INFO] LogOutputStream:77 - [STDOUT_REDIRECT] 
2023-10-02 14:17:28,431 [INFO] ApplicationProperties:184 - Using Application install path: /Applications/STM32CubeIDE.app/Contents/Eclipse/plugins/com.st.stm32cube.common.mx_6.9.0.202307051724
2023-10-02 14:17:28,452 [INFO] DbMcusXml:78 - Set database path to: /Applications/STM32CubeIDE.app/Contents/Eclipse/plugins/com.st.stm32cube.common.mx_6.9.0.202307051724//db//mcu/
2023-10-02 14:17:28,452 [INFO] ApiDb:274 - Set plugin database path to: /Applications/STM32CubeIDE.app/Contents/Eclipse/plugins/com.st.stm32cube.common.mx_6.9.0.202307051724//db//plugins/boardmanager/
2023-10-02 14:17:28,453 [WARN] ApiDb:259 - Overriding images path with different value:  => /Applications/STM32CubeIDE.app/Contents/Eclipse/plugins/com.st.stm32cube.common.mx_6.9.0.202307051724//db//plugins/mcufinder/images/
2023-10-02 14:17:28,466 [INFO] ApiDb:250 - Set database path to: /Users/gilbertomartins/.stmcufinder/plugins/mcufinder//mcu/
2023-10-02 14:17:28,468 [INFO] DbMcusAds:125 - Set database path to: /Users/gilbertomartins/.stmcufinder/plugins/mcufinder//mcu/
2023-10-02 14:17:28,471 [INFO] CrossReferenceDbSqlite:203 - Set database path to: /Users/gilbertomartins/.stmcufinder/plugins/mcufinder//mcu/cs/
2023-10-02 14:17:28,596 [INFO] RulesReader:64 - Compatibility file has been processed (293 Rules)
2023-10-02 14:17:28,671 [INFO] DbMcusXml:78 - Set database path to: /Applications/STM32CubeIDE.app/Contents/Eclipse/plugins/com.st.stm32cube.common.mx_6.9.0.202307051724//db//mcu/
2023-10-02 14:17:28,671 [INFO] ApiDb:274 - Set plugin database path to: /Applications/STM32CubeIDE.app/Contents/Eclipse/plugins/com.st.stm32cube.common.mx_6.9.0.202307051724//db//plugins/boardmanager/
2023-10-02 14:17:28,671 [INFO] ApiDb:261 - Set plugin images path to: /Applications/STM32CubeIDE.app/Contents/Eclipse/plugins/com.st.stm32cube.common.mx_6.9.0.202307051724//db//plugins/mcufinder/images/
2023-10-02 14:17:28,672 [WARN] DbFile:41 - Overriding database path with different value: /Users/gilbertomartins/.stmcufinder/plugins/mcufinder/ => /Users/gilbertomartins/.stmcufinder/plugins/mcufinder
2023-10-02 14:17:28,672 [INFO] ApiDb:250 - Set database path to: /Users/gilbertomartins/.stmcufinder/plugins/mcufinder//mcu/
2023-10-02 14:17:28,672 [WARN] DbFile:41 - Overriding database path with different value: /Users/gilbertomartins/.stmcufinder/plugins/mcufinder/ => /Users/gilbertomartins/.stmcufinder/plugins/mcufinder
2023-10-02 14:17:28,672 [INFO] DbMcusAds:125 - Set database path to: /Users/gilbertomartins/.stmcufinder/plugins/mcufinder//mcu/
2023-10-02 14:17:28,672 [WARN] DbFile:41 - Overriding database path with different value: /Users/gilbertomartins/.stmcufinder/plugins/mcufinder/ => /Users/gilbertomartins/.stmcufinder/plugins/mcufinder
2023-10-02 14:17:28,672 [WARN] DbFile:41 - Overriding database path with different value: /Users/gilbertomartins/.stmcufinder/plugins/mcufinder/ => /Users/gilbertomartins/.stmcufinder/plugins/mcufinder
2023-10-02 14:17:28,672 [INFO] CrossReferenceDbSqlite:203 - Set database path to: /Users/gilbertomartins/.stmcufinder/plugins/mcufinder//mcu/cs/
2023-10-02 14:17:28,750 [INFO] MainPanel:262 - HeapMemory: 268435456
2023-10-02 14:17:28,850 [INFO] DbMcusXml:78 - Set database path to: /Applications/STM32CubeIDE.app/Contents/Eclipse/plugins/com.st.stm32cube.common.mx_6.9.0.202307051724//db//mcu/
2023-10-02 14:17:28,850 [INFO] ApiDb:274 - Set plugin database path to: /Applications/STM32CubeIDE.app/Contents/Eclipse/plugins/com.st.stm32cube.common.mx_6.9.0.202307051724//db//plugins/boardmanager/
2023-10-02 14:17:28,850 [INFO] ApiDb:261 - Set plugin images path to: /Applications/STM32CubeIDE.app/Contents/Eclipse/plugins/com.st.stm32cube.common.mx_6.9.0.202307051724//db//plugins/mcufinder/images/
2023-10-02 14:17:28,851 [WARN] DbFile:41 - Overriding database path with different value: /Users/gilbertomartins/.stmcufinder/plugins/mcufinder/ => /Users/gilbertomartins/.stmcufinder/plugins/mcufinder
2023-10-02 14:17:28,851 [INFO] ApiDb:250 - Set database path to: /Users/gilbertomartins/.stmcufinder/plugins/mcufinder//mcu/
2023-10-02 14:17:28,851 [WARN] DbFile:41 - Overriding database path with different value: /Users/gilbertomartins/.stmcufinder/plugins/mcufinder/ => /Users/gilbertomartins/.stmcufinder/plugins/mcufinder
2023-10-02 14:17:28,851 [INFO] DbMcusAds:125 - Set database path to: /Users/gilbertomartins/.stmcufinder/plugins/mcufinder//mcu/
2023-10-02 14:17:28,851 [WARN] DbFile:41 - Overriding database path with different value: /Users/gilbertomartins/.stmcufinder/plugins/mcufinder/ => /Users/gilbertomartins/.stmcufinder/plugins/mcufinder
2023-10-02 14:17:28,852 [WARN] DbFile:41 - Overriding database path with different value: /Users/gilbertomartins/.stmcufinder/plugins/mcufinder/ => /Users/gilbertomartins/.stmcufinder/plugins/mcufinder
2023-10-02 14:17:28,852 [INFO] CrossReferenceDbSqlite:203 - Set database path to: /Users/gilbertomartins/.stmcufinder/plugins/mcufinder//mcu/cs/
2023-10-02 14:17:28,868 [INFO] ApplicationProperties:184 - Using Application install path: /Applications/STM32CubeIDE.app/Contents/Eclipse/plugins/com.st.stm32cube.common.mx_6.9.0.202307051724
2023-10-02 14:17:28,870 [INFO] PluginManage:196 - Search for loadable plugins [exclusion list=, ]
2023-10-02 14:17:28,871 [INFO] PluginManage:310 - Check plugin analytics
2023-10-02 14:17:29,033 [INFO] AnalyticsPlugin:253 - Accepted Software Licenses: 
2023-10-02 14:17:29,034 [INFO] AnalyticsPlugin:255 - Accepted CMSIS Pack Licenses: 
2023-10-02 14:17:29,034 [INFO] AnalyticsPlugin:257 - Accepted Firmware Licenses: FW.F4.1.27.0
2023-10-02 14:17:29,036 [INFO] PluginManage:359 - Loaded plugin analytics (category:tool,tabindex:-1)
2023-10-02 14:17:29,037 [INFO] PluginManage:310 - Check plugin cadmodel
2023-10-02 14:17:29,782 [INFO] CADModel:105 - Init CAD model plugin
2023-10-02 14:17:29,782 [INFO] PluginManage:359 - Loaded plugin cadmodel (category:power,tabindex:5)
2023-10-02 14:17:29,782 [INFO] PluginManage:310 - Check plugin clock
2023-10-02 14:17:29,793 [INFO] PluginManage:359 - Loaded plugin clock (category:base,tabindex:2)
2023-10-02 14:17:29,793 [INFO] PluginManage:310 - Check plugin ddr
2023-10-02 14:17:29,796 [INFO] PluginManage:359 - Loaded plugin ddr (category:tool,tabindex:6)
2023-10-02 14:17:29,796 [INFO] PluginManage:310 - Check plugin filemanager
2023-10-02 14:17:29,944 [INFO] PluginManage:359 - Loaded plugin filemanager (category:base,tabindex:10)
2023-10-02 14:17:29,944 [INFO] PluginManage:310 - Check plugin ipmanager
2023-10-02 14:17:29,953 [INFO] PluginManage:359 - Loaded plugin ipmanager (category:base,tabindex:5)
2023-10-02 14:17:29,953 [INFO] PluginManage:310 - Check plugin lpbam
2023-10-02 14:17:29,964 [INFO] PluginManage:359 - Loaded plugin lpbam (category:base,tabindex:0)
2023-10-02 14:17:29,964 [INFO] PluginManage:310 - Check plugin memorymap
2023-10-02 14:17:29,978 [INFO] PluginManage:359 - Loaded plugin memorymap (category:base,tabindex:4)
2023-10-02 14:17:29,979 [INFO] PluginManage:310 - Check plugin pinoutandconfiguration
2023-10-02 14:17:29,987 [INFO] PluginManage:359 - Loaded plugin pinoutandconfiguration (category:base,tabindex:1)
2023-10-02 14:17:29,987 [INFO] PluginManage:310 - Check plugin pinoutconfig
2023-10-02 14:17:30,085 [WARN] SupportedApi:132 - Cannot load RTOS API schema: s4s-elt-must-match.1: The content of 'definitions' must match (annotation?, (simpleType | complexType)?, (unique | key | keyref)*)). A problem was found starting at: attribute.
2023-10-02 14:17:30,219 [INFO] PluginManage:359 - Loaded plugin pinoutconfig (category:base,tabindex:0)
2023-10-02 14:17:30,220 [INFO] PluginManage:310 - Check plugin power
2023-10-02 14:17:30,231 [INFO] PluginManage:359 - Loaded plugin power (category:power,tabindex:4)
2023-10-02 14:17:30,231 [INFO] PluginManage:310 - Check plugin projectmanager
2023-10-02 14:17:30,243 [INFO] PluginManage:359 - Loaded plugin projectmanager (category:projectmanager,tabindex:3)
2023-10-02 14:17:30,243 [INFO] PluginManage:310 - Check plugin thirdparty
2023-10-02 14:17:30,358 [INFO] PluginManage:359 - Loaded plugin thirdparty (category:base,tabindex:-1)
2023-10-02 14:17:30,358 [WARN] IntegrityCheckThread:84 - waiting for thirdparty lock release [integrity check]
2023-10-02 14:17:30,358 [INFO] PluginManage:310 - Check plugin tools
2023-10-02 14:17:30,358 [INFO] IntegrityCheckThread:86 - entering critical section [integrity check]
2023-10-02 14:17:30,358 [INFO] ThirdPartyUpdaterWithRetryManager:70 - Updater plugin not ready yet. [1/15]
2023-10-02 14:17:30,360 [INFO] PluginManage:359 - Loaded plugin tools (category:base,tabindex:7)
2023-10-02 14:17:30,360 [INFO] PluginManage:310 - Check plugin tutovideos
2023-10-02 14:17:30,538 [INFO] PluginManage:359 - Loaded plugin tutovideos (category:base,tabindex:-1)
2023-10-02 14:17:30,538 [INFO] PluginManage:310 - Check plugin updater
2023-10-02 14:17:30,550 [INFO] PluginManage:359 - Loaded plugin updater (category:base,tabindex:12)
2023-10-02 14:17:30,550 [INFO] PluginManage:310 - Check plugin userauth
2023-10-02 14:17:30,556 [INFO] UserAuth:113 - Init User Auth plugin
2023-10-02 14:17:30,556 [INFO] PluginManage:359 - Loaded plugin userauth (category:base,tabindex:14)
2023-10-02 14:17:30,556 [INFO] PluginManage:283 - PluginManage : Loaded plugins [17]
2023-10-02 14:17:30,739 [INFO] PinOutPanel:1499 - setPackage(No Configuration,No Configuration)
2023-10-02 14:17:30,831 [INFO] CADModel:165 - CPN selected for project level
2023-10-02 14:17:30,831 [INFO] CADModel:114 - Register for checkConnection events
2023-10-02 14:17:30,844 [INFO] IPUIPlugin:80 - create IPUIPlugin
2023-10-02 14:17:30,845 [INFO] PluginManager:220 - loadIPPluginJar : add mdma
2023-10-02 14:17:30,853 [INFO] IPUIPlugin:80 - create IPUIPlugin
2023-10-02 14:17:30,853 [INFO] PluginManager:220 - loadIPPluginJar : add freertos
2023-10-02 14:17:30,859 [INFO] IPUIPlugin:80 - create IPUIPlugin
2023-10-02 14:17:30,859 [INFO] PluginManager:220 - loadIPPluginJar : add gic
2023-10-02 14:17:30,868 [INFO] IPUIPlugin:80 - create IPUIPlugin
2023-10-02 14:17:30,868 [INFO] PluginManager:220 - loadIPPluginJar : add adc
2023-10-02 14:17:30,872 [INFO] IPUIPlugin:80 - create IPUIPlugin
2023-10-02 14:17:30,872 [INFO] PluginManager:220 - loadIPPluginJar : add gtzc
2023-10-02 14:17:30,873 [INFO] IPUIPlugin:80 - create IPUIPlugin
2023-10-02 14:17:30,873 [INFO] PluginManager:220 - loadIPPluginJar : add quadspi
2023-10-02 14:17:30,876 [INFO] IPUIPlugin:80 - create IPUIPlugin
2023-10-02 14:17:30,876 [INFO] PluginManager:220 - loadIPPluginJar : add aes
2023-10-02 14:17:30,879 [INFO] IPUIPlugin:80 - create IPUIPlugin
2023-10-02 14:17:30,879 [INFO] PluginManager:220 - loadIPPluginJar : add pdm2pcm
2023-10-02 14:17:30,881 [INFO] IPUIPlugin:80 - create IPUIPlugin
2023-10-02 14:17:30,881 [INFO] PluginManager:220 - loadIPPluginJar : add hash
2023-10-02 14:17:30,883 [INFO] IPUIPlugin:80 - create IPUIPlugin
2023-10-02 14:17:30,883 [INFO] PluginManager:220 - loadIPPluginJar : add tim
2023-10-02 14:17:30,884 [INFO] IPUIPlugin:80 - create IPUIPlugin
2023-10-02 14:17:30,884 [INFO] PluginManager:220 - loadIPPluginJar : add tsc
2023-10-02 14:17:30,886 [INFO] IPUIPlugin:80 - create IPUIPlugin
2023-10-02 14:17:30,886 [INFO] PluginManager:220 - loadIPPluginJar : add ts
2023-10-02 14:17:30,889 [INFO] IPUIPlugin:80 - create IPUIPlugin
2023-10-02 14:17:30,889 [INFO] PluginManager:220 - loadIPPluginJar : add can
2023-10-02 14:17:30,891 [INFO] IPUIPlugin:80 - create IPUIPlugin
2023-10-02 14:17:30,891 [INFO] PluginManager:220 - loadIPPluginJar : add dma3
2023-10-02 14:17:30,893 [INFO] IPUIPlugin:80 - create IPUIPlugin
2023-10-02 14:17:30,893 [INFO] PluginManager:220 - loadIPPluginJar : add dfsdm
2023-10-02 14:17:30,895 [INFO] IPUIPlugin:80 - create IPUIPlugin
2023-10-02 14:17:30,895 [INFO] PluginManager:220 - loadIPPluginJar : add spi
2023-10-02 14:17:30,898 [INFO] IPUIPlugin:80 - create IPUIPlugin
2023-10-02 14:17:30,898 [INFO] PluginManager:220 - loadIPPluginJar : add gfxmmu
2023-10-02 14:17:30,899 [INFO] IPUIPlugin:80 - create IPUIPlugin
2023-10-02 14:17:30,899 [INFO] PluginManager:220 - loadIPPluginJar : add genericplugin
2023-10-02 14:17:30,901 [INFO] IPUIPlugin:80 - create IPUIPlugin
2023-10-02 14:17:30,901 [INFO] PluginManager:220 - loadIPPluginJar : add cryp
2023-10-02 14:17:30,905 [INFO] IPUIPlugin:80 - create IPUIPlugin
2023-10-02 14:17:30,905 [INFO] PluginManager:220 - loadIPPluginJar : add gpio
2023-10-02 14:17:30,907 [INFO] IPUIPlugin:80 - create IPUIPlugin
2023-10-02 14:17:30,907 [INFO] PluginManager:220 - loadIPPluginJar : add comp
2023-10-02 14:17:30,908 [INFO] IPUIPlugin:80 - create IPUIPlugin
2023-10-02 14:17:30,909 [INFO] PluginManager:220 - loadIPPluginJar : add tracer_emb
2023-10-02 14:17:30,911 [INFO] IPUIPlugin:80 - create IPUIPlugin
2023-10-02 14:17:30,911 [INFO] PluginManager:220 - loadIPPluginJar : add openamp
2023-10-02 14:17:30,916 [INFO] IPUIPlugin:80 - create IPUIPlugin
2023-10-02 14:17:30,916 [INFO] PluginManager:220 - loadIPPluginJar : add stm32_wpan
2023-10-02 14:17:30,922 [INFO] IPUIPlugin:80 - create IPUIPlugin
2023-10-02 14:17:30,924 [INFO] PluginManager:220 - loadIPPluginJar : add plateformsettings
2023-10-02 14:17:30,927 [INFO] IPUIPlugin:80 - create IPUIPlugin
2023-10-02 14:17:30,927 [INFO] PluginManager:220 - loadIPPluginJar : add ipddr
2023-10-02 14:17:30,930 [INFO] IPUIPlugin:80 - create IPUIPlugin
2023-10-02 14:17:30,930 [INFO] PluginManager:220 - loadIPPluginJar : add usart
2023-10-02 14:17:30,931 [INFO] IPUIPlugin:80 - create IPUIPlugin
2023-10-02 14:17:30,931 [INFO] PluginManager:220 - loadIPPluginJar : add ltdc
2023-10-02 14:17:30,934 [INFO] IPUIPlugin:80 - create IPUIPlugin
2023-10-02 14:17:30,934 [INFO] PluginManager:220 - loadIPPluginJar : add nvic
2023-10-02 14:17:30,936 [INFO] IPUIPlugin:80 - create IPUIPlugin
2023-10-02 14:17:30,936 [INFO] PluginManager:220 - loadIPPluginJar : add fatfs
2023-10-02 14:17:30,943 [INFO] IPUIPlugin:80 - create IPUIPlugin
2023-10-02 14:17:30,943 [INFO] PluginManager:220 - loadIPPluginJar : add linkedlist
2023-10-02 14:17:30,948 [INFO] IPUIPlugin:80 - create IPUIPlugin
2023-10-02 14:17:30,948 [INFO] PluginManager:220 - loadIPPluginJar : add dma
2023-10-02 14:17:30,952 [INFO] IPUIPlugin:80 - create IPUIPlugin
2023-10-02 14:17:30,952 [INFO] PluginManager:220 - loadIPPluginJar : add fmc
2023-10-02 14:17:30,954 [INFO] IPUIPlugin:80 - create IPUIPlugin
2023-10-02 14:17:30,954 [INFO] PluginManager:220 - loadIPPluginJar : add i2s
2023-10-02 14:17:30,955 [INFO] IPUIPlugin:80 - create IPUIPlugin
2023-10-02 14:17:30,955 [INFO] PluginManager:220 - loadIPPluginJar : add ucpd
2023-10-02 14:17:30,957 [INFO] IPUIPlugin:80 - create IPUIPlugin
2023-10-02 14:17:30,957 [INFO] PluginManager:220 - loadIPPluginJar : add lorawan
2023-10-02 14:17:30,959 [INFO] IPUIPlugin:80 - create IPUIPlugin
2023-10-02 14:17:30,959 [INFO] PluginManager:220 - loadIPPluginJar : add opamp
2023-10-02 14:17:30,962 [INFO] IPUIPlugin:80 - create IPUIPlugin
2023-10-02 14:17:30,962 [INFO] PluginManager:220 - loadIPPluginJar : add i3c
2023-10-02 14:17:30,964 [INFO] IPUIPlugin:80 - create IPUIPlugin
2023-10-02 14:17:30,965 [INFO] PluginManager:220 - loadIPPluginJar : add touchsensing
2023-10-02 14:17:30,967 [INFO] IPUIPlugin:80 - create IPUIPlugin
2023-10-02 14:17:30,967 [INFO] PluginManager:220 - loadIPPluginJar : add i2c
2023-10-02 14:17:30,970 [INFO] IPUIPlugin:80 - create IPUIPlugin
2023-10-02 14:17:30,970 [INFO] PluginManager:220 - loadIPPluginJar : add resmgrutility
2023-10-02 14:17:30,972 [INFO] IPUIPlugin:80 - create IPUIPlugin
2023-10-02 14:17:30,973 [INFO] PluginManager:220 - loadIPPluginJar : add sai
2023-10-02 14:17:30,975 [INFO] IPUIPlugin:80 - create IPUIPlugin
2023-10-02 14:17:30,975 [INFO] PluginManager:220 - loadIPPluginJar : add usbx
2023-10-02 14:17:31,079 [INFO] CADModel:165 - CPN selected for project level
2023-10-02 14:17:31,079 [INFO] CADModel:114 - Register for checkConnection events
2023-10-02 14:17:31,080 [FATAL] Updater:308 - Updater called before beeing initialized
2023-10-02 14:17:31,080 [ERROR] CADModel:125 - Updater not yet initialized, retry later 
2023-10-02 14:17:31,273 [INFO] CADModel:165 - CPN selected for project level
2023-10-02 14:17:31,273 [INFO] CADModel:114 - Register for checkConnection events
2023-10-02 14:17:31,273 [FATAL] Updater:308 - Updater called before beeing initialized
2023-10-02 14:17:31,274 [ERROR] CADModel:125 - Updater not yet initialized, retry later 
2023-10-02 14:17:31,277 [FATAL] Updater:308 - Updater called before beeing initialized
2023-10-02 14:17:31,355 [FATAL] Updater:308 - Updater called before beeing initialized
2023-10-02 14:17:31,361 [INFO] DbMcusAds:53 - JSON generation date=Tue Mar 07 08:50:55 WET 2023 (1678179055114)
2023-10-02 14:17:31,361 [FATAL] Updater:308 - Updater called before beeing initialized
2023-10-02 14:17:31,527 [WARN] DetailPanel:346 - Failed to get advertising image, set to default
2023-10-02 14:17:31,648 [FATAL] Updater:308 - Updater called before beeing initialized
2023-10-02 14:17:31,650 [FATAL] Updater:308 - Updater called before beeing initialized
2023-10-02 14:17:31,650 [FATAL] Updater:308 - Updater called before beeing initialized
2023-10-02 14:17:31,650 [WARN] DetailPanel:346 - Failed to get advertising image, set to default
2023-10-02 14:17:31,651 [FATAL] Updater:308 - Updater called before beeing initialized
2023-10-02 14:17:31,676 [ERROR] Updater:1120 - MainUpdater not yet initialized. External WinMGr cannot be set.
2023-10-02 14:17:31,698 [INFO] Updater:1056 - Updater Version found : 6.9.0
2023-10-02 14:17:31,718 [INFO] ApplicationProperties:184 - Using Application install path: /Applications/STM32CubeIDE.app/Contents/Eclipse/plugins/com.st.stm32cube.common.mx_6.9.0.202307051724
2023-10-02 14:17:31,892 [INFO] MainUpdater:2868 - connection check result : 10
2023-10-02 14:17:31,893 [INFO] MainUpdater:285 - Updater Check For Update Now.
2023-10-02 14:17:31,893 [INFO] MicroXplorer:498 - Change Database Version : DB.6.0.90
2023-10-02 14:17:31,898 [INFO] McuFinderGlobals:63 - Set McuFinder mode to 2 (CubeIDE integrated)
2023-10-02 14:17:31,898 [INFO] UserAuth:179 - activating auth plugin
2023-10-02 14:17:31,901 [INFO] UserAuth:393 - Internet connection configuration mode: 1
2023-10-02 14:17:31,920 [INFO] JxBrowserEngine:151 - Initiate JxBrowser Engine with user profile folder
2023-10-02 14:17:32,059 [INFO] CheckServerUpdateThread:120 - End of CheckServer Thread
2023-10-02 14:17:33,870 [WARN] PackLoader:240 - Cannot read IP mode file for STMicroelectronics.X-CUBE-SMBUS.2.1.0
2023-10-02 14:17:33,906 [WARN] PackLoader:240 - Cannot read IP mode file for STMicroelectronics.X-CUBE-AZRTOS-F7.1.1.0
2023-10-02 14:17:33,918 [ERROR] RealEvaluatedCondition:428 - Found unsupported composite condition: GROUP='STM32_MetaDataManager' CLASS='Data Exchange'
2023-10-02 14:17:33,918 [ERROR] RealEvaluatedCondition:428 - Found unsupported composite condition: CLASS='Data Exchange' GROUP='STM32_MetaDataManager'
2023-10-02 14:17:33,921 [WARN] PackLoader:240 - Cannot read IP mode file for STMicroelectronics.FP-SNS-MOTENV1.4.3.0
2023-10-02 14:17:33,932 [WARN] PackLoader:240 - Cannot read IP mode file for STMicroelectronics.FP-SNS-MOTENV1.4.3.2
2023-10-02 14:17:33,938 [WARN] PackLoader:240 - Cannot read IP mode file for STMicroelectronics.FP-SNS-FLIGHT1.5.0.0
2023-10-02 14:17:33,943 [ERROR] RealEvaluatedCondition:428 - Found unsupported composite condition: CLASS='Data Exchange' GROUP='STM32_MetaDataManager'
2023-10-02 14:17:33,943 [ERROR] RealEvaluatedCondition:428 - Found unsupported composite condition: CLASS='Data Exchange' GROUP='STM32_MetaDataManager'
2023-10-02 14:17:33,945 [WARN] PackLoader:240 - Cannot read IP mode file for STMicroelectronics.FP-SNS-MOTENV1.4.3.1
2023-10-02 14:17:33,951 [WARN] PackLoader:240 - Cannot read IP mode file for STMicroelectronics.FP-SNS-FLIGHT1.5.0.1
2023-10-02 14:17:33,964 [WARN] PackLoader:240 - Cannot read IP mode file for STMicroelectronics.X-CUBE-BLE1.6.2.4
2023-10-02 14:17:33,967 [WARN] PackLoader:240 - Cannot read IP mode file for STMicroelectronics.FP-SNS-FLIGHT1.5.0.2
2023-10-02 14:17:33,975 [WARN] PackLoader:240 - Cannot read IP mode file for STMicroelectronics.X-CUBE-DISPLAY.3.0.0
2023-10-02 14:17:33,988 [WARN] PackLoader:240 - Cannot read IP mode file for STMicroelectronics.X-CUBE-BLE1.7.0.0
2023-10-02 14:17:33,994 [WARN] PackLoader:240 - Cannot read IP mode file for STMicroelectronics.X-CUBE-TOUCHGFX.4.22.0
2023-10-02 14:17:33,999 [WARN] PackLoader:240 - Cannot read IP mode file for STMicroelectronics.FP-SNS-SMARTAG2.1.2.0
2023-10-02 14:17:34,015 [INFO] LogOutputStream:77 - [STDOUT_REDIRECT] 1 : Invalid condition id : UX_CORESTACK_Condition cause : null
2023-10-02 14:17:34,016 [INFO] LogOutputStream:77 - [STDOUT_REDIRECT] 1 : Invalid condition id : UX_CORESTACK_Condition cause : null
2023-10-02 14:17:34,016 [INFO] LogOutputStream:77 - [STDOUT_REDIRECT] 1 : Invalid condition id : UX_CORESTACK_Condition cause : null
2023-10-02 14:17:34,016 [INFO] LogOutputStream:77 - [STDOUT_REDIRECT] 1 : Invalid condition id : UX_CORESTACK_Condition cause : null
2023-10-02 14:17:34,016 [INFO] LogOutputStream:77 - [STDOUT_REDIRECT] 1 : Invalid condition id : UX_CORESTACK_Condition cause : null
2023-10-02 14:17:34,021 [WARN] PackLoader:240 - Cannot read IP mode file for STMicroelectronics.X-CUBE-AZRTOS-WL.2.0.0
2023-10-02 14:17:34,030 [WARN] PackLoader:240 - Cannot read IP mode file for WES.I-CUBE-Cesium.1.3.0
2023-10-02 14:17:34,035 [WARN] PackLoader:240 - Cannot read IP mode file for STMicroelectronics.X-CUBE-BLE2.3.3.0
2023-10-02 14:17:34,047 [WARN] PackLoader:240 - Cannot read IP mode file for STMicroelectronics.X-CUBE-TOF1.3.2.0
2023-10-02 14:17:34,056 [WARN] PackLoader:240 - Cannot read IP mode file for STMicroelectronics.X-CUBE-TOUCHGFX.4.21.1
2023-10-02 14:17:34,058 [WARN] PackLoader:240 - Cannot read IP mode file for STMicroelectronics.X-CUBE-TOUCHGFX.4.21.3
2023-10-02 14:17:34,061 [WARN] PackLoader:240 - Cannot read IP mode file for STMicroelectronics.X-CUBE-TOUCHGFX.4.21.4
2023-10-02 14:17:34,067 [WARN] PackLoader:240 - Cannot read IP mode file for STMicroelectronics.X-CUBE-ALGOBUILD.1.3.0
2023-10-02 14:17:34,085 [WARN] PackLoader:240 - Cannot read IP mode file for STMicroelectronics.X-CUBE-AZRTOS-G0.1.1.0
2023-10-02 14:17:34,092 [WARN] PackLoader:240 - Cannot read IP mode file for STMicroelectronics.X-CUBE-NFC4.3.0.0
2023-10-02 14:17:34,100 [WARN] PackLoader:240 - Cannot read IP mode file for STMicroelectronics.X-CUBE-BLEMGR.1.3.0
2023-10-02 14:17:34,112 [WARN] PackLoader:240 - Cannot read IP mode file for STMicroelectronics.FP-ATR-SIGFOX1.3.2.0
2023-10-02 14:17:34,171 [WARN] PackLoader:240 - Cannot read IP mode file for STMicroelectronics.X-CUBE-MEMS1.9.5.0
2023-10-02 14:17:34,395 [INFO] WebApp:157 - Instantiating new browser for Auth
2023-10-02 14:17:34,451 [WARN] PackLoader:240 - Cannot read IP mode file for SEGGER.I-CUBE-embOS.1.3.1
2023-10-02 14:17:34,518 [WARN] PackLoader:240 - Cannot read IP mode file for STMicroelectronics.X-CUBE-GNSS1.6.0.0
2023-10-02 14:17:34,667 [WARN] PackLoader:240 - Cannot read IP mode file for STMicroelectronics.X-CUBE-AZRTOS-F4.1.1.0
2023-10-02 14:17:34,744 [WARN] PackLoader:240 - Cannot read IP mode file for STMicroelectronics.X-CUBE-AZRTOS-L5.2.0.0
2023-10-02 14:17:34,826 [WARN] PackLoader:240 - Cannot read IP mode file for STMicroelectronics.X-CUBE-MEMS1.9.6.0
2023-10-02 14:17:35,093 [WARN] PackLoader:240 - Cannot read IP mode file for emotas.I-CUBE-CANOPEN.1.1.3
2023-10-02 14:17:35,104 [WARN] PackLoader:240 - Cannot read IP mode file for STMicroelectronics.X-CUBE-BLEMGR.2.0.0
2023-10-02 14:17:35,128 [WARN] ConditionMgr:438 - getConditionDescription Invalid condition id : UX DEVICE CLASS RTOS Condition cause : null
2023-10-02 14:17:35,128 [WARN] ConditionMgr:438 - getConditionDescription Invalid condition id : UX DEVICE CLASS RTOS Condition cause : null
2023-10-02 14:17:35,132 [WARN] PackLoader:240 - Cannot read IP mode file for STMicroelectronics.X-CUBE-AZRTOS-H7.3.1.0
2023-10-02 14:17:35,133 [WARN] ConditionMgr:1039 - genDependencies : Invalid condition id : UX DEVICE CLASS RTOS Condition cause : null
2023-10-02 14:17:35,133 [WARN] ConditionMgr:1039 - genDependencies : Invalid condition id : UX DEVICE CLASS RTOS Condition cause : null
2023-10-02 14:17:35,134 [WARN] ConditionMgr:1039 - genDependencies : Invalid condition id : UX DEVICE CLASS RTOS Condition cause : null
2023-10-02 14:17:35,134 [WARN] ConditionMgr:1039 - genDependencies : Invalid condition id : UX DEVICE CLASS RTOS Condition cause : null
2023-10-02 14:17:35,135 [WARN] ConditionMgr:1039 - genDependencies : Invalid condition id : UX DEVICE CLASS RTOS Condition cause : null
2023-10-02 14:17:35,140 [WARN] PackLoader:240 - Cannot read IP mode file for wolfSSL.I-CUBE-wolfSSL.5.5.4
2023-10-02 14:17:35,145 [WARN] PackLoader:240 - Cannot read IP mode file for STMicroelectronics.X-CUBE-NFC7.1.0.1
2023-10-02 14:17:35,150 [WARN] PackLoader:240 - Cannot read IP mode file for STMicroelectronics.X-CUBE-NFC7.1.0.0
2023-10-02 14:17:35,160 [WARN] PackLoader:240 - Cannot read IP mode file for STMicroelectronics.X-CUBE-NFC6.3.0.0
2023-10-02 14:17:35,167 [WARN] PackLoader:240 - Cannot read IP mode file for STMicroelectronics.X-CUBE-EEPRMA1.4.1.0
2023-10-02 14:17:35,172 [WARN] PackLoader:240 - Cannot read IP mode file for STMicroelectronics.X-CUBE-AI.8.1.0
2023-10-02 14:17:35,201 [WARN] ConditionMgr:438 - getConditionDescription Invalid condition id : LAN8742 Phy interface Condition cause : null
2023-10-02 14:17:35,202 [WARN] PackLoader:240 - Cannot read IP mode file for STMicroelectronics.X-CUBE-AZRTOS-L4.2.0.0
2023-10-02 14:17:35,211 [WARN] ConditionMgr:1039 - genDependencies : Invalid condition id : LAN8742 Phy interface Condition cause : null
2023-10-02 14:17:35,211 [WARN] ConditionMgr:1039 - genDependencies : Invalid condition id : LAN8742 Phy interface Condition cause : null
2023-10-02 14:17:35,212 [WARN] ConditionMgr:1039 - genDependencies : Invalid condition id : LAN8742 Phy interface Condition cause : null
2023-10-02 14:17:35,226 [WARN] PackLoader:240 - Cannot read IP mode file for STMicroelectronics.X-CUBE-SFXS2LP1.4.0.0
2023-10-02 14:17:35,257 [WARN] PackLoader:240 - Cannot read IP mode file for STMicroelectronics.X-CUBE-AZRTOS-H7.3.0.0
2023-10-02 14:17:35,264 [WARN] PackLoader:240 - Cannot read IP mode file for STMicroelectronics.X-CUBE-ISPU.1.1.0
2023-10-02 14:17:35,270 [WARN] PackLoader:240 - Cannot read IP mode file for RoweBots.I-CUBE-UNISONRTOS.5.5.0-4
2023-10-02 14:17:35,274 [WARN] PackLoader:240 - Cannot read IP mode file for STMicroelectronics.X-CUBE-AI.8.0.0
2023-10-02 14:17:35,286 [WARN] ConditionMgr:438 - getConditionDescription Invalid condition id : UX DEVICE CLASS RTOS Condition cause : null
2023-10-02 14:17:35,286 [WARN] ConditionMgr:438 - getConditionDescription Invalid condition id : UX DEVICE CLASS RTOS Condition cause : null
2023-10-02 14:17:35,288 [WARN] PackLoader:240 - Cannot read IP mode file for STMicroelectronics.X-CUBE-AZRTOS-WB.2.0.0
2023-10-02 14:17:35,289 [WARN] ConditionMgr:1039 - genDependencies : Invalid condition id : UX DEVICE CLASS RTOS Condition cause : null
2023-10-02 14:17:35,289 [WARN] ConditionMgr:1039 - genDependencies : Invalid condition id : UX DEVICE CLASS RTOS Condition cause : null
2023-10-02 14:17:35,289 [WARN] ConditionMgr:1039 - genDependencies : Invalid condition id : UX DEVICE CLASS RTOS Condition cause : null
2023-10-02 14:17:35,289 [WARN] ConditionMgr:1039 - genDependencies : Invalid condition id : UX DEVICE CLASS RTOS Condition cause : null
2023-10-02 14:17:35,289 [WARN] ConditionMgr:1039 - genDependencies : Invalid condition id : UX DEVICE CLASS RTOS Condition cause : null
2023-10-02 14:17:35,293 [WARN] PackLoader:240 - Cannot read IP mode file for STMicroelectronics.X-CUBE-FREERTOS.1.0.0
2023-10-02 14:17:35,296 [WARN] PackLoader:240 - Cannot read IP mode file for STMicroelectronics.X-CUBE-FREERTOS.1.0.1
2023-10-02 14:17:35,309 [WARN] PackLoader:240 - Cannot read IP mode file for STMicroelectronics.X-CUBE-AZRTOS-L5.1.1.0
2023-10-02 14:17:35,313 [WARN] PackLoader:240 - Cannot read IP mode file for STMicroelectronics.X-CUBE-AI.8.0.1
2023-10-02 14:17:35,322 [WARN] PackLoader:240 - Cannot read IP mode file for STMicroelectronics.X-CUBE-SUBG2.5.0.0
2023-10-02 14:17:35,333 [WARN] PackLoader:240 - Cannot read IP mode file for STMicroelectronics.X-CUBE-TOF1.3.3.1
2023-10-02 14:17:35,353 [WARN] PackLoader:240 - Cannot read IP mode file for STMicroelectronics.X-CUBE-AZRTOS-G4.2.0.0
2023-10-02 14:17:35,363 [WARN] PackLoader:240 - Cannot read IP mode file for STMicroelectronics.X-CUBE-TOF1.3.3.0
2023-10-02 14:17:35,371 [WARN] PackLoader:240 - Cannot read IP mode file for STMicroelectronics.FP-ATR-ASTRA1.1.1.1
2023-10-02 14:17:35,383 [WARN] PackLoader:240 - Cannot read IP mode file for STMicroelectronics.X-CUBE-AZRTOS-G4.1.0.0
2023-10-02 14:17:35,407 [WARN] PackLoader:240 - Cannot read IP mode file for STMicroelectronics.X-CUBE-AZRTOS-L4.1.0.0
2023-10-02 14:17:35,417 [WARN] PackLoader:240 - Cannot read IP mode file for STMicroelectronics.X-CUBE-FREERTOS.1.1.0
2023-10-02 14:17:35,433 [WARN] PackLoader:240 - Cannot read IP mode file for STMicroelectronics.X-CUBE-AZRTOS-WL.1.0.0
2023-10-02 14:17:35,441 [WARN] PackLoader:240 - Cannot read IP mode file for portGmbH.I-Cube-SoM-uGOAL.1.1.0
2023-10-02 14:17:35,446 [WARN] PackLoader:240 - Cannot read IP mode file for STMicroelectronics.X-CUBE-ALS.1.0.1
2023-10-02 14:17:35,468 [WARN] PackLoader:240 - Cannot read IP mode file for STMicroelectronics.X-CUBE-AZRTOS-WB.1.1.0
2023-10-02 14:17:35,475 [WARN] PackLoader:240 - Cannot read IP mode file for STMicroelectronics.FP-ATR-ASTRA1.2.0.0
2023-10-02 14:17:35,477 [INFO] ThirdParty:978 - Integrity check success = true
2023-10-02 14:17:35,477 [INFO] IntegrityCheckThread:100 - exiting critical section [integrity check]
2023-10-02 14:17:35,477 [INFO] IntegrityCheckThread:103 - End integrity checks thread
2023-10-02 14:17:35,580 [INFO] WebApp:753 - Register for checkConnection events
2023-10-02 14:17:35,581 [INFO] WebApp:390 - Apply proxy settings
2023-10-02 14:17:35,584 [INFO] WebApp:455 - Chromium authenticates against System proxy
2023-10-02 14:17:35,855 [INFO] WebApp:188 - Starting web application
2023-10-02 14:17:35,855 [INFO] WebApp:520 - Web application path used /Applications/STM32CubeIDE.app/Contents/Eclipse/plugins/com.st.stm32cube.common.mx_6.9.0.202307051724/db/plugins/mcufinder/reactClient1/index.html
2023-10-02 14:17:56,787 [ERROR] LogOutputStream:75 - [STDERR_REDIRECT] SLF4J: Failed to load class "org.slf4j.impl.StaticLoggerBinder".
2023-10-02 14:17:56,787 [ERROR] LogOutputStream:75 - [STDERR_REDIRECT] SLF4J: Defaulting to no-operation (NOP) logger implementation
2023-10-02 14:17:56,787 [ERROR] LogOutputStream:75 - [STDERR_REDIRECT] SLF4J: See http://www.slf4j.org/codes.html#StaticLoggerBinder for further details.
