2023-10-13 10:36:57,682 [INFO] Activator:176 - 


2023-10-13 10:36:57,688 [INFO] Activator:177 - !SESSION log4j initialized
2023-10-13 10:37:01,739 [ERROR] LogOutputStream:75 - [STDERR_REDIRECT] 
2023-10-13 10:37:02,109 [INFO] LogOutputStream:77 - [STDOUT_REDIRECT] 
2023-10-13 10:37:04,314 [INFO] LogOutputStream:77 - [STDOUT_REDIRECT] 
2023-10-13 10:37:04,956 [INFO] ApplicationProperties:184 - Using Application install path: /Applications/STM32CubeIDE.app/Contents/Eclipse/plugins/com.st.stm32cube.common.mx_6.9.0.202307051724
2023-10-13 10:37:04,974 [INFO] DbMcusXml:78 - Set database path to: /Applications/STM32CubeIDE.app/Contents/Eclipse/plugins/com.st.stm32cube.common.mx_6.9.0.202307051724//db//mcu/
2023-10-13 10:37:04,974 [INFO] ApiDb:274 - Set plugin database path to: /Applications/STM32CubeIDE.app/Contents/Eclipse/plugins/com.st.stm32cube.common.mx_6.9.0.202307051724//db//plugins/boardmanager/
2023-10-13 10:37:04,974 [WARN] ApiDb:259 - Overriding images path with different value:  => /Applications/STM32CubeIDE.app/Contents/Eclipse/plugins/com.st.stm32cube.common.mx_6.9.0.202307051724//db//plugins/mcufinder/images/
2023-10-13 10:37:04,987 [INFO] ApiDb:250 - Set database path to: /Users/gilbertomartins/.stmcufinder/plugins/mcufinder//mcu/
2023-10-13 10:37:04,989 [INFO] DbMcusAds:125 - Set database path to: /Users/gilbertomartins/.stmcufinder/plugins/mcufinder//mcu/
2023-10-13 10:37:04,992 [INFO] CrossReferenceDbSqlite:203 - Set database path to: /Users/gilbertomartins/.stmcufinder/plugins/mcufinder//mcu/cs/
2023-10-13 10:37:05,097 [INFO] RulesReader:64 - Compatibility file has been processed (293 Rules)
2023-10-13 10:37:05,168 [INFO] DbMcusXml:78 - Set database path to: /Applications/STM32CubeIDE.app/Contents/Eclipse/plugins/com.st.stm32cube.common.mx_6.9.0.202307051724//db//mcu/
2023-10-13 10:37:05,168 [INFO] ApiDb:274 - Set plugin database path to: /Applications/STM32CubeIDE.app/Contents/Eclipse/plugins/com.st.stm32cube.common.mx_6.9.0.202307051724//db//plugins/boardmanager/
2023-10-13 10:37:05,168 [INFO] ApiDb:261 - Set plugin images path to: /Applications/STM32CubeIDE.app/Contents/Eclipse/plugins/com.st.stm32cube.common.mx_6.9.0.202307051724//db//plugins/mcufinder/images/
2023-10-13 10:37:05,169 [WARN] DbFile:41 - Overriding database path with different value: /Users/gilbertomartins/.stmcufinder/plugins/mcufinder/ => /Users/gilbertomartins/.stmcufinder/plugins/mcufinder
2023-10-13 10:37:05,169 [INFO] ApiDb:250 - Set database path to: /Users/gilbertomartins/.stmcufinder/plugins/mcufinder//mcu/
2023-10-13 10:37:05,169 [WARN] DbFile:41 - Overriding database path with different value: /Users/gilbertomartins/.stmcufinder/plugins/mcufinder/ => /Users/gilbertomartins/.stmcufinder/plugins/mcufinder
2023-10-13 10:37:05,169 [INFO] DbMcusAds:125 - Set database path to: /Users/gilbertomartins/.stmcufinder/plugins/mcufinder//mcu/
2023-10-13 10:37:05,169 [WARN] DbFile:41 - Overriding database path with different value: /Users/gilbertomartins/.stmcufinder/plugins/mcufinder/ => /Users/gilbertomartins/.stmcufinder/plugins/mcufinder
2023-10-13 10:37:05,169 [WARN] DbFile:41 - Overriding database path with different value: /Users/gilbertomartins/.stmcufinder/plugins/mcufinder/ => /Users/gilbertomartins/.stmcufinder/plugins/mcufinder
2023-10-13 10:37:05,169 [INFO] CrossReferenceDbSqlite:203 - Set database path to: /Users/gilbertomartins/.stmcufinder/plugins/mcufinder//mcu/cs/
2023-10-13 10:37:05,251 [INFO] MainPanel:262 - HeapMemory: 268435456
2023-10-13 10:37:05,347 [INFO] DbMcusXml:78 - Set database path to: /Applications/STM32CubeIDE.app/Contents/Eclipse/plugins/com.st.stm32cube.common.mx_6.9.0.202307051724//db//mcu/
2023-10-13 10:37:05,348 [INFO] ApiDb:274 - Set plugin database path to: /Applications/STM32CubeIDE.app/Contents/Eclipse/plugins/com.st.stm32cube.common.mx_6.9.0.202307051724//db//plugins/boardmanager/
2023-10-13 10:37:05,348 [INFO] ApiDb:261 - Set plugin images path to: /Applications/STM32CubeIDE.app/Contents/Eclipse/plugins/com.st.stm32cube.common.mx_6.9.0.202307051724//db//plugins/mcufinder/images/
2023-10-13 10:37:05,348 [WARN] DbFile:41 - Overriding database path with different value: /Users/gilbertomartins/.stmcufinder/plugins/mcufinder/ => /Users/gilbertomartins/.stmcufinder/plugins/mcufinder
2023-10-13 10:37:05,348 [INFO] ApiDb:250 - Set database path to: /Users/gilbertomartins/.stmcufinder/plugins/mcufinder//mcu/
2023-10-13 10:37:05,349 [WARN] DbFile:41 - Overriding database path with different value: /Users/gilbertomartins/.stmcufinder/plugins/mcufinder/ => /Users/gilbertomartins/.stmcufinder/plugins/mcufinder
2023-10-13 10:37:05,349 [INFO] DbMcusAds:125 - Set database path to: /Users/gilbertomartins/.stmcufinder/plugins/mcufinder//mcu/
2023-10-13 10:37:05,349 [WARN] DbFile:41 - Overriding database path with different value: /Users/gilbertomartins/.stmcufinder/plugins/mcufinder/ => /Users/gilbertomartins/.stmcufinder/plugins/mcufinder
2023-10-13 10:37:05,349 [WARN] DbFile:41 - Overriding database path with different value: /Users/gilbertomartins/.stmcufinder/plugins/mcufinder/ => /Users/gilbertomartins/.stmcufinder/plugins/mcufinder
2023-10-13 10:37:05,349 [INFO] CrossReferenceDbSqlite:203 - Set database path to: /Users/gilbertomartins/.stmcufinder/plugins/mcufinder//mcu/cs/
2023-10-13 10:37:05,366 [INFO] ApplicationProperties:184 - Using Application install path: /Applications/STM32CubeIDE.app/Contents/Eclipse/plugins/com.st.stm32cube.common.mx_6.9.0.202307051724
2023-10-13 10:37:05,368 [INFO] PluginManage:196 - Search for loadable plugins [exclusion list=, ]
2023-10-13 10:37:05,369 [INFO] PluginManage:310 - Check plugin analytics
2023-10-13 10:37:05,533 [INFO] AnalyticsPlugin:253 - Accepted Software Licenses: 
2023-10-13 10:37:05,533 [INFO] AnalyticsPlugin:255 - Accepted CMSIS Pack Licenses: 
2023-10-13 10:37:05,534 [INFO] AnalyticsPlugin:257 - Accepted Firmware Licenses: FW.F4.1.27.0
2023-10-13 10:37:05,537 [INFO] PluginManage:359 - Loaded plugin analytics (category:tool,tabindex:-1)
2023-10-13 10:37:05,537 [INFO] PluginManage:310 - Check plugin cadmodel
2023-10-13 10:37:06,253 [INFO] CADModel:105 - Init CAD model plugin
2023-10-13 10:37:06,253 [INFO] PluginManage:359 - Loaded plugin cadmodel (category:power,tabindex:5)
2023-10-13 10:37:06,253 [INFO] PluginManage:310 - Check plugin clock
2023-10-13 10:37:06,264 [INFO] PluginManage:359 - Loaded plugin clock (category:base,tabindex:2)
2023-10-13 10:37:06,264 [INFO] PluginManage:310 - Check plugin ddr
2023-10-13 10:37:06,267 [INFO] PluginManage:359 - Loaded plugin ddr (category:tool,tabindex:6)
2023-10-13 10:37:06,267 [INFO] PluginManage:310 - Check plugin filemanager
2023-10-13 10:37:06,398 [INFO] PluginManage:359 - Loaded plugin filemanager (category:base,tabindex:10)
2023-10-13 10:37:06,399 [INFO] PluginManage:310 - Check plugin ipmanager
2023-10-13 10:37:06,405 [INFO] PluginManage:359 - Loaded plugin ipmanager (category:base,tabindex:5)
2023-10-13 10:37:06,406 [INFO] PluginManage:310 - Check plugin lpbam
2023-10-13 10:37:06,416 [INFO] PluginManage:359 - Loaded plugin lpbam (category:base,tabindex:0)
2023-10-13 10:37:06,416 [INFO] PluginManage:310 - Check plugin memorymap
2023-10-13 10:37:06,429 [INFO] PluginManage:359 - Loaded plugin memorymap (category:base,tabindex:4)
2023-10-13 10:37:06,430 [INFO] PluginManage:310 - Check plugin pinoutandconfiguration
2023-10-13 10:37:06,437 [INFO] PluginManage:359 - Loaded plugin pinoutandconfiguration (category:base,tabindex:1)
2023-10-13 10:37:06,437 [INFO] PluginManage:310 - Check plugin pinoutconfig
2023-10-13 10:37:06,528 [WARN] SupportedApi:132 - Cannot load RTOS API schema: s4s-elt-must-match.1: The content of 'definitions' must match (annotation?, (simpleType | complexType)?, (unique | key | keyref)*)). A problem was found starting at: attribute.
2023-10-13 10:37:06,675 [INFO] PluginManage:359 - Loaded plugin pinoutconfig (category:base,tabindex:0)
2023-10-13 10:37:06,675 [INFO] PluginManage:310 - Check plugin power
2023-10-13 10:37:06,687 [INFO] PluginManage:359 - Loaded plugin power (category:power,tabindex:4)
2023-10-13 10:37:06,688 [INFO] PluginManage:310 - Check plugin projectmanager
2023-10-13 10:37:06,700 [INFO] PluginManage:359 - Loaded plugin projectmanager (category:projectmanager,tabindex:3)
2023-10-13 10:37:06,701 [INFO] PluginManage:310 - Check plugin thirdparty
2023-10-13 10:37:06,819 [INFO] PluginManage:359 - Loaded plugin thirdparty (category:base,tabindex:-1)
2023-10-13 10:37:06,819 [WARN] IntegrityCheckThread:84 - waiting for thirdparty lock release [integrity check]
2023-10-13 10:37:06,819 [INFO] PluginManage:310 - Check plugin tools
2023-10-13 10:37:06,819 [INFO] IntegrityCheckThread:86 - entering critical section [integrity check]
2023-10-13 10:37:06,820 [INFO] ThirdPartyUpdaterWithRetryManager:70 - Updater plugin not ready yet. [1/15]
2023-10-13 10:37:06,821 [INFO] PluginManage:359 - Loaded plugin tools (category:base,tabindex:7)
2023-10-13 10:37:06,821 [INFO] PluginManage:310 - Check plugin tutovideos
2023-10-13 10:37:06,990 [INFO] PluginManage:359 - Loaded plugin tutovideos (category:base,tabindex:-1)
2023-10-13 10:37:06,991 [INFO] PluginManage:310 - Check plugin updater
2023-10-13 10:37:07,001 [INFO] PluginManage:359 - Loaded plugin updater (category:base,tabindex:12)
2023-10-13 10:37:07,001 [INFO] PluginManage:310 - Check plugin userauth
2023-10-13 10:37:07,006 [INFO] UserAuth:113 - Init User Auth plugin
2023-10-13 10:37:07,007 [INFO] PluginManage:359 - Loaded plugin userauth (category:base,tabindex:14)
2023-10-13 10:37:07,007 [INFO] PluginManage:283 - PluginManage : Loaded plugins [17]
2023-10-13 10:37:07,188 [INFO] PinOutPanel:1499 - setPackage(No Configuration,No Configuration)
2023-10-13 10:37:07,281 [INFO] CADModel:165 - CPN selected for project level
2023-10-13 10:37:07,281 [INFO] CADModel:114 - Register for checkConnection events
2023-10-13 10:37:07,294 [INFO] IPUIPlugin:80 - create IPUIPlugin
2023-10-13 10:37:07,295 [INFO] PluginManager:220 - loadIPPluginJar : add mdma
2023-10-13 10:37:07,303 [INFO] IPUIPlugin:80 - create IPUIPlugin
2023-10-13 10:37:07,303 [INFO] PluginManager:220 - loadIPPluginJar : add freertos
2023-10-13 10:37:07,308 [INFO] IPUIPlugin:80 - create IPUIPlugin
2023-10-13 10:37:07,309 [INFO] PluginManager:220 - loadIPPluginJar : add gic
2023-10-13 10:37:07,318 [INFO] IPUIPlugin:80 - create IPUIPlugin
2023-10-13 10:37:07,318 [INFO] PluginManager:220 - loadIPPluginJar : add adc
2023-10-13 10:37:07,320 [INFO] IPUIPlugin:80 - create IPUIPlugin
2023-10-13 10:37:07,321 [INFO] PluginManager:220 - loadIPPluginJar : add gtzc
2023-10-13 10:37:07,322 [INFO] IPUIPlugin:80 - create IPUIPlugin
2023-10-13 10:37:07,322 [INFO] PluginManager:220 - loadIPPluginJar : add quadspi
2023-10-13 10:37:07,324 [INFO] IPUIPlugin:80 - create IPUIPlugin
2023-10-13 10:37:07,324 [INFO] PluginManager:220 - loadIPPluginJar : add aes
2023-10-13 10:37:07,327 [INFO] IPUIPlugin:80 - create IPUIPlugin
2023-10-13 10:37:07,327 [INFO] PluginManager:220 - loadIPPluginJar : add pdm2pcm
2023-10-13 10:37:07,330 [INFO] IPUIPlugin:80 - create IPUIPlugin
2023-10-13 10:37:07,330 [INFO] PluginManager:220 - loadIPPluginJar : add hash
2023-10-13 10:37:07,331 [INFO] IPUIPlugin:80 - create IPUIPlugin
2023-10-13 10:37:07,332 [INFO] PluginManager:220 - loadIPPluginJar : add tim
2023-10-13 10:37:07,333 [INFO] IPUIPlugin:80 - create IPUIPlugin
2023-10-13 10:37:07,333 [INFO] PluginManager:220 - loadIPPluginJar : add tsc
2023-10-13 10:37:07,335 [INFO] IPUIPlugin:80 - create IPUIPlugin
2023-10-13 10:37:07,335 [INFO] PluginManager:220 - loadIPPluginJar : add ts
2023-10-13 10:37:07,338 [INFO] IPUIPlugin:80 - create IPUIPlugin
2023-10-13 10:37:07,338 [INFO] PluginManager:220 - loadIPPluginJar : add can
2023-10-13 10:37:07,340 [INFO] IPUIPlugin:80 - create IPUIPlugin
2023-10-13 10:37:07,340 [INFO] PluginManager:220 - loadIPPluginJar : add dma3
2023-10-13 10:37:07,342 [INFO] IPUIPlugin:80 - create IPUIPlugin
2023-10-13 10:37:07,342 [INFO] PluginManager:220 - loadIPPluginJar : add dfsdm
2023-10-13 10:37:07,344 [INFO] IPUIPlugin:80 - create IPUIPlugin
2023-10-13 10:37:07,345 [INFO] PluginManager:220 - loadIPPluginJar : add spi
2023-10-13 10:37:07,347 [INFO] IPUIPlugin:80 - create IPUIPlugin
2023-10-13 10:37:07,347 [INFO] PluginManager:220 - loadIPPluginJar : add gfxmmu
2023-10-13 10:37:07,348 [INFO] IPUIPlugin:80 - create IPUIPlugin
2023-10-13 10:37:07,348 [INFO] PluginManager:220 - loadIPPluginJar : add genericplugin
2023-10-13 10:37:07,350 [INFO] IPUIPlugin:80 - create IPUIPlugin
2023-10-13 10:37:07,350 [INFO] PluginManager:220 - loadIPPluginJar : add cryp
2023-10-13 10:37:07,354 [INFO] IPUIPlugin:80 - create IPUIPlugin
2023-10-13 10:37:07,354 [INFO] PluginManager:220 - loadIPPluginJar : add gpio
2023-10-13 10:37:07,356 [INFO] IPUIPlugin:80 - create IPUIPlugin
2023-10-13 10:37:07,356 [INFO] PluginManager:220 - loadIPPluginJar : add comp
2023-10-13 10:37:07,357 [INFO] IPUIPlugin:80 - create IPUIPlugin
2023-10-13 10:37:07,357 [INFO] PluginManager:220 - loadIPPluginJar : add tracer_emb
2023-10-13 10:37:07,360 [INFO] IPUIPlugin:80 - create IPUIPlugin
2023-10-13 10:37:07,360 [INFO] PluginManager:220 - loadIPPluginJar : add openamp
2023-10-13 10:37:07,364 [INFO] IPUIPlugin:80 - create IPUIPlugin
2023-10-13 10:37:07,365 [INFO] PluginManager:220 - loadIPPluginJar : add stm32_wpan
2023-10-13 10:37:07,370 [INFO] IPUIPlugin:80 - create IPUIPlugin
2023-10-13 10:37:07,372 [INFO] PluginManager:220 - loadIPPluginJar : add plateformsettings
2023-10-13 10:37:07,376 [INFO] IPUIPlugin:80 - create IPUIPlugin
2023-10-13 10:37:07,376 [INFO] PluginManager:220 - loadIPPluginJar : add ipddr
2023-10-13 10:37:07,379 [INFO] IPUIPlugin:80 - create IPUIPlugin
2023-10-13 10:37:07,379 [INFO] PluginManager:220 - loadIPPluginJar : add usart
2023-10-13 10:37:07,380 [INFO] IPUIPlugin:80 - create IPUIPlugin
2023-10-13 10:37:07,380 [INFO] PluginManager:220 - loadIPPluginJar : add ltdc
2023-10-13 10:37:07,383 [INFO] IPUIPlugin:80 - create IPUIPlugin
2023-10-13 10:37:07,383 [INFO] PluginManager:220 - loadIPPluginJar : add nvic
2023-10-13 10:37:07,385 [INFO] IPUIPlugin:80 - create IPUIPlugin
2023-10-13 10:37:07,385 [INFO] PluginManager:220 - loadIPPluginJar : add fatfs
2023-10-13 10:37:07,391 [INFO] IPUIPlugin:80 - create IPUIPlugin
2023-10-13 10:37:07,391 [INFO] PluginManager:220 - loadIPPluginJar : add linkedlist
2023-10-13 10:37:07,396 [INFO] IPUIPlugin:80 - create IPUIPlugin
2023-10-13 10:37:07,396 [INFO] PluginManager:220 - loadIPPluginJar : add dma
2023-10-13 10:37:07,399 [INFO] IPUIPlugin:80 - create IPUIPlugin
2023-10-13 10:37:07,399 [INFO] PluginManager:220 - loadIPPluginJar : add fmc
2023-10-13 10:37:07,401 [INFO] IPUIPlugin:80 - create IPUIPlugin
2023-10-13 10:37:07,401 [INFO] PluginManager:220 - loadIPPluginJar : add i2s
2023-10-13 10:37:07,403 [INFO] IPUIPlugin:80 - create IPUIPlugin
2023-10-13 10:37:07,403 [INFO] PluginManager:220 - loadIPPluginJar : add ucpd
2023-10-13 10:37:07,405 [INFO] IPUIPlugin:80 - create IPUIPlugin
2023-10-13 10:37:07,405 [INFO] PluginManager:220 - loadIPPluginJar : add lorawan
2023-10-13 10:37:07,407 [INFO] IPUIPlugin:80 - create IPUIPlugin
2023-10-13 10:37:07,407 [INFO] PluginManager:220 - loadIPPluginJar : add opamp
2023-10-13 10:37:07,409 [INFO] IPUIPlugin:80 - create IPUIPlugin
2023-10-13 10:37:07,409 [INFO] PluginManager:220 - loadIPPluginJar : add i3c
2023-10-13 10:37:07,412 [INFO] IPUIPlugin:80 - create IPUIPlugin
2023-10-13 10:37:07,412 [INFO] PluginManager:220 - loadIPPluginJar : add touchsensing
2023-10-13 10:37:07,415 [INFO] IPUIPlugin:80 - create IPUIPlugin
2023-10-13 10:37:07,415 [INFO] PluginManager:220 - loadIPPluginJar : add i2c
2023-10-13 10:37:07,418 [INFO] IPUIPlugin:80 - create IPUIPlugin
2023-10-13 10:37:07,418 [INFO] PluginManager:220 - loadIPPluginJar : add resmgrutility
2023-10-13 10:37:07,420 [INFO] IPUIPlugin:80 - create IPUIPlugin
2023-10-13 10:37:07,420 [INFO] PluginManager:220 - loadIPPluginJar : add sai
2023-10-13 10:37:07,423 [INFO] IPUIPlugin:80 - create IPUIPlugin
2023-10-13 10:37:07,423 [INFO] PluginManager:220 - loadIPPluginJar : add usbx
2023-10-13 10:37:07,525 [INFO] CADModel:165 - CPN selected for project level
2023-10-13 10:37:07,525 [INFO] CADModel:114 - Register for checkConnection events
2023-10-13 10:37:07,525 [FATAL] Updater:308 - Updater called before beeing initialized
2023-10-13 10:37:07,525 [ERROR] CADModel:125 - Updater not yet initialized, retry later 
2023-10-13 10:37:07,693 [INFO] CADModel:165 - CPN selected for project level
2023-10-13 10:37:07,693 [INFO] CADModel:114 - Register for checkConnection events
2023-10-13 10:37:07,694 [FATAL] Updater:308 - Updater called before beeing initialized
2023-10-13 10:37:07,694 [ERROR] CADModel:125 - Updater not yet initialized, retry later 
2023-10-13 10:37:07,697 [FATAL] Updater:308 - Updater called before beeing initialized
2023-10-13 10:37:07,766 [FATAL] Updater:308 - Updater called before beeing initialized
2023-10-13 10:37:07,771 [INFO] DbMcusAds:53 - JSON generation date=Tue Mar 07 08:50:55 WET 2023 (1678179055114)
2023-10-13 10:37:07,771 [FATAL] Updater:308 - Updater called before beeing initialized
2023-10-13 10:37:07,920 [WARN] DetailPanel:346 - Failed to get advertising image, set to default
2023-10-13 10:37:08,008 [FATAL] Updater:308 - Updater called before beeing initialized
2023-10-13 10:37:08,010 [FATAL] Updater:308 - Updater called before beeing initialized
2023-10-13 10:37:08,011 [FATAL] Updater:308 - Updater called before beeing initialized
2023-10-13 10:37:08,011 [WARN] DetailPanel:346 - Failed to get advertising image, set to default
2023-10-13 10:37:08,011 [FATAL] Updater:308 - Updater called before beeing initialized
2023-10-13 10:37:08,037 [ERROR] Updater:1120 - MainUpdater not yet initialized. External WinMGr cannot be set.
2023-10-13 10:37:08,060 [INFO] Updater:1056 - Updater Version found : 6.9.0
2023-10-13 10:37:08,078 [INFO] ApplicationProperties:184 - Using Application install path: /Applications/STM32CubeIDE.app/Contents/Eclipse/plugins/com.st.stm32cube.common.mx_6.9.0.202307051724
2023-10-13 10:37:08,240 [INFO] MainUpdater:2868 - connection check result : 10
2023-10-13 10:37:08,241 [INFO] MainUpdater:285 - Updater Check For Update Now.
2023-10-13 10:37:08,241 [INFO] MicroXplorer:498 - Change Database Version : DB.6.0.90
2023-10-13 10:37:08,247 [INFO] McuFinderGlobals:63 - Set McuFinder mode to 2 (CubeIDE integrated)
2023-10-13 10:37:08,247 [INFO] UserAuth:179 - activating auth plugin
2023-10-13 10:37:08,254 [INFO] UserAuth:393 - Internet connection configuration mode: 1
2023-10-13 10:37:08,274 [INFO] JxBrowserEngine:151 - Initiate JxBrowser Engine with user profile folder
2023-10-13 10:37:08,423 [INFO] CheckServerUpdateThread:120 - End of CheckServer Thread
2023-10-13 10:37:10,155 [INFO] WebApp:157 - Instantiating new browser for Auth
2023-10-13 10:37:11,011 [WARN] PackLoader:240 - Cannot read IP mode file for STMicroelectronics.X-CUBE-SMBUS.2.1.0
2023-10-13 10:37:11,040 [WARN] PackLoader:240 - Cannot read IP mode file for STMicroelectronics.X-CUBE-AZRTOS-F7.1.1.0
2023-10-13 10:37:11,049 [ERROR] RealEvaluatedCondition:428 - Found unsupported composite condition: GROUP='STM32_MetaDataManager' CLASS='Data Exchange'
2023-10-13 10:37:11,049 [ERROR] RealEvaluatedCondition:428 - Found unsupported composite condition: GROUP='STM32_MetaDataManager' CLASS='Data Exchange'
2023-10-13 10:37:11,051 [WARN] PackLoader:240 - Cannot read IP mode file for STMicroelectronics.FP-SNS-MOTENV1.4.3.0
2023-10-13 10:37:11,058 [WARN] PackLoader:240 - Cannot read IP mode file for STMicroelectronics.FP-SNS-MOTENV1.4.3.2
2023-10-13 10:37:11,063 [WARN] PackLoader:240 - Cannot read IP mode file for STMicroelectronics.FP-SNS-FLIGHT1.5.0.0
2023-10-13 10:37:11,066 [ERROR] RealEvaluatedCondition:428 - Found unsupported composite condition: GROUP='STM32_MetaDataManager' CLASS='Data Exchange'
2023-10-13 10:37:11,066 [ERROR] RealEvaluatedCondition:428 - Found unsupported composite condition: GROUP='STM32_MetaDataManager' CLASS='Data Exchange'
2023-10-13 10:37:11,067 [WARN] PackLoader:240 - Cannot read IP mode file for STMicroelectronics.FP-SNS-MOTENV1.4.3.1
2023-10-13 10:37:11,073 [WARN] PackLoader:240 - Cannot read IP mode file for STMicroelectronics.FP-SNS-FLIGHT1.5.0.1
2023-10-13 10:37:11,097 [WARN] PackLoader:240 - Cannot read IP mode file for STMicroelectronics.X-CUBE-BLE1.6.2.4
2023-10-13 10:37:11,118 [WARN] PackLoader:240 - Cannot read IP mode file for STMicroelectronics.FP-SNS-FLIGHT1.5.0.2
2023-10-13 10:37:11,124 [WARN] PackLoader:240 - Cannot read IP mode file for STMicroelectronics.X-CUBE-DISPLAY.3.0.0
2023-10-13 10:37:11,132 [WARN] PackLoader:240 - Cannot read IP mode file for STMicroelectronics.X-CUBE-BLE1.7.0.0
2023-10-13 10:37:11,136 [WARN] PackLoader:240 - Cannot read IP mode file for STMicroelectronics.X-CUBE-TOUCHGFX.4.22.0
2023-10-13 10:37:11,139 [WARN] PackLoader:240 - Cannot read IP mode file for STMicroelectronics.X-CUBE-TOUCHGFX.4.22.1
2023-10-13 10:37:11,143 [WARN] PackLoader:240 - Cannot read IP mode file for STMicroelectronics.FP-SNS-SMARTAG2.1.2.0
2023-10-13 10:37:11,154 [INFO] LogOutputStream:77 - [STDOUT_REDIRECT] 1 : Invalid condition id : UX_CORESTACK_Condition cause : null
2023-10-13 10:37:11,155 [INFO] LogOutputStream:77 - [STDOUT_REDIRECT] 1 : Invalid condition id : UX_CORESTACK_Condition cause : null
2023-10-13 10:37:11,155 [INFO] LogOutputStream:77 - [STDOUT_REDIRECT] 1 : Invalid condition id : UX_CORESTACK_Condition cause : null
2023-10-13 10:37:11,156 [INFO] LogOutputStream:77 - [STDOUT_REDIRECT] 1 : Invalid condition id : UX_CORESTACK_Condition cause : null
2023-10-13 10:37:11,156 [INFO] LogOutputStream:77 - [STDOUT_REDIRECT] 1 : Invalid condition id : UX_CORESTACK_Condition cause : null
2023-10-13 10:37:11,166 [INFO] WebApp:753 - Register for checkConnection events
2023-10-13 10:37:11,167 [INFO] WebApp:390 - Apply proxy settings
2023-10-13 10:37:11,167 [WARN] PackLoader:240 - Cannot read IP mode file for STMicroelectronics.X-CUBE-AZRTOS-WL.2.0.0
2023-10-13 10:37:11,170 [INFO] WebApp:455 - Chromium authenticates against System proxy
2023-10-13 10:37:11,174 [WARN] PackLoader:240 - Cannot read IP mode file for WES.I-CUBE-Cesium.1.3.0
2023-10-13 10:37:11,184 [WARN] PackLoader:240 - Cannot read IP mode file for STMicroelectronics.X-CUBE-BLE2.3.3.0
2023-10-13 10:37:11,195 [WARN] PackLoader:240 - Cannot read IP mode file for STMicroelectronics.X-CUBE-TOF1.3.2.0
2023-10-13 10:37:11,204 [WARN] PackLoader:240 - Cannot read IP mode file for STMicroelectronics.X-CUBE-TOUCHGFX.4.21.1
2023-10-13 10:37:11,206 [WARN] PackLoader:240 - Cannot read IP mode file for STMicroelectronics.X-CUBE-TOUCHGFX.4.21.3
2023-10-13 10:37:11,208 [WARN] PackLoader:240 - Cannot read IP mode file for STMicroelectronics.X-CUBE-TOUCHGFX.4.21.4
2023-10-13 10:37:11,214 [WARN] PackLoader:240 - Cannot read IP mode file for STMicroelectronics.X-CUBE-ALGOBUILD.1.3.0
2023-10-13 10:37:11,233 [WARN] PackLoader:240 - Cannot read IP mode file for STMicroelectronics.X-CUBE-AZRTOS-G0.1.1.0
2023-10-13 10:37:11,241 [WARN] PackLoader:240 - Cannot read IP mode file for STMicroelectronics.X-CUBE-NFC4.3.0.0
2023-10-13 10:37:11,250 [WARN] PackLoader:240 - Cannot read IP mode file for STMicroelectronics.X-CUBE-BLEMGR.1.3.0
2023-10-13 10:37:11,256 [WARN] PackLoader:240 - Cannot read IP mode file for STMicroelectronics.FP-ATR-SIGFOX1.3.2.0
2023-10-13 10:37:11,298 [WARN] PackLoader:240 - Cannot read IP mode file for STMicroelectronics.X-CUBE-MEMS1.9.5.0
2023-10-13 10:37:11,397 [INFO] WebApp:188 - Starting web application
2023-10-13 10:37:11,397 [INFO] WebApp:520 - Web application path used /Applications/STM32CubeIDE.app/Contents/Eclipse/plugins/com.st.stm32cube.common.mx_6.9.0.202307051724/db/plugins/mcufinder/reactClient1/index.html
2023-10-13 10:37:11,552 [WARN] PackLoader:240 - Cannot read IP mode file for SEGGER.I-CUBE-embOS.1.3.1
2023-10-13 10:37:11,632 [WARN] PackLoader:240 - Cannot read IP mode file for STMicroelectronics.X-CUBE-GNSS1.6.0.0
2023-10-13 10:37:11,662 [WARN] PackLoader:240 - Cannot read IP mode file for STMicroelectronics.X-CUBE-AZRTOS-F4.1.1.0
2023-10-13 10:37:11,694 [WARN] PackLoader:240 - Cannot read IP mode file for STMicroelectronics.X-CUBE-AZRTOS-L5.2.0.0
2023-10-13 10:37:11,762 [WARN] PackLoader:240 - Cannot read IP mode file for STMicroelectronics.X-CUBE-MEMS1.9.6.0
2023-10-13 10:37:11,982 [WARN] PackLoader:240 - Cannot read IP mode file for ITTIA_DB.I-CUBE-ITTIADB.8.8.0
2023-10-13 10:37:11,996 [WARN] PackLoader:240 - Cannot read IP mode file for emotas.I-CUBE-CANOPEN.1.1.3
2023-10-13 10:37:12,010 [WARN] PackLoader:240 - Cannot read IP mode file for STMicroelectronics.X-CUBE-BLEMGR.2.0.0
2023-10-13 10:37:12,044 [WARN] ConditionMgr:438 - getConditionDescription Invalid condition id : UX DEVICE CLASS RTOS Condition cause : null
2023-10-13 10:37:12,044 [WARN] ConditionMgr:438 - getConditionDescription Invalid condition id : UX DEVICE CLASS RTOS Condition cause : null
2023-10-13 10:37:12,047 [WARN] PackLoader:240 - Cannot read IP mode file for STMicroelectronics.X-CUBE-AZRTOS-H7.3.1.0
2023-10-13 10:37:12,049 [WARN] ConditionMgr:1039 - genDependencies : Invalid condition id : UX DEVICE CLASS RTOS Condition cause : null
2023-10-13 10:37:12,049 [WARN] ConditionMgr:1039 - genDependencies : Invalid condition id : UX DEVICE CLASS RTOS Condition cause : null
2023-10-13 10:37:12,050 [WARN] ConditionMgr:1039 - genDependencies : Invalid condition id : UX DEVICE CLASS RTOS Condition cause : null
2023-10-13 10:37:12,050 [WARN] ConditionMgr:1039 - genDependencies : Invalid condition id : UX DEVICE CLASS RTOS Condition cause : null
2023-10-13 10:37:12,050 [WARN] ConditionMgr:1039 - genDependencies : Invalid condition id : UX DEVICE CLASS RTOS Condition cause : null
2023-10-13 10:37:12,059 [WARN] PackLoader:240 - Cannot read IP mode file for wolfSSL.I-CUBE-wolfSSL.5.5.4
2023-10-13 10:37:12,070 [WARN] PackLoader:240 - Cannot read IP mode file for STMicroelectronics.X-CUBE-NFC7.1.0.1
2023-10-13 10:37:12,075 [WARN] PackLoader:240 - Cannot read IP mode file for STMicroelectronics.X-CUBE-NFC7.1.0.0
2023-10-13 10:37:12,086 [WARN] PackLoader:240 - Cannot read IP mode file for STMicroelectronics.X-CUBE-NFC6.3.0.0
2023-10-13 10:37:12,098 [WARN] PackLoader:240 - Cannot read IP mode file for STMicroelectronics.X-CUBE-EEPRMA1.4.1.0
2023-10-13 10:37:12,103 [WARN] PackLoader:240 - Cannot read IP mode file for STMicroelectronics.X-CUBE-AI.8.1.0
2023-10-13 10:37:12,124 [WARN] ConditionMgr:438 - getConditionDescription Invalid condition id : LAN8742 Phy interface Condition cause : null
2023-10-13 10:37:12,124 [WARN] PackLoader:240 - Cannot read IP mode file for STMicroelectronics.X-CUBE-AZRTOS-L4.2.0.0
2023-10-13 10:37:12,126 [WARN] ConditionMgr:1039 - genDependencies : Invalid condition id : LAN8742 Phy interface Condition cause : null
2023-10-13 10:37:12,126 [WARN] ConditionMgr:1039 - genDependencies : Invalid condition id : LAN8742 Phy interface Condition cause : null
2023-10-13 10:37:12,127 [WARN] ConditionMgr:1039 - genDependencies : Invalid condition id : LAN8742 Phy interface Condition cause : null
2023-10-13 10:37:12,135 [WARN] PackLoader:240 - Cannot read IP mode file for STMicroelectronics.X-CUBE-SFXS2LP1.4.0.0
2023-10-13 10:37:12,160 [WARN] PackLoader:240 - Cannot read IP mode file for STMicroelectronics.X-CUBE-AZRTOS-H7.3.0.0
2023-10-13 10:37:12,167 [WARN] PackLoader:240 - Cannot read IP mode file for STMicroelectronics.X-CUBE-ISPU.1.1.0
2023-10-13 10:37:12,174 [WARN] PackLoader:240 - Cannot read IP mode file for RoweBots.I-CUBE-UNISONRTOS.5.5.0-4
2023-10-13 10:37:12,179 [WARN] PackLoader:240 - Cannot read IP mode file for STMicroelectronics.X-CUBE-AI.8.0.0
2023-10-13 10:37:12,194 [WARN] ConditionMgr:438 - getConditionDescription Invalid condition id : UX DEVICE CLASS RTOS Condition cause : null
2023-10-13 10:37:12,194 [WARN] ConditionMgr:438 - getConditionDescription Invalid condition id : UX DEVICE CLASS RTOS Condition cause : null
2023-10-13 10:37:12,198 [WARN] PackLoader:240 - Cannot read IP mode file for STMicroelectronics.X-CUBE-AZRTOS-WB.2.0.0
2023-10-13 10:37:12,199 [WARN] ConditionMgr:1039 - genDependencies : Invalid condition id : UX DEVICE CLASS RTOS Condition cause : null
2023-10-13 10:37:12,199 [WARN] ConditionMgr:1039 - genDependencies : Invalid condition id : UX DEVICE CLASS RTOS Condition cause : null
2023-10-13 10:37:12,200 [WARN] ConditionMgr:1039 - genDependencies : Invalid condition id : UX DEVICE CLASS RTOS Condition cause : null
2023-10-13 10:37:12,200 [WARN] ConditionMgr:1039 - genDependencies : Invalid condition id : UX DEVICE CLASS RTOS Condition cause : null
2023-10-13 10:37:12,200 [WARN] ConditionMgr:1039 - genDependencies : Invalid condition id : UX DEVICE CLASS RTOS Condition cause : null
2023-10-13 10:37:12,206 [WARN] PackLoader:240 - Cannot read IP mode file for STMicroelectronics.X-CUBE-FREERTOS.1.0.0
2023-10-13 10:37:12,210 [WARN] PackLoader:240 - Cannot read IP mode file for STMicroelectronics.X-CUBE-FREERTOS.1.0.1
2023-10-13 10:37:12,227 [WARN] PackLoader:240 - Cannot read IP mode file for STMicroelectronics.X-CUBE-AZRTOS-L5.1.1.0
2023-10-13 10:37:12,233 [WARN] PackLoader:240 - Cannot read IP mode file for STMicroelectronics.X-CUBE-AI.8.0.1
2023-10-13 10:37:12,244 [WARN] PackLoader:240 - Cannot read IP mode file for STMicroelectronics.X-CUBE-SUBG2.5.0.0
2023-10-13 10:37:12,261 [WARN] PackLoader:240 - Cannot read IP mode file for STMicroelectronics.X-CUBE-TOF1.3.3.1
2023-10-13 10:37:12,289 [WARN] PackLoader:240 - Cannot read IP mode file for STMicroelectronics.X-CUBE-AZRTOS-G4.2.0.0
2023-10-13 10:37:12,302 [WARN] PackLoader:240 - Cannot read IP mode file for STMicroelectronics.X-CUBE-TOF1.3.3.0
2023-10-13 10:37:12,315 [WARN] PackLoader:240 - Cannot read IP mode file for STMicroelectronics.FP-ATR-ASTRA1.1.1.1
2023-10-13 10:37:12,327 [WARN] PackLoader:240 - Cannot read IP mode file for Infineon.AIROC-Wi-Fi-Bluetooth-STM32.1.5.1
2023-10-13 10:37:12,345 [WARN] PackLoader:240 - Cannot read IP mode file for STMicroelectronics.X-CUBE-AZRTOS-G4.1.0.0
2023-10-13 10:37:12,365 [WARN] PackLoader:240 - Cannot read IP mode file for STMicroelectronics.X-CUBE-AZRTOS-L4.1.0.0
2023-10-13 10:37:12,372 [WARN] PackLoader:240 - Cannot read IP mode file for STMicroelectronics.X-CUBE-FREERTOS.1.1.0
2023-10-13 10:37:12,384 [WARN] PackLoader:240 - Cannot read IP mode file for STMicroelectronics.X-CUBE-AZRTOS-WL.1.0.0
2023-10-13 10:37:12,390 [WARN] PackLoader:240 - Cannot read IP mode file for portGmbH.I-Cube-SoM-uGOAL.1.1.0
2023-10-13 10:37:12,394 [WARN] PackLoader:240 - Cannot read IP mode file for STMicroelectronics.X-CUBE-ALS.1.0.1
2023-10-13 10:37:12,408 [WARN] PackLoader:240 - Cannot read IP mode file for STMicroelectronics.X-CUBE-AZRTOS-WB.1.1.0
2023-10-13 10:37:12,413 [WARN] PackLoader:240 - Cannot read IP mode file for STMicroelectronics.FP-ATR-ASTRA1.2.0.0
2023-10-13 10:37:12,413 [INFO] ThirdParty:978 - Integrity check success = true
2023-10-13 10:37:12,413 [INFO] IntegrityCheckThread:100 - exiting critical section [integrity check]
2023-10-13 10:37:12,414 [INFO] IntegrityCheckThread:103 - End integrity checks thread
2023-10-13 10:37:32,211 [ERROR] LogOutputStream:75 - [STDERR_REDIRECT] SLF4J: Failed to load class "org.slf4j.impl.StaticLoggerBinder".
2023-10-13 10:37:32,212 [ERROR] LogOutputStream:75 - [STDERR_REDIRECT] SLF4J: Defaulting to no-operation (NOP) logger implementation
2023-10-13 10:37:32,212 [ERROR] LogOutputStream:75 - [STDERR_REDIRECT] SLF4J: See http://www.slf4j.org/codes.html#StaticLoggerBinder for further details.
2023-10-13 10:50:53,972 [ERROR] LogOutputStream:75 - [STDERR_REDIRECT] 
